<?xml version="1.0" encoding="UTF-8"?>
<!-- Generated by org.testng.reporters.JUnitReportReporter -->
<testsuite hostname="DL-LP-36" failures="0" tests="237" name="com.spokenly.digitarm.CallReportTest" time="2298.420" errors="20" timestamp="2022-05-23T13:07:17 WAT" skipped="163">
  <testcase classname="com.spokenly.digitarm.CallReportTest" name="GridVerification" time="34.305">
    <error message="no such element: Unable to locate element: {&quot;method&quot;:&quot;xpath&quot;,&quot;selector&quot;:&quot;//li[normalize-space()=&#039;GAZ_TECH&#039;]&quot;}
  (Session info: chrome=101.0.4951.67)
For documentation on this error, please visit: https://selenium.dev/exceptions/#no_such_element
Build info: version: &#039;4.1.2&#039;, revision: &#039;9a5a329c5a&#039;
System info: host: &#039;DL-LP-36&#039;, ip: &#039;192.168.195.17&#039;, os.name: &#039;Windows 10&#039;, os.arch: &#039;amd64&#039;, os.version: &#039;10.0&#039;, java.version: &#039;17.0.2&#039;
Driver info: org.openqa.selenium.chrome.ChromeDriver
Command: [00b7de7e4ad04281a3b78770ada672c7, findElement {using=xpath, value=//li[normalize-space()=&#039;GAZ_TECH&#039;]}]
Capabilities {acceptInsecureCerts: false, browserName: chrome, browserVersion: 101.0.4951.67, chrome: {chromedriverVersion: 101.0.4951.41 (93c720db8323..., userDataDir: C:\Users\BN275D~1.MOH\AppDa...}, goog:chromeOptions: {debuggerAddress: localhost:59144}, javascriptEnabled: true, networkConnectionEnabled: false, pageLoadStrategy: normal, platform: WINDOWS, platformName: WINDOWS, proxy: Proxy(), se:cdp: ws://localhost:59144/devtoo..., se:cdpVersion: 101.0.4951.67, setWindowRect: true, strictFileInteractability: false, timeouts: {implicit: 0, pageLoad: 300000, script: 30000}, unhandledPromptBehavior: dismiss and notify, webauthn:extension:credBlob: true, webauthn:extension:largeBlob: true, webauthn:virtualAuthenticators: true}
Session ID: 00b7de7e4ad04281a3b78770ada672c7" type="org.openqa.selenium.NoSuchElementException">
      <![CDATA[org.openqa.selenium.NoSuchElementException: no such element: Unable to locate element: {"method":"xpath","selector":"//li[normalize-space()='GAZ_TECH']"}
  (Session info: chrome=101.0.4951.67)
For documentation on this error, please visit: https://selenium.dev/exceptions/#no_such_element
Build info: version: '4.1.2', revision: '9a5a329c5a'
System info: host: 'DL-LP-36', ip: '192.168.195.17', os.name: 'Windows 10', os.arch: 'amd64', os.version: '10.0', java.version: '17.0.2'
Driver info: org.openqa.selenium.chrome.ChromeDriver
Command: [00b7de7e4ad04281a3b78770ada672c7, findElement {using=xpath, value=//li[normalize-space()='GAZ_TECH']}]
Capabilities {acceptInsecureCerts: false, browserName: chrome, browserVersion: 101.0.4951.67, chrome: {chromedriverVersion: 101.0.4951.41 (93c720db8323..., userDataDir: C:\Users\BN275D~1.MOH\AppDa...}, goog:chromeOptions: {debuggerAddress: localhost:59144}, javascriptEnabled: true, networkConnectionEnabled: false, pageLoadStrategy: normal, platform: WINDOWS, platformName: WINDOWS, proxy: Proxy(), se:cdp: ws://localhost:59144/devtoo..., se:cdpVersion: 101.0.4951.67, setWindowRect: true, strictFileInteractability: false, timeouts: {implicit: 0, pageLoad: 300000, script: 30000}, unhandledPromptBehavior: dismiss and notify, webauthn:extension:credBlob: true, webauthn:extension:largeBlob: true, webauthn:virtualAuthenticators: true}
Session ID: 00b7de7e4ad04281a3b78770ada672c7
at java.base/jdk.internal.reflect.NativeConstructorAccessorImpl.newInstance0(Native Method)
at java.base/jdk.internal.reflect.NativeConstructorAccessorImpl.newInstance(NativeConstructorAccessorImpl.java:77)
at java.base/jdk.internal.reflect.DelegatingConstructorAccessorImpl.newInstance(DelegatingConstructorAccessorImpl.java:45)
at java.base/java.lang.reflect.Constructor.newInstanceWithCaller(Constructor.java:499)
at java.base/java.lang.reflect.Constructor.newInstance(Constructor.java:480)
at org.openqa.selenium.remote.codec.w3c.W3CHttpResponseCodec.createException(W3CHttpResponseCodec.java:200)
at org.openqa.selenium.remote.codec.w3c.W3CHttpResponseCodec.decode(W3CHttpResponseCodec.java:133)
at org.openqa.selenium.remote.codec.w3c.W3CHttpResponseCodec.decode(W3CHttpResponseCodec.java:53)
at org.openqa.selenium.remote.HttpCommandExecutor.execute(HttpCommandExecutor.java:184)
at org.openqa.selenium.remote.service.DriverCommandExecutor.invokeExecute(DriverCommandExecutor.java:167)
at org.openqa.selenium.remote.service.DriverCommandExecutor.execute(DriverCommandExecutor.java:142)
at org.openqa.selenium.remote.RemoteWebDriver.execute(RemoteWebDriver.java:558)
at org.openqa.selenium.remote.ElementLocation$ElementFinder$2.findElement(ElementLocation.java:162)
at org.openqa.selenium.remote.ElementLocation.findElement(ElementLocation.java:60)
at org.openqa.selenium.remote.RemoteWebDriver.findElement(RemoteWebDriver.java:382)
at org.openqa.selenium.remote.RemoteWebDriver.findElement(RemoteWebDriver.java:374)
at pageObject.CallReportPO.FilterSearchWithActivity(CallReportPO.java:134)
at com.spokenly.digitarm.CallReportTest.GridVerification(CallReportTest.java:91)
at jdk.internal.reflect.GeneratedMethodAccessor5.invoke(Unknown Source)
at java.base/jdk.internal.reflect.DelegatingMethodAccessorImpl.invoke(DelegatingMethodAccessorImpl.java:43)
at java.base/java.lang.reflect.Method.invoke(Method.java:568)
at org.testng.internal.invokers.MethodInvocationHelper.invokeMethod(MethodInvocationHelper.java:135)
at org.testng.internal.invokers.TestInvoker.invokeMethod(TestInvoker.java:673)
at org.testng.internal.invokers.TestInvoker.invokeTestMethod(TestInvoker.java:220)
at org.testng.internal.invokers.MethodRunner.runInSequence(MethodRunner.java:50)
at org.testng.internal.invokers.TestInvoker$MethodInvocationAgent.invoke(TestInvoker.java:945)
at org.testng.internal.invokers.TestInvoker.invokeTestMethods(TestInvoker.java:193)
at org.testng.internal.invokers.TestMethodWorker.invokeTestMethods(TestMethodWorker.java:146)
at org.testng.internal.invokers.TestMethodWorker.run(TestMethodWorker.java:128)
at java.base/java.util.ArrayList.forEach(ArrayList.java:1511)
at org.testng.TestRunner.privateRun(TestRunner.java:808)
at org.testng.TestRunner.run(TestRunner.java:603)
at org.testng.SuiteRunner.runTest(SuiteRunner.java:429)
at org.testng.SuiteRunner.runSequentially(SuiteRunner.java:423)
at org.testng.SuiteRunner.privateRun(SuiteRunner.java:383)
at org.testng.SuiteRunner.run(SuiteRunner.java:326)
at org.testng.SuiteRunnerWorker.runSuite(SuiteRunnerWorker.java:52)
at org.testng.SuiteRunnerWorker.run(SuiteRunnerWorker.java:95)
at org.testng.TestNG.runSuitesSequentially(TestNG.java:1249)
at org.testng.TestNG.runSuitesLocally(TestNG.java:1169)
at org.testng.TestNG.runSuites(TestNG.java:1092)
at org.testng.TestNG.run(TestNG.java:1060)
at org.testng.remote.AbstractRemoteTestNG.run(AbstractRemoteTestNG.java:115)
at org.testng.remote.RemoteTestNG.initAndRun(RemoteTestNG.java:251)
at org.testng.remote.RemoteTestNG.main(RemoteTestNG.java:77)
]]>
    </error>
  </testcase> <!-- GridVerification -->
  <system-out>
    <![CDATA[Test is starting ....
Logged in successfully
Running Filter ....]]>
  </system-out>
  <testcase classname="com.spokenly.digitarm.CallReportTest" name="GridVerification" time="7.493"/>
  <system-out>
    <![CDATA[Test is starting ....
Logged in successfully
Running Filter ....
Element is present ....]]>
  </system-out>
  <testcase classname="com.spokenly.digitarm.CallReportTest" name="GridVerification" time="7.000"/>
  <system-out>
    <![CDATA[Test is starting ....
Logged in successfully
Running Filter ....
Element is present ....]]>
  </system-out>
  <testcase classname="com.spokenly.digitarm.CallReportTest" name="GridVerification" time="5.583">
    <skipped/>
  </testcase> <!-- GridVerification -->
  <system-out>
    <![CDATA[Test is starting ....
Logged in successfully
Running Filter ....
Element is present ....]]>
  </system-out>
  <testcase classname="com.spokenly.digitarm.CallReportTest" name="GridVerification" time="5.353">
    <skipped/>
  </testcase> <!-- GridVerification -->
  <system-out>
    <![CDATA[Test is starting ....
Logged in successfully
Running Filter ....
Element is present ....]]>
  </system-out>
  <testcase classname="com.spokenly.digitarm.CallReportTest" name="GridVerification" time="36.442">
    <error message="no such element: Unable to locate element: {&quot;method&quot;:&quot;xpath&quot;,&quot;selector&quot;:&quot;//li[normalize-space()=&#039;BU_EN_GAZ_PUSH SMS&#039;]&quot;}
  (Session info: chrome=101.0.4951.67)
For documentation on this error, please visit: https://selenium.dev/exceptions/#no_such_element
Build info: version: &#039;4.1.2&#039;, revision: &#039;9a5a329c5a&#039;
System info: host: &#039;DL-LP-36&#039;, ip: &#039;192.168.195.17&#039;, os.name: &#039;Windows 10&#039;, os.arch: &#039;amd64&#039;, os.version: &#039;10.0&#039;, java.version: &#039;17.0.2&#039;
Driver info: org.openqa.selenium.chrome.ChromeDriver
Command: [d0d8c30acb5fd447871e038c62964ff1, findElement {using=xpath, value=//li[normalize-space()=&#039;BU_EN_GAZ_PUSH SMS&#039;]}]
Capabilities {acceptInsecureCerts: false, browserName: chrome, browserVersion: 101.0.4951.67, chrome: {chromedriverVersion: 101.0.4951.41 (93c720db8323..., userDataDir: C:\Users\BN275D~1.MOH\AppDa...}, goog:chromeOptions: {debuggerAddress: localhost:59290}, javascriptEnabled: true, networkConnectionEnabled: false, pageLoadStrategy: normal, platform: WINDOWS, platformName: WINDOWS, proxy: Proxy(), se:cdp: ws://localhost:59290/devtoo..., se:cdpVersion: 101.0.4951.67, setWindowRect: true, strictFileInteractability: false, timeouts: {implicit: 0, pageLoad: 300000, script: 30000}, unhandledPromptBehavior: dismiss and notify, webauthn:extension:credBlob: true, webauthn:extension:largeBlob: true, webauthn:virtualAuthenticators: true}
Session ID: d0d8c30acb5fd447871e038c62964ff1" type="org.openqa.selenium.NoSuchElementException">
      <![CDATA[org.openqa.selenium.NoSuchElementException: no such element: Unable to locate element: {"method":"xpath","selector":"//li[normalize-space()='BU_EN_GAZ_PUSH SMS']"}
  (Session info: chrome=101.0.4951.67)
For documentation on this error, please visit: https://selenium.dev/exceptions/#no_such_element
Build info: version: '4.1.2', revision: '9a5a329c5a'
System info: host: 'DL-LP-36', ip: '192.168.195.17', os.name: 'Windows 10', os.arch: 'amd64', os.version: '10.0', java.version: '17.0.2'
Driver info: org.openqa.selenium.chrome.ChromeDriver
Command: [d0d8c30acb5fd447871e038c62964ff1, findElement {using=xpath, value=//li[normalize-space()='BU_EN_GAZ_PUSH SMS']}]
Capabilities {acceptInsecureCerts: false, browserName: chrome, browserVersion: 101.0.4951.67, chrome: {chromedriverVersion: 101.0.4951.41 (93c720db8323..., userDataDir: C:\Users\BN275D~1.MOH\AppDa...}, goog:chromeOptions: {debuggerAddress: localhost:59290}, javascriptEnabled: true, networkConnectionEnabled: false, pageLoadStrategy: normal, platform: WINDOWS, platformName: WINDOWS, proxy: Proxy(), se:cdp: ws://localhost:59290/devtoo..., se:cdpVersion: 101.0.4951.67, setWindowRect: true, strictFileInteractability: false, timeouts: {implicit: 0, pageLoad: 300000, script: 30000}, unhandledPromptBehavior: dismiss and notify, webauthn:extension:credBlob: true, webauthn:extension:largeBlob: true, webauthn:virtualAuthenticators: true}
Session ID: d0d8c30acb5fd447871e038c62964ff1
at java.base/jdk.internal.reflect.NativeConstructorAccessorImpl.newInstance0(Native Method)
at java.base/jdk.internal.reflect.NativeConstructorAccessorImpl.newInstance(NativeConstructorAccessorImpl.java:77)
at java.base/jdk.internal.reflect.DelegatingConstructorAccessorImpl.newInstance(DelegatingConstructorAccessorImpl.java:45)
at java.base/java.lang.reflect.Constructor.newInstanceWithCaller(Constructor.java:499)
at java.base/java.lang.reflect.Constructor.newInstance(Constructor.java:480)
at org.openqa.selenium.remote.codec.w3c.W3CHttpResponseCodec.createException(W3CHttpResponseCodec.java:200)
at org.openqa.selenium.remote.codec.w3c.W3CHttpResponseCodec.decode(W3CHttpResponseCodec.java:133)
at org.openqa.selenium.remote.codec.w3c.W3CHttpResponseCodec.decode(W3CHttpResponseCodec.java:53)
at org.openqa.selenium.remote.HttpCommandExecutor.execute(HttpCommandExecutor.java:184)
at org.openqa.selenium.remote.service.DriverCommandExecutor.invokeExecute(DriverCommandExecutor.java:167)
at org.openqa.selenium.remote.service.DriverCommandExecutor.execute(DriverCommandExecutor.java:142)
at org.openqa.selenium.remote.RemoteWebDriver.execute(RemoteWebDriver.java:558)
at org.openqa.selenium.remote.ElementLocation$ElementFinder$2.findElement(ElementLocation.java:162)
at org.openqa.selenium.remote.ElementLocation.findElement(ElementLocation.java:60)
at org.openqa.selenium.remote.RemoteWebDriver.findElement(RemoteWebDriver.java:382)
at org.openqa.selenium.remote.RemoteWebDriver.findElement(RemoteWebDriver.java:374)
at pageObject.CallReportPO.FilterSearchWithActivity(CallReportPO.java:134)
at com.spokenly.digitarm.CallReportTest.GridVerification(CallReportTest.java:91)
at jdk.internal.reflect.GeneratedMethodAccessor5.invoke(Unknown Source)
at java.base/jdk.internal.reflect.DelegatingMethodAccessorImpl.invoke(DelegatingMethodAccessorImpl.java:43)
at java.base/java.lang.reflect.Method.invoke(Method.java:568)
at org.testng.internal.invokers.MethodInvocationHelper.invokeMethod(MethodInvocationHelper.java:135)
at org.testng.internal.invokers.TestInvoker.invokeMethod(TestInvoker.java:673)
at org.testng.internal.invokers.TestInvoker.invokeTestMethod(TestInvoker.java:220)
at org.testng.internal.invokers.MethodRunner.runInSequence(MethodRunner.java:50)
at org.testng.internal.invokers.TestInvoker$MethodInvocationAgent.invoke(TestInvoker.java:945)
at org.testng.internal.invokers.TestInvoker.invokeTestMethods(TestInvoker.java:193)
at org.testng.internal.invokers.TestMethodWorker.invokeTestMethods(TestMethodWorker.java:146)
at org.testng.internal.invokers.TestMethodWorker.run(TestMethodWorker.java:128)
at java.base/java.util.ArrayList.forEach(ArrayList.java:1511)
at org.testng.TestRunner.privateRun(TestRunner.java:808)
at org.testng.TestRunner.run(TestRunner.java:603)
at org.testng.SuiteRunner.runTest(SuiteRunner.java:429)
at org.testng.SuiteRunner.runSequentially(SuiteRunner.java:423)
at org.testng.SuiteRunner.privateRun(SuiteRunner.java:383)
at org.testng.SuiteRunner.run(SuiteRunner.java:326)
at org.testng.SuiteRunnerWorker.runSuite(SuiteRunnerWorker.java:52)
at org.testng.SuiteRunnerWorker.run(SuiteRunnerWorker.java:95)
at org.testng.TestNG.runSuitesSequentially(TestNG.java:1249)
at org.testng.TestNG.runSuitesLocally(TestNG.java:1169)
at org.testng.TestNG.runSuites(TestNG.java:1092)
at org.testng.TestNG.run(TestNG.java:1060)
at org.testng.remote.AbstractRemoteTestNG.run(AbstractRemoteTestNG.java:115)
at org.testng.remote.RemoteTestNG.initAndRun(RemoteTestNG.java:251)
at org.testng.remote.RemoteTestNG.main(RemoteTestNG.java:77)
]]>
    </error>
  </testcase> <!-- GridVerification -->
  <system-out>
    <![CDATA[Test is starting ....
Logged in successfully
Running Filter ....]]>
  </system-out>
  <testcase classname="com.spokenly.digitarm.CallReportTest" name="GridVerification" time="8.791">
    <skipped/>
  </testcase> <!-- GridVerification -->
  <system-out>
    <![CDATA[Test is starting ....
Logged in successfully
Running Filter ....
Element is present ....]]>
  </system-out>
  <testcase classname="com.spokenly.digitarm.CallReportTest" name="GridVerification" time="7.043"/>
  <system-out>
    <![CDATA[Test is starting ....
Logged in successfully
Running Filter ....
Element is present ....]]>
  </system-out>
  <testcase classname="com.spokenly.digitarm.CallReportTest" name="GridVerification" time="9.869"/>
  <system-out>
    <![CDATA[Test is starting ....
Logged in successfully
Running Filter ....
Element is present ....]]>
  </system-out>
  <testcase classname="com.spokenly.digitarm.CallReportTest" name="GridVerification" time="9.461"/>
  <system-out>
    <![CDATA[Test is starting ....
Logged in successfully
Running Filter ....
Element is present ....]]>
  </system-out>
  <testcase classname="com.spokenly.digitarm.CallReportTest" name="GridVerification" time="5.764">
    <skipped/>
  </testcase> <!-- GridVerification -->
  <system-out>
    <![CDATA[Test is starting ....
Logged in successfully
Running Filter ....
Element is present ....]]>
  </system-out>
  <testcase classname="com.spokenly.digitarm.CallReportTest" name="GridVerification" time="5.529">
    <skipped/>
  </testcase> <!-- GridVerification -->
  <system-out>
    <![CDATA[Test is starting ....
Logged in successfully
Running Filter ....
Element is present ....]]>
  </system-out>
  <testcase classname="com.spokenly.digitarm.CallReportTest" name="GridVerification" time="7.369">
    <skipped/>
  </testcase> <!-- GridVerification -->
  <system-out>
    <![CDATA[Test is starting ....
Logged in successfully
Running Filter ....
Element is present ....]]>
  </system-out>
  <testcase classname="com.spokenly.digitarm.CallReportTest" name="GridVerification" time="9.282">
    <skipped/>
  </testcase> <!-- GridVerification -->
  <system-out>
    <![CDATA[Test is starting ....
Logged in successfully
Running Filter ....
Element is present ....]]>
  </system-out>
  <testcase classname="com.spokenly.digitarm.CallReportTest" name="GridVerification" time="5.980">
    <skipped/>
  </testcase> <!-- GridVerification -->
  <system-out>
    <![CDATA[Test is starting ....
Logged in successfully
Running Filter ....
Element is present ....]]>
  </system-out>
  <testcase classname="com.spokenly.digitarm.CallReportTest" name="GridVerification" time="35.419">
    <error message="no such element: Unable to locate element: {&quot;method&quot;:&quot;xpath&quot;,&quot;selector&quot;:&quot;//li[normalize-space()=&#039;BU_EN_GAZ_PUSH SMS&#039;]&quot;}
  (Session info: chrome=101.0.4951.67)
For documentation on this error, please visit: https://selenium.dev/exceptions/#no_such_element
Build info: version: &#039;4.1.2&#039;, revision: &#039;9a5a329c5a&#039;
System info: host: &#039;DL-LP-36&#039;, ip: &#039;192.168.195.17&#039;, os.name: &#039;Windows 10&#039;, os.arch: &#039;amd64&#039;, os.version: &#039;10.0&#039;, java.version: &#039;17.0.2&#039;
Driver info: org.openqa.selenium.chrome.ChromeDriver
Command: [59f248c8a1f611b159c761f460295522, findElement {using=xpath, value=//li[normalize-space()=&#039;BU_EN_GAZ_PUSH SMS&#039;]}]
Capabilities {acceptInsecureCerts: false, browserName: chrome, browserVersion: 101.0.4951.67, chrome: {chromedriverVersion: 101.0.4951.41 (93c720db8323..., userDataDir: C:\Users\BN275D~1.MOH\AppDa...}, goog:chromeOptions: {debuggerAddress: localhost:59966}, javascriptEnabled: true, networkConnectionEnabled: false, pageLoadStrategy: normal, platform: WINDOWS, platformName: WINDOWS, proxy: Proxy(), se:cdp: ws://localhost:59966/devtoo..., se:cdpVersion: 101.0.4951.67, setWindowRect: true, strictFileInteractability: false, timeouts: {implicit: 0, pageLoad: 300000, script: 30000}, unhandledPromptBehavior: dismiss and notify, webauthn:extension:credBlob: true, webauthn:extension:largeBlob: true, webauthn:virtualAuthenticators: true}
Session ID: 59f248c8a1f611b159c761f460295522" type="org.openqa.selenium.NoSuchElementException">
      <![CDATA[org.openqa.selenium.NoSuchElementException: no such element: Unable to locate element: {"method":"xpath","selector":"//li[normalize-space()='BU_EN_GAZ_PUSH SMS']"}
  (Session info: chrome=101.0.4951.67)
For documentation on this error, please visit: https://selenium.dev/exceptions/#no_such_element
Build info: version: '4.1.2', revision: '9a5a329c5a'
System info: host: 'DL-LP-36', ip: '192.168.195.17', os.name: 'Windows 10', os.arch: 'amd64', os.version: '10.0', java.version: '17.0.2'
Driver info: org.openqa.selenium.chrome.ChromeDriver
Command: [59f248c8a1f611b159c761f460295522, findElement {using=xpath, value=//li[normalize-space()='BU_EN_GAZ_PUSH SMS']}]
Capabilities {acceptInsecureCerts: false, browserName: chrome, browserVersion: 101.0.4951.67, chrome: {chromedriverVersion: 101.0.4951.41 (93c720db8323..., userDataDir: C:\Users\BN275D~1.MOH\AppDa...}, goog:chromeOptions: {debuggerAddress: localhost:59966}, javascriptEnabled: true, networkConnectionEnabled: false, pageLoadStrategy: normal, platform: WINDOWS, platformName: WINDOWS, proxy: Proxy(), se:cdp: ws://localhost:59966/devtoo..., se:cdpVersion: 101.0.4951.67, setWindowRect: true, strictFileInteractability: false, timeouts: {implicit: 0, pageLoad: 300000, script: 30000}, unhandledPromptBehavior: dismiss and notify, webauthn:extension:credBlob: true, webauthn:extension:largeBlob: true, webauthn:virtualAuthenticators: true}
Session ID: 59f248c8a1f611b159c761f460295522
at java.base/jdk.internal.reflect.NativeConstructorAccessorImpl.newInstance0(Native Method)
at java.base/jdk.internal.reflect.NativeConstructorAccessorImpl.newInstance(NativeConstructorAccessorImpl.java:77)
at java.base/jdk.internal.reflect.DelegatingConstructorAccessorImpl.newInstance(DelegatingConstructorAccessorImpl.java:45)
at java.base/java.lang.reflect.Constructor.newInstanceWithCaller(Constructor.java:499)
at java.base/java.lang.reflect.Constructor.newInstance(Constructor.java:480)
at org.openqa.selenium.remote.codec.w3c.W3CHttpResponseCodec.createException(W3CHttpResponseCodec.java:200)
at org.openqa.selenium.remote.codec.w3c.W3CHttpResponseCodec.decode(W3CHttpResponseCodec.java:133)
at org.openqa.selenium.remote.codec.w3c.W3CHttpResponseCodec.decode(W3CHttpResponseCodec.java:53)
at org.openqa.selenium.remote.HttpCommandExecutor.execute(HttpCommandExecutor.java:184)
at org.openqa.selenium.remote.service.DriverCommandExecutor.invokeExecute(DriverCommandExecutor.java:167)
at org.openqa.selenium.remote.service.DriverCommandExecutor.execute(DriverCommandExecutor.java:142)
at org.openqa.selenium.remote.RemoteWebDriver.execute(RemoteWebDriver.java:558)
at org.openqa.selenium.remote.ElementLocation$ElementFinder$2.findElement(ElementLocation.java:162)
at org.openqa.selenium.remote.ElementLocation.findElement(ElementLocation.java:60)
at org.openqa.selenium.remote.RemoteWebDriver.findElement(RemoteWebDriver.java:382)
at org.openqa.selenium.remote.RemoteWebDriver.findElement(RemoteWebDriver.java:374)
at pageObject.CallReportPO.FilterSearchWithActivity(CallReportPO.java:134)
at com.spokenly.digitarm.CallReportTest.GridVerification(CallReportTest.java:91)
at jdk.internal.reflect.GeneratedMethodAccessor5.invoke(Unknown Source)
at java.base/jdk.internal.reflect.DelegatingMethodAccessorImpl.invoke(DelegatingMethodAccessorImpl.java:43)
at java.base/java.lang.reflect.Method.invoke(Method.java:568)
at org.testng.internal.invokers.MethodInvocationHelper.invokeMethod(MethodInvocationHelper.java:135)
at org.testng.internal.invokers.TestInvoker.invokeMethod(TestInvoker.java:673)
at org.testng.internal.invokers.TestInvoker.invokeTestMethod(TestInvoker.java:220)
at org.testng.internal.invokers.MethodRunner.runInSequence(MethodRunner.java:50)
at org.testng.internal.invokers.TestInvoker$MethodInvocationAgent.invoke(TestInvoker.java:945)
at org.testng.internal.invokers.TestInvoker.invokeTestMethods(TestInvoker.java:193)
at org.testng.internal.invokers.TestMethodWorker.invokeTestMethods(TestMethodWorker.java:146)
at org.testng.internal.invokers.TestMethodWorker.run(TestMethodWorker.java:128)
at java.base/java.util.ArrayList.forEach(ArrayList.java:1511)
at org.testng.TestRunner.privateRun(TestRunner.java:808)
at org.testng.TestRunner.run(TestRunner.java:603)
at org.testng.SuiteRunner.runTest(SuiteRunner.java:429)
at org.testng.SuiteRunner.runSequentially(SuiteRunner.java:423)
at org.testng.SuiteRunner.privateRun(SuiteRunner.java:383)
at org.testng.SuiteRunner.run(SuiteRunner.java:326)
at org.testng.SuiteRunnerWorker.runSuite(SuiteRunnerWorker.java:52)
at org.testng.SuiteRunnerWorker.run(SuiteRunnerWorker.java:95)
at org.testng.TestNG.runSuitesSequentially(TestNG.java:1249)
at org.testng.TestNG.runSuitesLocally(TestNG.java:1169)
at org.testng.TestNG.runSuites(TestNG.java:1092)
at org.testng.TestNG.run(TestNG.java:1060)
at org.testng.remote.AbstractRemoteTestNG.run(AbstractRemoteTestNG.java:115)
at org.testng.remote.RemoteTestNG.initAndRun(RemoteTestNG.java:251)
at org.testng.remote.RemoteTestNG.main(RemoteTestNG.java:77)
]]>
    </error>
  </testcase> <!-- GridVerification -->
  <system-out>
    <![CDATA[Test is starting ....
Logged in successfully
Running Filter ....]]>
  </system-out>
  <testcase classname="com.spokenly.digitarm.CallReportTest" name="GridVerification" time="6.104">
    <skipped/>
  </testcase> <!-- GridVerification -->
  <system-out>
    <![CDATA[Test is starting ....
Logged in successfully
Running Filter ....
Element is present ....]]>
  </system-out>
  <testcase classname="com.spokenly.digitarm.CallReportTest" name="GridVerification" time="11.159"/>
  <system-out>
    <![CDATA[Test is starting ....
Logged in successfully
Running Filter ....
Element is present ....]]>
  </system-out>
  <testcase classname="com.spokenly.digitarm.CallReportTest" name="GridVerification" time="5.831">
    <skipped/>
  </testcase> <!-- GridVerification -->
  <system-out>
    <![CDATA[Test is starting ....
Logged in successfully
Running Filter ....
Element is present ....]]>
  </system-out>
  <testcase classname="com.spokenly.digitarm.CallReportTest" name="GridVerification" time="6.125">
    <skipped/>
  </testcase> <!-- GridVerification -->
  <system-out>
    <![CDATA[Test is starting ....
Logged in successfully
Running Filter ....
Element is present ....]]>
  </system-out>
  <testcase classname="com.spokenly.digitarm.CallReportTest" name="GridVerification" time="34.584">
    <error message="no such element: Unable to locate element: {&quot;method&quot;:&quot;xpath&quot;,&quot;selector&quot;:&quot;//li[normalize-space()=&#039;BU_EN_GAZ_GAZPAR_MARSEILLE&#039;]&quot;}
  (Session info: chrome=101.0.4951.67)
For documentation on this error, please visit: https://selenium.dev/exceptions/#no_such_element
Build info: version: &#039;4.1.2&#039;, revision: &#039;9a5a329c5a&#039;
System info: host: &#039;DL-LP-36&#039;, ip: &#039;192.168.195.17&#039;, os.name: &#039;Windows 10&#039;, os.arch: &#039;amd64&#039;, os.version: &#039;10.0&#039;, java.version: &#039;17.0.2&#039;
Driver info: org.openqa.selenium.chrome.ChromeDriver
Command: [3e9ed71eb02b9ea26444f198451706bc, findElement {using=xpath, value=//li[normalize-space()=&#039;BU_EN_GAZ_GAZPAR_MARSEILLE&#039;]}]
Capabilities {acceptInsecureCerts: false, browserName: chrome, browserVersion: 101.0.4951.67, chrome: {chromedriverVersion: 101.0.4951.41 (93c720db8323..., userDataDir: C:\Users\BN275D~1.MOH\AppDa...}, goog:chromeOptions: {debuggerAddress: localhost:58779}, javascriptEnabled: true, networkConnectionEnabled: false, pageLoadStrategy: normal, platform: WINDOWS, platformName: WINDOWS, proxy: Proxy(), se:cdp: ws://localhost:58779/devtoo..., se:cdpVersion: 101.0.4951.67, setWindowRect: true, strictFileInteractability: false, timeouts: {implicit: 0, pageLoad: 300000, script: 30000}, unhandledPromptBehavior: dismiss and notify, webauthn:extension:credBlob: true, webauthn:extension:largeBlob: true, webauthn:virtualAuthenticators: true}
Session ID: 3e9ed71eb02b9ea26444f198451706bc" type="org.openqa.selenium.NoSuchElementException">
      <![CDATA[org.openqa.selenium.NoSuchElementException: no such element: Unable to locate element: {"method":"xpath","selector":"//li[normalize-space()='BU_EN_GAZ_GAZPAR_MARSEILLE']"}
  (Session info: chrome=101.0.4951.67)
For documentation on this error, please visit: https://selenium.dev/exceptions/#no_such_element
Build info: version: '4.1.2', revision: '9a5a329c5a'
System info: host: 'DL-LP-36', ip: '192.168.195.17', os.name: 'Windows 10', os.arch: 'amd64', os.version: '10.0', java.version: '17.0.2'
Driver info: org.openqa.selenium.chrome.ChromeDriver
Command: [3e9ed71eb02b9ea26444f198451706bc, findElement {using=xpath, value=//li[normalize-space()='BU_EN_GAZ_GAZPAR_MARSEILLE']}]
Capabilities {acceptInsecureCerts: false, browserName: chrome, browserVersion: 101.0.4951.67, chrome: {chromedriverVersion: 101.0.4951.41 (93c720db8323..., userDataDir: C:\Users\BN275D~1.MOH\AppDa...}, goog:chromeOptions: {debuggerAddress: localhost:58779}, javascriptEnabled: true, networkConnectionEnabled: false, pageLoadStrategy: normal, platform: WINDOWS, platformName: WINDOWS, proxy: Proxy(), se:cdp: ws://localhost:58779/devtoo..., se:cdpVersion: 101.0.4951.67, setWindowRect: true, strictFileInteractability: false, timeouts: {implicit: 0, pageLoad: 300000, script: 30000}, unhandledPromptBehavior: dismiss and notify, webauthn:extension:credBlob: true, webauthn:extension:largeBlob: true, webauthn:virtualAuthenticators: true}
Session ID: 3e9ed71eb02b9ea26444f198451706bc
at java.base/jdk.internal.reflect.NativeConstructorAccessorImpl.newInstance0(Native Method)
at java.base/jdk.internal.reflect.NativeConstructorAccessorImpl.newInstance(NativeConstructorAccessorImpl.java:77)
at java.base/jdk.internal.reflect.DelegatingConstructorAccessorImpl.newInstance(DelegatingConstructorAccessorImpl.java:45)
at java.base/java.lang.reflect.Constructor.newInstanceWithCaller(Constructor.java:499)
at java.base/java.lang.reflect.Constructor.newInstance(Constructor.java:480)
at org.openqa.selenium.remote.codec.w3c.W3CHttpResponseCodec.createException(W3CHttpResponseCodec.java:200)
at org.openqa.selenium.remote.codec.w3c.W3CHttpResponseCodec.decode(W3CHttpResponseCodec.java:133)
at org.openqa.selenium.remote.codec.w3c.W3CHttpResponseCodec.decode(W3CHttpResponseCodec.java:53)
at org.openqa.selenium.remote.HttpCommandExecutor.execute(HttpCommandExecutor.java:184)
at org.openqa.selenium.remote.service.DriverCommandExecutor.invokeExecute(DriverCommandExecutor.java:167)
at org.openqa.selenium.remote.service.DriverCommandExecutor.execute(DriverCommandExecutor.java:142)
at org.openqa.selenium.remote.RemoteWebDriver.execute(RemoteWebDriver.java:558)
at org.openqa.selenium.remote.ElementLocation$ElementFinder$2.findElement(ElementLocation.java:162)
at org.openqa.selenium.remote.ElementLocation.findElement(ElementLocation.java:60)
at org.openqa.selenium.remote.RemoteWebDriver.findElement(RemoteWebDriver.java:382)
at org.openqa.selenium.remote.RemoteWebDriver.findElement(RemoteWebDriver.java:374)
at pageObject.CallReportPO.FilterSearchWithActivity(CallReportPO.java:134)
at com.spokenly.digitarm.CallReportTest.GridVerification(CallReportTest.java:91)
at jdk.internal.reflect.GeneratedMethodAccessor5.invoke(Unknown Source)
at java.base/jdk.internal.reflect.DelegatingMethodAccessorImpl.invoke(DelegatingMethodAccessorImpl.java:43)
at java.base/java.lang.reflect.Method.invoke(Method.java:568)
at org.testng.internal.invokers.MethodInvocationHelper.invokeMethod(MethodInvocationHelper.java:135)
at org.testng.internal.invokers.TestInvoker.invokeMethod(TestInvoker.java:673)
at org.testng.internal.invokers.TestInvoker.invokeTestMethod(TestInvoker.java:220)
at org.testng.internal.invokers.MethodRunner.runInSequence(MethodRunner.java:50)
at org.testng.internal.invokers.TestInvoker$MethodInvocationAgent.invoke(TestInvoker.java:945)
at org.testng.internal.invokers.TestInvoker.invokeTestMethods(TestInvoker.java:193)
at org.testng.internal.invokers.TestMethodWorker.invokeTestMethods(TestMethodWorker.java:146)
at org.testng.internal.invokers.TestMethodWorker.run(TestMethodWorker.java:128)
at java.base/java.util.ArrayList.forEach(ArrayList.java:1511)
at org.testng.TestRunner.privateRun(TestRunner.java:808)
at org.testng.TestRunner.run(TestRunner.java:603)
at org.testng.SuiteRunner.runTest(SuiteRunner.java:429)
at org.testng.SuiteRunner.runSequentially(SuiteRunner.java:423)
at org.testng.SuiteRunner.privateRun(SuiteRunner.java:383)
at org.testng.SuiteRunner.run(SuiteRunner.java:326)
at org.testng.SuiteRunnerWorker.runSuite(SuiteRunnerWorker.java:52)
at org.testng.SuiteRunnerWorker.run(SuiteRunnerWorker.java:95)
at org.testng.TestNG.runSuitesSequentially(TestNG.java:1249)
at org.testng.TestNG.runSuitesLocally(TestNG.java:1169)
at org.testng.TestNG.runSuites(TestNG.java:1092)
at org.testng.TestNG.run(TestNG.java:1060)
at org.testng.remote.AbstractRemoteTestNG.run(AbstractRemoteTestNG.java:115)
at org.testng.remote.RemoteTestNG.initAndRun(RemoteTestNG.java:251)
at org.testng.remote.RemoteTestNG.main(RemoteTestNG.java:77)
]]>
    </error>
  </testcase> <!-- GridVerification -->
  <system-out>
    <![CDATA[Test is starting ....
Logged in successfully
Running Filter ....]]>
  </system-out>
  <testcase classname="com.spokenly.digitarm.CallReportTest" name="GridVerification" time="5.686">
    <skipped/>
  </testcase> <!-- GridVerification -->
  <system-out>
    <![CDATA[Test is starting ....
Logged in successfully
Running Filter ....
Element is present ....]]>
  </system-out>
  <testcase classname="com.spokenly.digitarm.CallReportTest" name="GridVerification" time="5.753">
    <skipped/>
  </testcase> <!-- GridVerification -->
  <system-out>
    <![CDATA[Test is starting ....
Logged in successfully
Running Filter ....
Element is present ....]]>
  </system-out>
  <testcase classname="com.spokenly.digitarm.CallReportTest" name="GridVerification" time="5.651">
    <skipped/>
  </testcase> <!-- GridVerification -->
  <system-out>
    <![CDATA[Test is starting ....
Logged in successfully
Running Filter ....
Element is present ....]]>
  </system-out>
  <testcase classname="com.spokenly.digitarm.CallReportTest" name="GridVerification" time="5.626">
    <skipped/>
  </testcase> <!-- GridVerification -->
  <system-out>
    <![CDATA[Test is starting ....
Logged in successfully
Running Filter ....
Element is present ....]]>
  </system-out>
  <testcase classname="com.spokenly.digitarm.CallReportTest" name="GridVerification" time="5.857">
    <skipped/>
  </testcase> <!-- GridVerification -->
  <system-out>
    <![CDATA[Test is starting ....
Logged in successfully
Running Filter ....
Element is present ....]]>
  </system-out>
  <testcase classname="com.spokenly.digitarm.CallReportTest" name="GridVerification" time="8.612"/>
  <system-out>
    <![CDATA[Test is starting ....
Logged in successfully
Running Filter ....
Element is present ....]]>
  </system-out>
  <testcase classname="com.spokenly.digitarm.CallReportTest" name="GridVerification" time="5.677">
    <skipped/>
  </testcase> <!-- GridVerification -->
  <system-out>
    <![CDATA[Test is starting ....
Logged in successfully
Running Filter ....
Element is present ....]]>
  </system-out>
  <testcase classname="com.spokenly.digitarm.CallReportTest" name="GridVerification" time="5.805">
    <skipped/>
  </testcase> <!-- GridVerification -->
  <system-out>
    <![CDATA[Test is starting ....
Logged in successfully
Running Filter ....
Element is present ....]]>
  </system-out>
  <testcase classname="com.spokenly.digitarm.CallReportTest" name="GridVerification" time="10.750"/>
  <system-out>
    <![CDATA[Test is starting ....
Logged in successfully
Running Filter ....
Element is present ....]]>
  </system-out>
  <testcase classname="com.spokenly.digitarm.CallReportTest" name="GridVerification" time="5.880">
    <skipped/>
  </testcase> <!-- GridVerification -->
  <system-out>
    <![CDATA[Test is starting ....
Logged in successfully
Running Filter ....
Element is present ....]]>
  </system-out>
  <testcase classname="com.spokenly.digitarm.CallReportTest" name="GridVerification" time="6.057">
    <skipped/>
  </testcase> <!-- GridVerification -->
  <system-out>
    <![CDATA[Test is starting ....
Logged in successfully
Running Filter ....
Element is present ....]]>
  </system-out>
  <testcase classname="com.spokenly.digitarm.CallReportTest" name="GridVerification" time="6.307">
    <skipped/>
  </testcase> <!-- GridVerification -->
  <system-out>
    <![CDATA[Test is starting ....
Logged in successfully
Running Filter ....
Element is present ....]]>
  </system-out>
  <testcase classname="com.spokenly.digitarm.CallReportTest" name="GridVerification" time="6.843">
    <skipped/>
  </testcase> <!-- GridVerification -->
  <system-out>
    <![CDATA[Test is starting ....
Logged in successfully
Running Filter ....
Element is present ....]]>
  </system-out>
  <testcase classname="com.spokenly.digitarm.CallReportTest" name="GridVerification" time="6.479">
    <skipped/>
  </testcase> <!-- GridVerification -->
  <system-out>
    <![CDATA[Test is starting ....
Logged in successfully
Running Filter ....
Element is present ....]]>
  </system-out>
  <testcase classname="com.spokenly.digitarm.CallReportTest" name="GridVerification" time="9.656">
    <skipped/>
  </testcase> <!-- GridVerification -->
  <system-out>
    <![CDATA[Test is starting ....
Logged in successfully
Running Filter ....
Element is present ....]]>
  </system-out>
  <testcase classname="com.spokenly.digitarm.CallReportTest" name="GridVerification" time="6.277">
    <skipped/>
  </testcase> <!-- GridVerification -->
  <system-out>
    <![CDATA[Test is starting ....
Logged in successfully
Running Filter ....
Element is present ....]]>
  </system-out>
  <testcase classname="com.spokenly.digitarm.CallReportTest" name="GridVerification" time="6.060">
    <skipped/>
  </testcase> <!-- GridVerification -->
  <system-out>
    <![CDATA[Test is starting ....
Logged in successfully
Running Filter ....
Element is present ....]]>
  </system-out>
  <testcase classname="com.spokenly.digitarm.CallReportTest" name="GridVerification" time="8.513">
    <skipped/>
  </testcase> <!-- GridVerification -->
  <system-out>
    <![CDATA[Test is starting ....
Logged in successfully
Running Filter ....
Element is present ....]]>
  </system-out>
  <testcase classname="com.spokenly.digitarm.CallReportTest" name="GridVerification" time="6.364">
    <skipped/>
  </testcase> <!-- GridVerification -->
  <system-out>
    <![CDATA[Test is starting ....
Logged in successfully
Running Filter ....
Element is present ....]]>
  </system-out>
  <testcase classname="com.spokenly.digitarm.CallReportTest" name="GridVerification" time="9.772">
    <skipped/>
  </testcase> <!-- GridVerification -->
  <system-out>
    <![CDATA[Test is starting ....
Logged in successfully
Running Filter ....
Element is present ....]]>
  </system-out>
  <testcase classname="com.spokenly.digitarm.CallReportTest" name="GridVerification" time="7.937"/>
  <system-out>
    <![CDATA[Test is starting ....
Logged in successfully
Running Filter ....
Element is present ....]]>
  </system-out>
  <testcase classname="com.spokenly.digitarm.CallReportTest" name="GridVerification" time="5.975">
    <skipped/>
  </testcase> <!-- GridVerification -->
  <system-out>
    <![CDATA[Test is starting ....
Logged in successfully
Running Filter ....
Element is present ....]]>
  </system-out>
  <testcase classname="com.spokenly.digitarm.CallReportTest" name="GridVerification" time="7.445">
    <skipped/>
  </testcase> <!-- GridVerification -->
  <system-out>
    <![CDATA[Test is starting ....
Logged in successfully
Running Filter ....
Element is present ....]]>
  </system-out>
  <testcase classname="com.spokenly.digitarm.CallReportTest" name="GridVerification" time="7.841"/>
  <system-out>
    <![CDATA[Test is starting ....
Logged in successfully
Running Filter ....
Element is present ....]]>
  </system-out>
  <testcase classname="com.spokenly.digitarm.CallReportTest" name="GridVerification" time="5.581">
    <skipped/>
  </testcase> <!-- GridVerification -->
  <system-out>
    <![CDATA[Test is starting ....
Logged in successfully
Running Filter ....
Element is present ....]]>
  </system-out>
  <testcase classname="com.spokenly.digitarm.CallReportTest" name="GridVerification" time="9.549">
    <skipped/>
  </testcase> <!-- GridVerification -->
  <system-out>
    <![CDATA[Test is starting ....
Logged in successfully
Running Filter ....
Element is present ....]]>
  </system-out>
  <testcase classname="com.spokenly.digitarm.CallReportTest" name="GridVerification" time="5.571">
    <skipped/>
  </testcase> <!-- GridVerification -->
  <system-out>
    <![CDATA[Test is starting ....
Logged in successfully
Running Filter ....
Element is present ....]]>
  </system-out>
  <testcase classname="com.spokenly.digitarm.CallReportTest" name="GridVerification" time="8.922"/>
  <system-out>
    <![CDATA[Test is starting ....
Logged in successfully
Running Filter ....
Element is present ....]]>
  </system-out>
  <testcase classname="com.spokenly.digitarm.CallReportTest" name="GridVerification" time="5.358">
    <skipped/>
  </testcase> <!-- GridVerification -->
  <system-out>
    <![CDATA[Test is starting ....
Logged in successfully
Running Filter ....
Element is present ....]]>
  </system-out>
  <testcase classname="com.spokenly.digitarm.CallReportTest" name="GridVerification" time="6.132">
    <skipped/>
  </testcase> <!-- GridVerification -->
  <system-out>
    <![CDATA[Test is starting ....
Logged in successfully
Running Filter ....
Element is present ....]]>
  </system-out>
  <testcase classname="com.spokenly.digitarm.CallReportTest" name="GridVerification" time="5.728">
    <skipped/>
  </testcase> <!-- GridVerification -->
  <system-out>
    <![CDATA[Test is starting ....
Logged in successfully
Running Filter ....
Element is present ....]]>
  </system-out>
  <testcase classname="com.spokenly.digitarm.CallReportTest" name="GridVerification" time="35.014">
    <error message="no such element: Unable to locate element: {&quot;method&quot;:&quot;xpath&quot;,&quot;selector&quot;:&quot;//li[normalize-space()=&#039;BU_EN_GAZ_COURRIERS_INTENSIFS&#039;]&quot;}
  (Session info: chrome=101.0.4951.67)
For documentation on this error, please visit: https://selenium.dev/exceptions/#no_such_element
Build info: version: &#039;4.1.2&#039;, revision: &#039;9a5a329c5a&#039;
System info: host: &#039;DL-LP-36&#039;, ip: &#039;192.168.195.17&#039;, os.name: &#039;Windows 10&#039;, os.arch: &#039;amd64&#039;, os.version: &#039;10.0&#039;, java.version: &#039;17.0.2&#039;
Driver info: org.openqa.selenium.chrome.ChromeDriver
Command: [8ee2500226177ec92a7e93f6123df8ff, findElement {using=xpath, value=//li[normalize-space()=&#039;BU_EN_GAZ_COURRIERS_INTENSIFS&#039;]}]
Capabilities {acceptInsecureCerts: false, browserName: chrome, browserVersion: 101.0.4951.67, chrome: {chromedriverVersion: 101.0.4951.41 (93c720db8323..., userDataDir: C:\Users\BN275D~1.MOH\AppDa...}, goog:chromeOptions: {debuggerAddress: localhost:60043}, javascriptEnabled: true, networkConnectionEnabled: false, pageLoadStrategy: normal, platform: WINDOWS, platformName: WINDOWS, proxy: Proxy(), se:cdp: ws://localhost:60043/devtoo..., se:cdpVersion: 101.0.4951.67, setWindowRect: true, strictFileInteractability: false, timeouts: {implicit: 0, pageLoad: 300000, script: 30000}, unhandledPromptBehavior: dismiss and notify, webauthn:extension:credBlob: true, webauthn:extension:largeBlob: true, webauthn:virtualAuthenticators: true}
Session ID: 8ee2500226177ec92a7e93f6123df8ff" type="org.openqa.selenium.NoSuchElementException">
      <![CDATA[org.openqa.selenium.NoSuchElementException: no such element: Unable to locate element: {"method":"xpath","selector":"//li[normalize-space()='BU_EN_GAZ_COURRIERS_INTENSIFS']"}
  (Session info: chrome=101.0.4951.67)
For documentation on this error, please visit: https://selenium.dev/exceptions/#no_such_element
Build info: version: '4.1.2', revision: '9a5a329c5a'
System info: host: 'DL-LP-36', ip: '192.168.195.17', os.name: 'Windows 10', os.arch: 'amd64', os.version: '10.0', java.version: '17.0.2'
Driver info: org.openqa.selenium.chrome.ChromeDriver
Command: [8ee2500226177ec92a7e93f6123df8ff, findElement {using=xpath, value=//li[normalize-space()='BU_EN_GAZ_COURRIERS_INTENSIFS']}]
Capabilities {acceptInsecureCerts: false, browserName: chrome, browserVersion: 101.0.4951.67, chrome: {chromedriverVersion: 101.0.4951.41 (93c720db8323..., userDataDir: C:\Users\BN275D~1.MOH\AppDa...}, goog:chromeOptions: {debuggerAddress: localhost:60043}, javascriptEnabled: true, networkConnectionEnabled: false, pageLoadStrategy: normal, platform: WINDOWS, platformName: WINDOWS, proxy: Proxy(), se:cdp: ws://localhost:60043/devtoo..., se:cdpVersion: 101.0.4951.67, setWindowRect: true, strictFileInteractability: false, timeouts: {implicit: 0, pageLoad: 300000, script: 30000}, unhandledPromptBehavior: dismiss and notify, webauthn:extension:credBlob: true, webauthn:extension:largeBlob: true, webauthn:virtualAuthenticators: true}
Session ID: 8ee2500226177ec92a7e93f6123df8ff
at java.base/jdk.internal.reflect.NativeConstructorAccessorImpl.newInstance0(Native Method)
at java.base/jdk.internal.reflect.NativeConstructorAccessorImpl.newInstance(NativeConstructorAccessorImpl.java:77)
at java.base/jdk.internal.reflect.DelegatingConstructorAccessorImpl.newInstance(DelegatingConstructorAccessorImpl.java:45)
at java.base/java.lang.reflect.Constructor.newInstanceWithCaller(Constructor.java:499)
at java.base/java.lang.reflect.Constructor.newInstance(Constructor.java:480)
at org.openqa.selenium.remote.codec.w3c.W3CHttpResponseCodec.createException(W3CHttpResponseCodec.java:200)
at org.openqa.selenium.remote.codec.w3c.W3CHttpResponseCodec.decode(W3CHttpResponseCodec.java:133)
at org.openqa.selenium.remote.codec.w3c.W3CHttpResponseCodec.decode(W3CHttpResponseCodec.java:53)
at org.openqa.selenium.remote.HttpCommandExecutor.execute(HttpCommandExecutor.java:184)
at org.openqa.selenium.remote.service.DriverCommandExecutor.invokeExecute(DriverCommandExecutor.java:167)
at org.openqa.selenium.remote.service.DriverCommandExecutor.execute(DriverCommandExecutor.java:142)
at org.openqa.selenium.remote.RemoteWebDriver.execute(RemoteWebDriver.java:558)
at org.openqa.selenium.remote.ElementLocation$ElementFinder$2.findElement(ElementLocation.java:162)
at org.openqa.selenium.remote.ElementLocation.findElement(ElementLocation.java:60)
at org.openqa.selenium.remote.RemoteWebDriver.findElement(RemoteWebDriver.java:382)
at org.openqa.selenium.remote.RemoteWebDriver.findElement(RemoteWebDriver.java:374)
at pageObject.CallReportPO.FilterSearchWithActivity(CallReportPO.java:134)
at com.spokenly.digitarm.CallReportTest.GridVerification(CallReportTest.java:91)
at jdk.internal.reflect.GeneratedMethodAccessor5.invoke(Unknown Source)
at java.base/jdk.internal.reflect.DelegatingMethodAccessorImpl.invoke(DelegatingMethodAccessorImpl.java:43)
at java.base/java.lang.reflect.Method.invoke(Method.java:568)
at org.testng.internal.invokers.MethodInvocationHelper.invokeMethod(MethodInvocationHelper.java:135)
at org.testng.internal.invokers.TestInvoker.invokeMethod(TestInvoker.java:673)
at org.testng.internal.invokers.TestInvoker.invokeTestMethod(TestInvoker.java:220)
at org.testng.internal.invokers.MethodRunner.runInSequence(MethodRunner.java:50)
at org.testng.internal.invokers.TestInvoker$MethodInvocationAgent.invoke(TestInvoker.java:945)
at org.testng.internal.invokers.TestInvoker.invokeTestMethods(TestInvoker.java:193)
at org.testng.internal.invokers.TestMethodWorker.invokeTestMethods(TestMethodWorker.java:146)
at org.testng.internal.invokers.TestMethodWorker.run(TestMethodWorker.java:128)
at java.base/java.util.ArrayList.forEach(ArrayList.java:1511)
at org.testng.TestRunner.privateRun(TestRunner.java:808)
at org.testng.TestRunner.run(TestRunner.java:603)
at org.testng.SuiteRunner.runTest(SuiteRunner.java:429)
at org.testng.SuiteRunner.runSequentially(SuiteRunner.java:423)
at org.testng.SuiteRunner.privateRun(SuiteRunner.java:383)
at org.testng.SuiteRunner.run(SuiteRunner.java:326)
at org.testng.SuiteRunnerWorker.runSuite(SuiteRunnerWorker.java:52)
at org.testng.SuiteRunnerWorker.run(SuiteRunnerWorker.java:95)
at org.testng.TestNG.runSuitesSequentially(TestNG.java:1249)
at org.testng.TestNG.runSuitesLocally(TestNG.java:1169)
at org.testng.TestNG.runSuites(TestNG.java:1092)
at org.testng.TestNG.run(TestNG.java:1060)
at org.testng.remote.AbstractRemoteTestNG.run(AbstractRemoteTestNG.java:115)
at org.testng.remote.RemoteTestNG.initAndRun(RemoteTestNG.java:251)
at org.testng.remote.RemoteTestNG.main(RemoteTestNG.java:77)
]]>
    </error>
  </testcase> <!-- GridVerification -->
  <system-out>
    <![CDATA[Test is starting ....
Logged in successfully
Running Filter ....]]>
  </system-out>
  <testcase classname="com.spokenly.digitarm.CallReportTest" name="GridVerification" time="5.841">
    <skipped/>
  </testcase> <!-- GridVerification -->
  <system-out>
    <![CDATA[Test is starting ....
Logged in successfully
Running Filter ....
Element is present ....]]>
  </system-out>
  <testcase classname="com.spokenly.digitarm.CallReportTest" name="GridVerification" time="9.727">
    <skipped/>
  </testcase> <!-- GridVerification -->
  <system-out>
    <![CDATA[Test is starting ....
Logged in successfully
Running Filter ....
Element is present ....]]>
  </system-out>
  <testcase classname="com.spokenly.digitarm.CallReportTest" name="GridVerification" time="7.292"/>
  <system-out>
    <![CDATA[Test is starting ....
Logged in successfully
Running Filter ....
Element is present ....]]>
  </system-out>
  <testcase classname="com.spokenly.digitarm.CallReportTest" name="GridVerification" time="6.237">
    <skipped/>
  </testcase> <!-- GridVerification -->
  <system-out>
    <![CDATA[Test is starting ....
Logged in successfully
Running Filter ....
Element is present ....]]>
  </system-out>
  <testcase classname="com.spokenly.digitarm.CallReportTest" name="GridVerification" time="7.216"/>
  <system-out>
    <![CDATA[Test is starting ....
Logged in successfully
Running Filter ....
Element is present ....]]>
  </system-out>
  <testcase classname="com.spokenly.digitarm.CallReportTest" name="GridVerification" time="7.064"/>
  <system-out>
    <![CDATA[Test is starting ....
Logged in successfully
Running Filter ....
Element is present ....]]>
  </system-out>
  <testcase classname="com.spokenly.digitarm.CallReportTest" name="GridVerification" time="7.236"/>
  <system-out>
    <![CDATA[Test is starting ....
Logged in successfully
Running Filter ....
Element is present ....]]>
  </system-out>
  <testcase classname="com.spokenly.digitarm.CallReportTest" name="GridVerification" time="11.444">
    <skipped/>
  </testcase> <!-- GridVerification -->
  <system-out>
    <![CDATA[Test is starting ....
Logged in successfully
Running Filter ....
Element is present ....]]>
  </system-out>
  <testcase classname="com.spokenly.digitarm.CallReportTest" name="GridVerification" time="5.781">
    <skipped/>
  </testcase> <!-- GridVerification -->
  <system-out>
    <![CDATA[Test is starting ....
Logged in successfully
Running Filter ....
Element is present ....]]>
  </system-out>
  <testcase classname="com.spokenly.digitarm.CallReportTest" name="GridVerification" time="5.661">
    <skipped/>
  </testcase> <!-- GridVerification -->
  <system-out>
    <![CDATA[Test is starting ....
Logged in successfully
Running Filter ....
Element is present ....]]>
  </system-out>
  <testcase classname="com.spokenly.digitarm.CallReportTest" name="GridVerification" time="7.003">
    <skipped/>
  </testcase> <!-- GridVerification -->
  <system-out>
    <![CDATA[Test is starting ....
Logged in successfully
Running Filter ....
Element is present ....]]>
  </system-out>
  <testcase classname="com.spokenly.digitarm.CallReportTest" name="GridVerification" time="5.812">
    <skipped/>
  </testcase> <!-- GridVerification -->
  <system-out>
    <![CDATA[Test is starting ....
Logged in successfully
Running Filter ....
Element is present ....]]>
  </system-out>
  <testcase classname="com.spokenly.digitarm.CallReportTest" name="GridVerification" time="6.002">
    <skipped/>
  </testcase> <!-- GridVerification -->
  <system-out>
    <![CDATA[Test is starting ....
Logged in successfully
Running Filter ....
Element is present ....]]>
  </system-out>
  <testcase classname="com.spokenly.digitarm.CallReportTest" name="GridVerification" time="5.871">
    <skipped/>
  </testcase> <!-- GridVerification -->
  <system-out>
    <![CDATA[Test is starting ....
Logged in successfully
Running Filter ....
Element is present ....]]>
  </system-out>
  <testcase classname="com.spokenly.digitarm.CallReportTest" name="GridVerification" time="5.802">
    <skipped/>
  </testcase> <!-- GridVerification -->
  <system-out>
    <![CDATA[Test is starting ....
Logged in successfully
Running Filter ....
Element is present ....]]>
  </system-out>
  <testcase classname="com.spokenly.digitarm.CallReportTest" name="GridVerification" time="34.605">
    <error message="no such element: Unable to locate element: {&quot;method&quot;:&quot;xpath&quot;,&quot;selector&quot;:&quot;//li[normalize-space()=&#039;BU_EN_GAZ_GAZPAR_AQUITAINE &#039;]&quot;}
  (Session info: chrome=101.0.4951.67)
For documentation on this error, please visit: https://selenium.dev/exceptions/#no_such_element
Build info: version: &#039;4.1.2&#039;, revision: &#039;9a5a329c5a&#039;
System info: host: &#039;DL-LP-36&#039;, ip: &#039;192.168.195.17&#039;, os.name: &#039;Windows 10&#039;, os.arch: &#039;amd64&#039;, os.version: &#039;10.0&#039;, java.version: &#039;17.0.2&#039;
Driver info: org.openqa.selenium.chrome.ChromeDriver
Command: [60324654ab6f48cd83224feb0b984c8e, findElement {using=xpath, value=//li[normalize-space()=&#039;BU_EN_GAZ_GAZPAR_AQUITAINE &#039;]}]
Capabilities {acceptInsecureCerts: false, browserName: chrome, browserVersion: 101.0.4951.67, chrome: {chromedriverVersion: 101.0.4951.41 (93c720db8323..., userDataDir: C:\Users\BN275D~1.MOH\AppDa...}, goog:chromeOptions: {debuggerAddress: localhost:59024}, javascriptEnabled: true, networkConnectionEnabled: false, pageLoadStrategy: normal, platform: WINDOWS, platformName: WINDOWS, proxy: Proxy(), se:cdp: ws://localhost:59024/devtoo..., se:cdpVersion: 101.0.4951.67, setWindowRect: true, strictFileInteractability: false, timeouts: {implicit: 0, pageLoad: 300000, script: 30000}, unhandledPromptBehavior: dismiss and notify, webauthn:extension:credBlob: true, webauthn:extension:largeBlob: true, webauthn:virtualAuthenticators: true}
Session ID: 60324654ab6f48cd83224feb0b984c8e" type="org.openqa.selenium.NoSuchElementException">
      <![CDATA[org.openqa.selenium.NoSuchElementException: no such element: Unable to locate element: {"method":"xpath","selector":"//li[normalize-space()='BU_EN_GAZ_GAZPAR_AQUITAINE ']"}
  (Session info: chrome=101.0.4951.67)
For documentation on this error, please visit: https://selenium.dev/exceptions/#no_such_element
Build info: version: '4.1.2', revision: '9a5a329c5a'
System info: host: 'DL-LP-36', ip: '192.168.195.17', os.name: 'Windows 10', os.arch: 'amd64', os.version: '10.0', java.version: '17.0.2'
Driver info: org.openqa.selenium.chrome.ChromeDriver
Command: [60324654ab6f48cd83224feb0b984c8e, findElement {using=xpath, value=//li[normalize-space()='BU_EN_GAZ_GAZPAR_AQUITAINE ']}]
Capabilities {acceptInsecureCerts: false, browserName: chrome, browserVersion: 101.0.4951.67, chrome: {chromedriverVersion: 101.0.4951.41 (93c720db8323..., userDataDir: C:\Users\BN275D~1.MOH\AppDa...}, goog:chromeOptions: {debuggerAddress: localhost:59024}, javascriptEnabled: true, networkConnectionEnabled: false, pageLoadStrategy: normal, platform: WINDOWS, platformName: WINDOWS, proxy: Proxy(), se:cdp: ws://localhost:59024/devtoo..., se:cdpVersion: 101.0.4951.67, setWindowRect: true, strictFileInteractability: false, timeouts: {implicit: 0, pageLoad: 300000, script: 30000}, unhandledPromptBehavior: dismiss and notify, webauthn:extension:credBlob: true, webauthn:extension:largeBlob: true, webauthn:virtualAuthenticators: true}
Session ID: 60324654ab6f48cd83224feb0b984c8e
at java.base/jdk.internal.reflect.NativeConstructorAccessorImpl.newInstance0(Native Method)
at java.base/jdk.internal.reflect.NativeConstructorAccessorImpl.newInstance(NativeConstructorAccessorImpl.java:77)
at java.base/jdk.internal.reflect.DelegatingConstructorAccessorImpl.newInstance(DelegatingConstructorAccessorImpl.java:45)
at java.base/java.lang.reflect.Constructor.newInstanceWithCaller(Constructor.java:499)
at java.base/java.lang.reflect.Constructor.newInstance(Constructor.java:480)
at org.openqa.selenium.remote.codec.w3c.W3CHttpResponseCodec.createException(W3CHttpResponseCodec.java:200)
at org.openqa.selenium.remote.codec.w3c.W3CHttpResponseCodec.decode(W3CHttpResponseCodec.java:133)
at org.openqa.selenium.remote.codec.w3c.W3CHttpResponseCodec.decode(W3CHttpResponseCodec.java:53)
at org.openqa.selenium.remote.HttpCommandExecutor.execute(HttpCommandExecutor.java:184)
at org.openqa.selenium.remote.service.DriverCommandExecutor.invokeExecute(DriverCommandExecutor.java:167)
at org.openqa.selenium.remote.service.DriverCommandExecutor.execute(DriverCommandExecutor.java:142)
at org.openqa.selenium.remote.RemoteWebDriver.execute(RemoteWebDriver.java:558)
at org.openqa.selenium.remote.ElementLocation$ElementFinder$2.findElement(ElementLocation.java:162)
at org.openqa.selenium.remote.ElementLocation.findElement(ElementLocation.java:60)
at org.openqa.selenium.remote.RemoteWebDriver.findElement(RemoteWebDriver.java:382)
at org.openqa.selenium.remote.RemoteWebDriver.findElement(RemoteWebDriver.java:374)
at pageObject.CallReportPO.FilterSearchWithActivity(CallReportPO.java:134)
at com.spokenly.digitarm.CallReportTest.GridVerification(CallReportTest.java:91)
at jdk.internal.reflect.GeneratedMethodAccessor5.invoke(Unknown Source)
at java.base/jdk.internal.reflect.DelegatingMethodAccessorImpl.invoke(DelegatingMethodAccessorImpl.java:43)
at java.base/java.lang.reflect.Method.invoke(Method.java:568)
at org.testng.internal.invokers.MethodInvocationHelper.invokeMethod(MethodInvocationHelper.java:135)
at org.testng.internal.invokers.TestInvoker.invokeMethod(TestInvoker.java:673)
at org.testng.internal.invokers.TestInvoker.invokeTestMethod(TestInvoker.java:220)
at org.testng.internal.invokers.MethodRunner.runInSequence(MethodRunner.java:50)
at org.testng.internal.invokers.TestInvoker$MethodInvocationAgent.invoke(TestInvoker.java:945)
at org.testng.internal.invokers.TestInvoker.invokeTestMethods(TestInvoker.java:193)
at org.testng.internal.invokers.TestMethodWorker.invokeTestMethods(TestMethodWorker.java:146)
at org.testng.internal.invokers.TestMethodWorker.run(TestMethodWorker.java:128)
at java.base/java.util.ArrayList.forEach(ArrayList.java:1511)
at org.testng.TestRunner.privateRun(TestRunner.java:808)
at org.testng.TestRunner.run(TestRunner.java:603)
at org.testng.SuiteRunner.runTest(SuiteRunner.java:429)
at org.testng.SuiteRunner.runSequentially(SuiteRunner.java:423)
at org.testng.SuiteRunner.privateRun(SuiteRunner.java:383)
at org.testng.SuiteRunner.run(SuiteRunner.java:326)
at org.testng.SuiteRunnerWorker.runSuite(SuiteRunnerWorker.java:52)
at org.testng.SuiteRunnerWorker.run(SuiteRunnerWorker.java:95)
at org.testng.TestNG.runSuitesSequentially(TestNG.java:1249)
at org.testng.TestNG.runSuitesLocally(TestNG.java:1169)
at org.testng.TestNG.runSuites(TestNG.java:1092)
at org.testng.TestNG.run(TestNG.java:1060)
at org.testng.remote.AbstractRemoteTestNG.run(AbstractRemoteTestNG.java:115)
at org.testng.remote.RemoteTestNG.initAndRun(RemoteTestNG.java:251)
at org.testng.remote.RemoteTestNG.main(RemoteTestNG.java:77)
]]>
    </error>
  </testcase> <!-- GridVerification -->
  <system-out>
    <![CDATA[Test is starting ....
Logged in successfully
Running Filter ....]]>
  </system-out>
  <testcase classname="com.spokenly.digitarm.CallReportTest" name="GridVerification" time="5.528">
    <skipped/>
  </testcase> <!-- GridVerification -->
  <system-out>
    <![CDATA[Test is starting ....
Logged in successfully
Running Filter ....
Element is present ....]]>
  </system-out>
  <testcase classname="com.spokenly.digitarm.CallReportTest" name="GridVerification" time="10.582"/>
  <system-out>
    <![CDATA[Test is starting ....
Logged in successfully
Running Filter ....
Element is present ....]]>
  </system-out>
  <testcase classname="com.spokenly.digitarm.CallReportTest" name="GridVerification" time="34.882">
    <error message="no such element: Unable to locate element: {&quot;method&quot;:&quot;xpath&quot;,&quot;selector&quot;:&quot;//li[normalize-space()=&#039;GAZ_DPCI&#039;]&quot;}
  (Session info: chrome=101.0.4951.67)
For documentation on this error, please visit: https://selenium.dev/exceptions/#no_such_element
Build info: version: &#039;4.1.2&#039;, revision: &#039;9a5a329c5a&#039;
System info: host: &#039;DL-LP-36&#039;, ip: &#039;192.168.195.17&#039;, os.name: &#039;Windows 10&#039;, os.arch: &#039;amd64&#039;, os.version: &#039;10.0&#039;, java.version: &#039;17.0.2&#039;
Driver info: org.openqa.selenium.chrome.ChromeDriver
Command: [5290a36bc9e2fef2e0ad58c116b89f64, findElement {using=xpath, value=//li[normalize-space()=&#039;GAZ_DPCI&#039;]}]
Capabilities {acceptInsecureCerts: false, browserName: chrome, browserVersion: 101.0.4951.67, chrome: {chromedriverVersion: 101.0.4951.41 (93c720db8323..., userDataDir: C:\Users\BN275D~1.MOH\AppDa...}, goog:chromeOptions: {debuggerAddress: localhost:59214}, javascriptEnabled: true, networkConnectionEnabled: false, pageLoadStrategy: normal, platform: WINDOWS, platformName: WINDOWS, proxy: Proxy(), se:cdp: ws://localhost:59214/devtoo..., se:cdpVersion: 101.0.4951.67, setWindowRect: true, strictFileInteractability: false, timeouts: {implicit: 0, pageLoad: 300000, script: 30000}, unhandledPromptBehavior: dismiss and notify, webauthn:extension:credBlob: true, webauthn:extension:largeBlob: true, webauthn:virtualAuthenticators: true}
Session ID: 5290a36bc9e2fef2e0ad58c116b89f64" type="org.openqa.selenium.NoSuchElementException">
      <![CDATA[org.openqa.selenium.NoSuchElementException: no such element: Unable to locate element: {"method":"xpath","selector":"//li[normalize-space()='GAZ_DPCI']"}
  (Session info: chrome=101.0.4951.67)
For documentation on this error, please visit: https://selenium.dev/exceptions/#no_such_element
Build info: version: '4.1.2', revision: '9a5a329c5a'
System info: host: 'DL-LP-36', ip: '192.168.195.17', os.name: 'Windows 10', os.arch: 'amd64', os.version: '10.0', java.version: '17.0.2'
Driver info: org.openqa.selenium.chrome.ChromeDriver
Command: [5290a36bc9e2fef2e0ad58c116b89f64, findElement {using=xpath, value=//li[normalize-space()='GAZ_DPCI']}]
Capabilities {acceptInsecureCerts: false, browserName: chrome, browserVersion: 101.0.4951.67, chrome: {chromedriverVersion: 101.0.4951.41 (93c720db8323..., userDataDir: C:\Users\BN275D~1.MOH\AppDa...}, goog:chromeOptions: {debuggerAddress: localhost:59214}, javascriptEnabled: true, networkConnectionEnabled: false, pageLoadStrategy: normal, platform: WINDOWS, platformName: WINDOWS, proxy: Proxy(), se:cdp: ws://localhost:59214/devtoo..., se:cdpVersion: 101.0.4951.67, setWindowRect: true, strictFileInteractability: false, timeouts: {implicit: 0, pageLoad: 300000, script: 30000}, unhandledPromptBehavior: dismiss and notify, webauthn:extension:credBlob: true, webauthn:extension:largeBlob: true, webauthn:virtualAuthenticators: true}
Session ID: 5290a36bc9e2fef2e0ad58c116b89f64
at java.base/jdk.internal.reflect.NativeConstructorAccessorImpl.newInstance0(Native Method)
at java.base/jdk.internal.reflect.NativeConstructorAccessorImpl.newInstance(NativeConstructorAccessorImpl.java:77)
at java.base/jdk.internal.reflect.DelegatingConstructorAccessorImpl.newInstance(DelegatingConstructorAccessorImpl.java:45)
at java.base/java.lang.reflect.Constructor.newInstanceWithCaller(Constructor.java:499)
at java.base/java.lang.reflect.Constructor.newInstance(Constructor.java:480)
at org.openqa.selenium.remote.codec.w3c.W3CHttpResponseCodec.createException(W3CHttpResponseCodec.java:200)
at org.openqa.selenium.remote.codec.w3c.W3CHttpResponseCodec.decode(W3CHttpResponseCodec.java:133)
at org.openqa.selenium.remote.codec.w3c.W3CHttpResponseCodec.decode(W3CHttpResponseCodec.java:53)
at org.openqa.selenium.remote.HttpCommandExecutor.execute(HttpCommandExecutor.java:184)
at org.openqa.selenium.remote.service.DriverCommandExecutor.invokeExecute(DriverCommandExecutor.java:167)
at org.openqa.selenium.remote.service.DriverCommandExecutor.execute(DriverCommandExecutor.java:142)
at org.openqa.selenium.remote.RemoteWebDriver.execute(RemoteWebDriver.java:558)
at org.openqa.selenium.remote.ElementLocation$ElementFinder$2.findElement(ElementLocation.java:162)
at org.openqa.selenium.remote.ElementLocation.findElement(ElementLocation.java:60)
at org.openqa.selenium.remote.RemoteWebDriver.findElement(RemoteWebDriver.java:382)
at org.openqa.selenium.remote.RemoteWebDriver.findElement(RemoteWebDriver.java:374)
at pageObject.CallReportPO.FilterSearchWithActivity(CallReportPO.java:134)
at com.spokenly.digitarm.CallReportTest.GridVerification(CallReportTest.java:91)
at jdk.internal.reflect.GeneratedMethodAccessor5.invoke(Unknown Source)
at java.base/jdk.internal.reflect.DelegatingMethodAccessorImpl.invoke(DelegatingMethodAccessorImpl.java:43)
at java.base/java.lang.reflect.Method.invoke(Method.java:568)
at org.testng.internal.invokers.MethodInvocationHelper.invokeMethod(MethodInvocationHelper.java:135)
at org.testng.internal.invokers.TestInvoker.invokeMethod(TestInvoker.java:673)
at org.testng.internal.invokers.TestInvoker.invokeTestMethod(TestInvoker.java:220)
at org.testng.internal.invokers.MethodRunner.runInSequence(MethodRunner.java:50)
at org.testng.internal.invokers.TestInvoker$MethodInvocationAgent.invoke(TestInvoker.java:945)
at org.testng.internal.invokers.TestInvoker.invokeTestMethods(TestInvoker.java:193)
at org.testng.internal.invokers.TestMethodWorker.invokeTestMethods(TestMethodWorker.java:146)
at org.testng.internal.invokers.TestMethodWorker.run(TestMethodWorker.java:128)
at java.base/java.util.ArrayList.forEach(ArrayList.java:1511)
at org.testng.TestRunner.privateRun(TestRunner.java:808)
at org.testng.TestRunner.run(TestRunner.java:603)
at org.testng.SuiteRunner.runTest(SuiteRunner.java:429)
at org.testng.SuiteRunner.runSequentially(SuiteRunner.java:423)
at org.testng.SuiteRunner.privateRun(SuiteRunner.java:383)
at org.testng.SuiteRunner.run(SuiteRunner.java:326)
at org.testng.SuiteRunnerWorker.runSuite(SuiteRunnerWorker.java:52)
at org.testng.SuiteRunnerWorker.run(SuiteRunnerWorker.java:95)
at org.testng.TestNG.runSuitesSequentially(TestNG.java:1249)
at org.testng.TestNG.runSuitesLocally(TestNG.java:1169)
at org.testng.TestNG.runSuites(TestNG.java:1092)
at org.testng.TestNG.run(TestNG.java:1060)
at org.testng.remote.AbstractRemoteTestNG.run(AbstractRemoteTestNG.java:115)
at org.testng.remote.RemoteTestNG.initAndRun(RemoteTestNG.java:251)
at org.testng.remote.RemoteTestNG.main(RemoteTestNG.java:77)
]]>
    </error>
  </testcase> <!-- GridVerification -->
  <system-out>
    <![CDATA[Test is starting ....
Logged in successfully
Running Filter ....]]>
  </system-out>
  <testcase classname="com.spokenly.digitarm.CallReportTest" name="GridVerification" time="5.710">
    <skipped/>
  </testcase> <!-- GridVerification -->
  <system-out>
    <![CDATA[Test is starting ....
Logged in successfully
Running Filter ....
Element is present ....]]>
  </system-out>
  <testcase classname="com.spokenly.digitarm.CallReportTest" name="GridVerification" time="9.461"/>
  <system-out>
    <![CDATA[Test is starting ....
Logged in successfully
Running Filter ....
Element is present ....]]>
  </system-out>
  <testcase classname="com.spokenly.digitarm.CallReportTest" name="GridVerification" time="5.681">
    <skipped/>
  </testcase> <!-- GridVerification -->
  <system-out>
    <![CDATA[Test is starting ....
Logged in successfully
Running Filter ....
Element is present ....]]>
  </system-out>
  <testcase classname="com.spokenly.digitarm.CallReportTest" name="GridVerification" time="5.713">
    <skipped/>
  </testcase> <!-- GridVerification -->
  <system-out>
    <![CDATA[Test is starting ....
Logged in successfully
Running Filter ....
Element is present ....]]>
  </system-out>
  <testcase classname="com.spokenly.digitarm.CallReportTest" name="GridVerification" time="5.634">
    <skipped/>
  </testcase> <!-- GridVerification -->
  <system-out>
    <![CDATA[Test is starting ....
Logged in successfully
Running Filter ....
Element is present ....]]>
  </system-out>
  <testcase classname="com.spokenly.digitarm.CallReportTest" name="GridVerification" time="5.590">
    <skipped/>
  </testcase> <!-- GridVerification -->
  <system-out>
    <![CDATA[Test is starting ....
Logged in successfully
Running Filter ....
Element is present ....]]>
  </system-out>
  <testcase classname="com.spokenly.digitarm.CallReportTest" name="GridVerification" time="9.832">
    <skipped/>
  </testcase> <!-- GridVerification -->
  <system-out>
    <![CDATA[Test is starting ....
Logged in successfully
Running Filter ....
Element is present ....]]>
  </system-out>
  <testcase classname="com.spokenly.digitarm.CallReportTest" name="GridVerification" time="35.115">
    <error message="no such element: Unable to locate element: {&quot;method&quot;:&quot;xpath&quot;,&quot;selector&quot;:&quot;//li[normalize-space()=&#039;BU_EN_GAZ_COURRIERS_INTENSIFS&#039;]&quot;}
  (Session info: chrome=101.0.4951.67)
For documentation on this error, please visit: https://selenium.dev/exceptions/#no_such_element
Build info: version: &#039;4.1.2&#039;, revision: &#039;9a5a329c5a&#039;
System info: host: &#039;DL-LP-36&#039;, ip: &#039;192.168.195.17&#039;, os.name: &#039;Windows 10&#039;, os.arch: &#039;amd64&#039;, os.version: &#039;10.0&#039;, java.version: &#039;17.0.2&#039;
Driver info: org.openqa.selenium.chrome.ChromeDriver
Command: [1e79c46b2fb3474f308801105944570e, findElement {using=xpath, value=//li[normalize-space()=&#039;BU_EN_GAZ_COURRIERS_INTENSIFS&#039;]}]
Capabilities {acceptInsecureCerts: false, browserName: chrome, browserVersion: 101.0.4951.67, chrome: {chromedriverVersion: 101.0.4951.41 (93c720db8323..., userDataDir: C:\Users\BN275D~1.MOH\AppDa...}, goog:chromeOptions: {debuggerAddress: localhost:59367}, javascriptEnabled: true, networkConnectionEnabled: false, pageLoadStrategy: normal, platform: WINDOWS, platformName: WINDOWS, proxy: Proxy(), se:cdp: ws://localhost:59367/devtoo..., se:cdpVersion: 101.0.4951.67, setWindowRect: true, strictFileInteractability: false, timeouts: {implicit: 0, pageLoad: 300000, script: 30000}, unhandledPromptBehavior: dismiss and notify, webauthn:extension:credBlob: true, webauthn:extension:largeBlob: true, webauthn:virtualAuthenticators: true}
Session ID: 1e79c46b2fb3474f308801105944570e" type="org.openqa.selenium.NoSuchElementException">
      <![CDATA[org.openqa.selenium.NoSuchElementException: no such element: Unable to locate element: {"method":"xpath","selector":"//li[normalize-space()='BU_EN_GAZ_COURRIERS_INTENSIFS']"}
  (Session info: chrome=101.0.4951.67)
For documentation on this error, please visit: https://selenium.dev/exceptions/#no_such_element
Build info: version: '4.1.2', revision: '9a5a329c5a'
System info: host: 'DL-LP-36', ip: '192.168.195.17', os.name: 'Windows 10', os.arch: 'amd64', os.version: '10.0', java.version: '17.0.2'
Driver info: org.openqa.selenium.chrome.ChromeDriver
Command: [1e79c46b2fb3474f308801105944570e, findElement {using=xpath, value=//li[normalize-space()='BU_EN_GAZ_COURRIERS_INTENSIFS']}]
Capabilities {acceptInsecureCerts: false, browserName: chrome, browserVersion: 101.0.4951.67, chrome: {chromedriverVersion: 101.0.4951.41 (93c720db8323..., userDataDir: C:\Users\BN275D~1.MOH\AppDa...}, goog:chromeOptions: {debuggerAddress: localhost:59367}, javascriptEnabled: true, networkConnectionEnabled: false, pageLoadStrategy: normal, platform: WINDOWS, platformName: WINDOWS, proxy: Proxy(), se:cdp: ws://localhost:59367/devtoo..., se:cdpVersion: 101.0.4951.67, setWindowRect: true, strictFileInteractability: false, timeouts: {implicit: 0, pageLoad: 300000, script: 30000}, unhandledPromptBehavior: dismiss and notify, webauthn:extension:credBlob: true, webauthn:extension:largeBlob: true, webauthn:virtualAuthenticators: true}
Session ID: 1e79c46b2fb3474f308801105944570e
at java.base/jdk.internal.reflect.NativeConstructorAccessorImpl.newInstance0(Native Method)
at java.base/jdk.internal.reflect.NativeConstructorAccessorImpl.newInstance(NativeConstructorAccessorImpl.java:77)
at java.base/jdk.internal.reflect.DelegatingConstructorAccessorImpl.newInstance(DelegatingConstructorAccessorImpl.java:45)
at java.base/java.lang.reflect.Constructor.newInstanceWithCaller(Constructor.java:499)
at java.base/java.lang.reflect.Constructor.newInstance(Constructor.java:480)
at org.openqa.selenium.remote.codec.w3c.W3CHttpResponseCodec.createException(W3CHttpResponseCodec.java:200)
at org.openqa.selenium.remote.codec.w3c.W3CHttpResponseCodec.decode(W3CHttpResponseCodec.java:133)
at org.openqa.selenium.remote.codec.w3c.W3CHttpResponseCodec.decode(W3CHttpResponseCodec.java:53)
at org.openqa.selenium.remote.HttpCommandExecutor.execute(HttpCommandExecutor.java:184)
at org.openqa.selenium.remote.service.DriverCommandExecutor.invokeExecute(DriverCommandExecutor.java:167)
at org.openqa.selenium.remote.service.DriverCommandExecutor.execute(DriverCommandExecutor.java:142)
at org.openqa.selenium.remote.RemoteWebDriver.execute(RemoteWebDriver.java:558)
at org.openqa.selenium.remote.ElementLocation$ElementFinder$2.findElement(ElementLocation.java:162)
at org.openqa.selenium.remote.ElementLocation.findElement(ElementLocation.java:60)
at org.openqa.selenium.remote.RemoteWebDriver.findElement(RemoteWebDriver.java:382)
at org.openqa.selenium.remote.RemoteWebDriver.findElement(RemoteWebDriver.java:374)
at pageObject.CallReportPO.FilterSearchWithActivity(CallReportPO.java:134)
at com.spokenly.digitarm.CallReportTest.GridVerification(CallReportTest.java:91)
at jdk.internal.reflect.GeneratedMethodAccessor5.invoke(Unknown Source)
at java.base/jdk.internal.reflect.DelegatingMethodAccessorImpl.invoke(DelegatingMethodAccessorImpl.java:43)
at java.base/java.lang.reflect.Method.invoke(Method.java:568)
at org.testng.internal.invokers.MethodInvocationHelper.invokeMethod(MethodInvocationHelper.java:135)
at org.testng.internal.invokers.TestInvoker.invokeMethod(TestInvoker.java:673)
at org.testng.internal.invokers.TestInvoker.invokeTestMethod(TestInvoker.java:220)
at org.testng.internal.invokers.MethodRunner.runInSequence(MethodRunner.java:50)
at org.testng.internal.invokers.TestInvoker$MethodInvocationAgent.invoke(TestInvoker.java:945)
at org.testng.internal.invokers.TestInvoker.invokeTestMethods(TestInvoker.java:193)
at org.testng.internal.invokers.TestMethodWorker.invokeTestMethods(TestMethodWorker.java:146)
at org.testng.internal.invokers.TestMethodWorker.run(TestMethodWorker.java:128)
at java.base/java.util.ArrayList.forEach(ArrayList.java:1511)
at org.testng.TestRunner.privateRun(TestRunner.java:808)
at org.testng.TestRunner.run(TestRunner.java:603)
at org.testng.SuiteRunner.runTest(SuiteRunner.java:429)
at org.testng.SuiteRunner.runSequentially(SuiteRunner.java:423)
at org.testng.SuiteRunner.privateRun(SuiteRunner.java:383)
at org.testng.SuiteRunner.run(SuiteRunner.java:326)
at org.testng.SuiteRunnerWorker.runSuite(SuiteRunnerWorker.java:52)
at org.testng.SuiteRunnerWorker.run(SuiteRunnerWorker.java:95)
at org.testng.TestNG.runSuitesSequentially(TestNG.java:1249)
at org.testng.TestNG.runSuitesLocally(TestNG.java:1169)
at org.testng.TestNG.runSuites(TestNG.java:1092)
at org.testng.TestNG.run(TestNG.java:1060)
at org.testng.remote.AbstractRemoteTestNG.run(AbstractRemoteTestNG.java:115)
at org.testng.remote.RemoteTestNG.initAndRun(RemoteTestNG.java:251)
at org.testng.remote.RemoteTestNG.main(RemoteTestNG.java:77)
]]>
    </error>
  </testcase> <!-- GridVerification -->
  <system-out>
    <![CDATA[Test is starting ....
Logged in successfully
Running Filter ....]]>
  </system-out>
  <testcase classname="com.spokenly.digitarm.CallReportTest" name="GridVerification" time="5.525">
    <skipped/>
  </testcase> <!-- GridVerification -->
  <system-out>
    <![CDATA[Test is starting ....
Logged in successfully
Running Filter ....
Element is present ....]]>
  </system-out>
  <testcase classname="com.spokenly.digitarm.CallReportTest" name="GridVerification" time="5.744">
    <skipped/>
  </testcase> <!-- GridVerification -->
  <system-out>
    <![CDATA[Test is starting ....
Logged in successfully
Running Filter ....
Element is present ....]]>
  </system-out>
  <testcase classname="com.spokenly.digitarm.CallReportTest" name="GridVerification" time="12.276">
    <skipped/>
  </testcase> <!-- GridVerification -->
  <system-out>
    <![CDATA[Test is starting ....
Logged in successfully
Running Filter ....
Element is present ....]]>
  </system-out>
  <testcase classname="com.spokenly.digitarm.CallReportTest" name="GridVerification" time="11.175"/>
  <system-out>
    <![CDATA[Test is starting ....
Logged in successfully
Running Filter ....
Element is present ....]]>
  </system-out>
  <testcase classname="com.spokenly.digitarm.CallReportTest" name="GridVerification" time="5.573">
    <skipped/>
  </testcase> <!-- GridVerification -->
  <system-out>
    <![CDATA[Test is starting ....
Logged in successfully
Running Filter ....
Element is present ....]]>
  </system-out>
  <testcase classname="com.spokenly.digitarm.CallReportTest" name="GridVerification" time="6.020">
    <skipped/>
  </testcase> <!-- GridVerification -->
  <system-out>
    <![CDATA[Test is starting ....
Logged in successfully
Running Filter ....
Element is present ....]]>
  </system-out>
  <testcase classname="com.spokenly.digitarm.CallReportTest" name="GridVerification" time="9.682">
    <skipped/>
  </testcase> <!-- GridVerification -->
  <system-out>
    <![CDATA[Test is starting ....
Logged in successfully
Running Filter ....
Element is present ....]]>
  </system-out>
  <testcase classname="com.spokenly.digitarm.CallReportTest" name="GridVerification" time="5.985">
    <skipped/>
  </testcase> <!-- GridVerification -->
  <system-out>
    <![CDATA[Test is starting ....
Logged in successfully
Running Filter ....
Element is present ....]]>
  </system-out>
  <testcase classname="com.spokenly.digitarm.CallReportTest" name="GridVerification" time="7.363"/>
  <system-out>
    <![CDATA[Test is starting ....
Logged in successfully
Running Filter ....
Element is present ....]]>
  </system-out>
  <testcase classname="com.spokenly.digitarm.CallReportTest" name="GridVerification" time="34.972">
    <error message="no such element: Unable to locate element: {&quot;method&quot;:&quot;xpath&quot;,&quot;selector&quot;:&quot;//li[normalize-space()=&#039;BU_IT_QUALIFICATION&#039;]&quot;}
  (Session info: chrome=101.0.4951.67)
For documentation on this error, please visit: https://selenium.dev/exceptions/#no_such_element
Build info: version: &#039;4.1.2&#039;, revision: &#039;9a5a329c5a&#039;
System info: host: &#039;DL-LP-36&#039;, ip: &#039;192.168.195.17&#039;, os.name: &#039;Windows 10&#039;, os.arch: &#039;amd64&#039;, os.version: &#039;10.0&#039;, java.version: &#039;17.0.2&#039;
Driver info: org.openqa.selenium.chrome.ChromeDriver
Command: [66c557ca1227dcafda416b27f6e1844d, findElement {using=xpath, value=//li[normalize-space()=&#039;BU_IT_QUALIFICATION&#039;]}]
Capabilities {acceptInsecureCerts: false, browserName: chrome, browserVersion: 101.0.4951.67, chrome: {chromedriverVersion: 101.0.4951.41 (93c720db8323..., userDataDir: C:\Users\BN275D~1.MOH\AppDa...}, goog:chromeOptions: {debuggerAddress: localhost:50326}, javascriptEnabled: true, networkConnectionEnabled: false, pageLoadStrategy: normal, platform: WINDOWS, platformName: WINDOWS, proxy: Proxy(), se:cdp: ws://localhost:50326/devtoo..., se:cdpVersion: 101.0.4951.67, setWindowRect: true, strictFileInteractability: false, timeouts: {implicit: 0, pageLoad: 300000, script: 30000}, unhandledPromptBehavior: dismiss and notify, webauthn:extension:credBlob: true, webauthn:extension:largeBlob: true, webauthn:virtualAuthenticators: true}
Session ID: 66c557ca1227dcafda416b27f6e1844d" type="org.openqa.selenium.NoSuchElementException">
      <![CDATA[org.openqa.selenium.NoSuchElementException: no such element: Unable to locate element: {"method":"xpath","selector":"//li[normalize-space()='BU_IT_QUALIFICATION']"}
  (Session info: chrome=101.0.4951.67)
For documentation on this error, please visit: https://selenium.dev/exceptions/#no_such_element
Build info: version: '4.1.2', revision: '9a5a329c5a'
System info: host: 'DL-LP-36', ip: '192.168.195.17', os.name: 'Windows 10', os.arch: 'amd64', os.version: '10.0', java.version: '17.0.2'
Driver info: org.openqa.selenium.chrome.ChromeDriver
Command: [66c557ca1227dcafda416b27f6e1844d, findElement {using=xpath, value=//li[normalize-space()='BU_IT_QUALIFICATION']}]
Capabilities {acceptInsecureCerts: false, browserName: chrome, browserVersion: 101.0.4951.67, chrome: {chromedriverVersion: 101.0.4951.41 (93c720db8323..., userDataDir: C:\Users\BN275D~1.MOH\AppDa...}, goog:chromeOptions: {debuggerAddress: localhost:50326}, javascriptEnabled: true, networkConnectionEnabled: false, pageLoadStrategy: normal, platform: WINDOWS, platformName: WINDOWS, proxy: Proxy(), se:cdp: ws://localhost:50326/devtoo..., se:cdpVersion: 101.0.4951.67, setWindowRect: true, strictFileInteractability: false, timeouts: {implicit: 0, pageLoad: 300000, script: 30000}, unhandledPromptBehavior: dismiss and notify, webauthn:extension:credBlob: true, webauthn:extension:largeBlob: true, webauthn:virtualAuthenticators: true}
Session ID: 66c557ca1227dcafda416b27f6e1844d
at jdk.internal.reflect.GeneratedConstructorAccessor55.newInstance(Unknown Source)
at java.base/jdk.internal.reflect.DelegatingConstructorAccessorImpl.newInstance(DelegatingConstructorAccessorImpl.java:45)
at java.base/java.lang.reflect.Constructor.newInstanceWithCaller(Constructor.java:499)
at java.base/java.lang.reflect.Constructor.newInstance(Constructor.java:480)
at org.openqa.selenium.remote.codec.w3c.W3CHttpResponseCodec.createException(W3CHttpResponseCodec.java:200)
at org.openqa.selenium.remote.codec.w3c.W3CHttpResponseCodec.decode(W3CHttpResponseCodec.java:133)
at org.openqa.selenium.remote.codec.w3c.W3CHttpResponseCodec.decode(W3CHttpResponseCodec.java:53)
at org.openqa.selenium.remote.HttpCommandExecutor.execute(HttpCommandExecutor.java:184)
at org.openqa.selenium.remote.service.DriverCommandExecutor.invokeExecute(DriverCommandExecutor.java:167)
at org.openqa.selenium.remote.service.DriverCommandExecutor.execute(DriverCommandExecutor.java:142)
at org.openqa.selenium.remote.RemoteWebDriver.execute(RemoteWebDriver.java:558)
at org.openqa.selenium.remote.ElementLocation$ElementFinder$2.findElement(ElementLocation.java:162)
at org.openqa.selenium.remote.ElementLocation.findElement(ElementLocation.java:60)
at org.openqa.selenium.remote.RemoteWebDriver.findElement(RemoteWebDriver.java:382)
at org.openqa.selenium.remote.RemoteWebDriver.findElement(RemoteWebDriver.java:374)
at pageObject.CallReportPO.FilterSearchWithActivity(CallReportPO.java:134)
at com.spokenly.digitarm.CallReportTest.GridVerification(CallReportTest.java:91)
at jdk.internal.reflect.GeneratedMethodAccessor5.invoke(Unknown Source)
at java.base/jdk.internal.reflect.DelegatingMethodAccessorImpl.invoke(DelegatingMethodAccessorImpl.java:43)
at java.base/java.lang.reflect.Method.invoke(Method.java:568)
at org.testng.internal.invokers.MethodInvocationHelper.invokeMethod(MethodInvocationHelper.java:135)
at org.testng.internal.invokers.TestInvoker.invokeMethod(TestInvoker.java:673)
at org.testng.internal.invokers.TestInvoker.invokeTestMethod(TestInvoker.java:220)
at org.testng.internal.invokers.MethodRunner.runInSequence(MethodRunner.java:50)
at org.testng.internal.invokers.TestInvoker$MethodInvocationAgent.invoke(TestInvoker.java:945)
at org.testng.internal.invokers.TestInvoker.invokeTestMethods(TestInvoker.java:193)
at org.testng.internal.invokers.TestMethodWorker.invokeTestMethods(TestMethodWorker.java:146)
at org.testng.internal.invokers.TestMethodWorker.run(TestMethodWorker.java:128)
at java.base/java.util.ArrayList.forEach(ArrayList.java:1511)
at org.testng.TestRunner.privateRun(TestRunner.java:808)
at org.testng.TestRunner.run(TestRunner.java:603)
at org.testng.SuiteRunner.runTest(SuiteRunner.java:429)
at org.testng.SuiteRunner.runSequentially(SuiteRunner.java:423)
at org.testng.SuiteRunner.privateRun(SuiteRunner.java:383)
at org.testng.SuiteRunner.run(SuiteRunner.java:326)
at org.testng.SuiteRunnerWorker.runSuite(SuiteRunnerWorker.java:52)
at org.testng.SuiteRunnerWorker.run(SuiteRunnerWorker.java:95)
at org.testng.TestNG.runSuitesSequentially(TestNG.java:1249)
at org.testng.TestNG.runSuitesLocally(TestNG.java:1169)
at org.testng.TestNG.runSuites(TestNG.java:1092)
at org.testng.TestNG.run(TestNG.java:1060)
at org.testng.remote.AbstractRemoteTestNG.run(AbstractRemoteTestNG.java:115)
at org.testng.remote.RemoteTestNG.initAndRun(RemoteTestNG.java:251)
at org.testng.remote.RemoteTestNG.main(RemoteTestNG.java:77)
]]>
    </error>
  </testcase> <!-- GridVerification -->
  <system-out>
    <![CDATA[Test is starting ....
Logged in successfully
Running Filter ....]]>
  </system-out>
  <testcase classname="com.spokenly.digitarm.CallReportTest" name="GridVerification" time="5.309">
    <skipped/>
  </testcase> <!-- GridVerification -->
  <system-out>
    <![CDATA[Test is starting ....
Logged in successfully
Running Filter ....
Element is present ....]]>
  </system-out>
  <testcase classname="com.spokenly.digitarm.CallReportTest" name="GridVerification" time="5.734">
    <skipped/>
  </testcase> <!-- GridVerification -->
  <system-out>
    <![CDATA[Test is starting ....
Logged in successfully
Running Filter ....
Element is present ....]]>
  </system-out>
  <testcase classname="com.spokenly.digitarm.CallReportTest" name="GridVerification" time="5.526">
    <skipped/>
  </testcase> <!-- GridVerification -->
  <system-out>
    <![CDATA[Test is starting ....
Logged in successfully
Running Filter ....
Element is present ....]]>
  </system-out>
  <testcase classname="com.spokenly.digitarm.CallReportTest" name="GridVerification" time="5.492">
    <skipped/>
  </testcase> <!-- GridVerification -->
  <system-out>
    <![CDATA[Test is starting ....
Logged in successfully
Running Filter ....
Element is present ....]]>
  </system-out>
  <testcase classname="com.spokenly.digitarm.CallReportTest" name="GridVerification" time="5.752">
    <skipped/>
  </testcase> <!-- GridVerification -->
  <system-out>
    <![CDATA[Test is starting ....
Logged in successfully
Running Filter ....
Element is present ....]]>
  </system-out>
  <testcase classname="com.spokenly.digitarm.CallReportTest" name="GridVerification" time="34.574">
    <error message="no such element: Unable to locate element: {&quot;method&quot;:&quot;xpath&quot;,&quot;selector&quot;:&quot;//li[normalize-space()=&#039;GAZ_TECH&#039;]&quot;}
  (Session info: chrome=101.0.4951.67)
For documentation on this error, please visit: https://selenium.dev/exceptions/#no_such_element
Build info: version: &#039;4.1.2&#039;, revision: &#039;9a5a329c5a&#039;
System info: host: &#039;DL-LP-36&#039;, ip: &#039;192.168.195.17&#039;, os.name: &#039;Windows 10&#039;, os.arch: &#039;amd64&#039;, os.version: &#039;10.0&#039;, java.version: &#039;17.0.2&#039;
Driver info: org.openqa.selenium.chrome.ChromeDriver
Command: [a6ee5bcf5da9d1fd8888ac61a0f7019d, findElement {using=xpath, value=//li[normalize-space()=&#039;GAZ_TECH&#039;]}]
Capabilities {acceptInsecureCerts: false, browserName: chrome, browserVersion: 101.0.4951.67, chrome: {chromedriverVersion: 101.0.4951.41 (93c720db8323..., userDataDir: C:\Users\BN275D~1.MOH\AppDa...}, goog:chromeOptions: {debuggerAddress: localhost:59819}, javascriptEnabled: true, networkConnectionEnabled: false, pageLoadStrategy: normal, platform: WINDOWS, platformName: WINDOWS, proxy: Proxy(), se:cdp: ws://localhost:59819/devtoo..., se:cdpVersion: 101.0.4951.67, setWindowRect: true, strictFileInteractability: false, timeouts: {implicit: 0, pageLoad: 300000, script: 30000}, unhandledPromptBehavior: dismiss and notify, webauthn:extension:credBlob: true, webauthn:extension:largeBlob: true, webauthn:virtualAuthenticators: true}
Session ID: a6ee5bcf5da9d1fd8888ac61a0f7019d" type="org.openqa.selenium.NoSuchElementException">
      <![CDATA[org.openqa.selenium.NoSuchElementException: no such element: Unable to locate element: {"method":"xpath","selector":"//li[normalize-space()='GAZ_TECH']"}
  (Session info: chrome=101.0.4951.67)
For documentation on this error, please visit: https://selenium.dev/exceptions/#no_such_element
Build info: version: '4.1.2', revision: '9a5a329c5a'
System info: host: 'DL-LP-36', ip: '192.168.195.17', os.name: 'Windows 10', os.arch: 'amd64', os.version: '10.0', java.version: '17.0.2'
Driver info: org.openqa.selenium.chrome.ChromeDriver
Command: [a6ee5bcf5da9d1fd8888ac61a0f7019d, findElement {using=xpath, value=//li[normalize-space()='GAZ_TECH']}]
Capabilities {acceptInsecureCerts: false, browserName: chrome, browserVersion: 101.0.4951.67, chrome: {chromedriverVersion: 101.0.4951.41 (93c720db8323..., userDataDir: C:\Users\BN275D~1.MOH\AppDa...}, goog:chromeOptions: {debuggerAddress: localhost:59819}, javascriptEnabled: true, networkConnectionEnabled: false, pageLoadStrategy: normal, platform: WINDOWS, platformName: WINDOWS, proxy: Proxy(), se:cdp: ws://localhost:59819/devtoo..., se:cdpVersion: 101.0.4951.67, setWindowRect: true, strictFileInteractability: false, timeouts: {implicit: 0, pageLoad: 300000, script: 30000}, unhandledPromptBehavior: dismiss and notify, webauthn:extension:credBlob: true, webauthn:extension:largeBlob: true, webauthn:virtualAuthenticators: true}
Session ID: a6ee5bcf5da9d1fd8888ac61a0f7019d
at java.base/jdk.internal.reflect.NativeConstructorAccessorImpl.newInstance0(Native Method)
at java.base/jdk.internal.reflect.NativeConstructorAccessorImpl.newInstance(NativeConstructorAccessorImpl.java:77)
at java.base/jdk.internal.reflect.DelegatingConstructorAccessorImpl.newInstance(DelegatingConstructorAccessorImpl.java:45)
at java.base/java.lang.reflect.Constructor.newInstanceWithCaller(Constructor.java:499)
at java.base/java.lang.reflect.Constructor.newInstance(Constructor.java:480)
at org.openqa.selenium.remote.codec.w3c.W3CHttpResponseCodec.createException(W3CHttpResponseCodec.java:200)
at org.openqa.selenium.remote.codec.w3c.W3CHttpResponseCodec.decode(W3CHttpResponseCodec.java:133)
at org.openqa.selenium.remote.codec.w3c.W3CHttpResponseCodec.decode(W3CHttpResponseCodec.java:53)
at org.openqa.selenium.remote.HttpCommandExecutor.execute(HttpCommandExecutor.java:184)
at org.openqa.selenium.remote.service.DriverCommandExecutor.invokeExecute(DriverCommandExecutor.java:167)
at org.openqa.selenium.remote.service.DriverCommandExecutor.execute(DriverCommandExecutor.java:142)
at org.openqa.selenium.remote.RemoteWebDriver.execute(RemoteWebDriver.java:558)
at org.openqa.selenium.remote.ElementLocation$ElementFinder$2.findElement(ElementLocation.java:162)
at org.openqa.selenium.remote.ElementLocation.findElement(ElementLocation.java:60)
at org.openqa.selenium.remote.RemoteWebDriver.findElement(RemoteWebDriver.java:382)
at org.openqa.selenium.remote.RemoteWebDriver.findElement(RemoteWebDriver.java:374)
at pageObject.CallReportPO.FilterSearchWithActivity(CallReportPO.java:134)
at com.spokenly.digitarm.CallReportTest.GridVerification(CallReportTest.java:91)
at jdk.internal.reflect.GeneratedMethodAccessor5.invoke(Unknown Source)
at java.base/jdk.internal.reflect.DelegatingMethodAccessorImpl.invoke(DelegatingMethodAccessorImpl.java:43)
at java.base/java.lang.reflect.Method.invoke(Method.java:568)
at org.testng.internal.invokers.MethodInvocationHelper.invokeMethod(MethodInvocationHelper.java:135)
at org.testng.internal.invokers.TestInvoker.invokeMethod(TestInvoker.java:673)
at org.testng.internal.invokers.TestInvoker.invokeTestMethod(TestInvoker.java:220)
at org.testng.internal.invokers.MethodRunner.runInSequence(MethodRunner.java:50)
at org.testng.internal.invokers.TestInvoker$MethodInvocationAgent.invoke(TestInvoker.java:945)
at org.testng.internal.invokers.TestInvoker.invokeTestMethods(TestInvoker.java:193)
at org.testng.internal.invokers.TestMethodWorker.invokeTestMethods(TestMethodWorker.java:146)
at org.testng.internal.invokers.TestMethodWorker.run(TestMethodWorker.java:128)
at java.base/java.util.ArrayList.forEach(ArrayList.java:1511)
at org.testng.TestRunner.privateRun(TestRunner.java:808)
at org.testng.TestRunner.run(TestRunner.java:603)
at org.testng.SuiteRunner.runTest(SuiteRunner.java:429)
at org.testng.SuiteRunner.runSequentially(SuiteRunner.java:423)
at org.testng.SuiteRunner.privateRun(SuiteRunner.java:383)
at org.testng.SuiteRunner.run(SuiteRunner.java:326)
at org.testng.SuiteRunnerWorker.runSuite(SuiteRunnerWorker.java:52)
at org.testng.SuiteRunnerWorker.run(SuiteRunnerWorker.java:95)
at org.testng.TestNG.runSuitesSequentially(TestNG.java:1249)
at org.testng.TestNG.runSuitesLocally(TestNG.java:1169)
at org.testng.TestNG.runSuites(TestNG.java:1092)
at org.testng.TestNG.run(TestNG.java:1060)
at org.testng.remote.AbstractRemoteTestNG.run(AbstractRemoteTestNG.java:115)
at org.testng.remote.RemoteTestNG.initAndRun(RemoteTestNG.java:251)
at org.testng.remote.RemoteTestNG.main(RemoteTestNG.java:77)
]]>
    </error>
  </testcase> <!-- GridVerification -->
  <system-out>
    <![CDATA[Test is starting ....
Logged in successfully
Running Filter ....]]>
  </system-out>
  <testcase classname="com.spokenly.digitarm.CallReportTest" name="GridVerification" time="7.115"/>
  <system-out>
    <![CDATA[Test is starting ....
Logged in successfully
Running Filter ....
Element is present ....]]>
  </system-out>
  <testcase classname="com.spokenly.digitarm.CallReportTest" name="GridVerification" time="7.327"/>
  <system-out>
    <![CDATA[Test is starting ....
Logged in successfully
Running Filter ....
Element is present ....]]>
  </system-out>
  <testcase classname="com.spokenly.digitarm.CallReportTest" name="GridVerification" time="10.046">
    <skipped/>
  </testcase> <!-- GridVerification -->
  <system-out>
    <![CDATA[Test is starting ....
Logged in successfully
Running Filter ....
Element is present ....]]>
  </system-out>
  <testcase classname="com.spokenly.digitarm.CallReportTest" name="GridVerification" time="5.779">
    <skipped/>
  </testcase> <!-- GridVerification -->
  <system-out>
    <![CDATA[Test is starting ....
Logged in successfully
Running Filter ....
Element is present ....]]>
  </system-out>
  <testcase classname="com.spokenly.digitarm.CallReportTest" name="GridVerification" time="12.399">
    <skipped/>
  </testcase> <!-- GridVerification -->
  <system-out>
    <![CDATA[Test is starting ....
Logged in successfully
Running Filter ....
Element is present ....]]>
  </system-out>
  <testcase classname="com.spokenly.digitarm.CallReportTest" name="GridVerification" time="9.464">
    <skipped/>
  </testcase> <!-- GridVerification -->
  <system-out>
    <![CDATA[Test is starting ....
Logged in successfully
Running Filter ....
Element is present ....]]>
  </system-out>
  <testcase classname="com.spokenly.digitarm.CallReportTest" name="GridVerification" time="7.870"/>
  <system-out>
    <![CDATA[Test is starting ....
Logged in successfully
Running Filter ....
Element is present ....]]>
  </system-out>
  <testcase classname="com.spokenly.digitarm.CallReportTest" name="GridVerification" time="5.644">
    <skipped/>
  </testcase> <!-- GridVerification -->
  <system-out>
    <![CDATA[Test is starting ....
Logged in successfully
Running Filter ....
Element is present ....]]>
  </system-out>
  <testcase classname="com.spokenly.digitarm.CallReportTest" name="GridVerification" time="7.806">
    <skipped/>
  </testcase> <!-- GridVerification -->
  <system-out>
    <![CDATA[Test is starting ....
Logged in successfully
Running Filter ....
Element is present ....]]>
  </system-out>
  <testcase classname="com.spokenly.digitarm.CallReportTest" name="GridVerification" time="35.381">
    <error message="no such element: Unable to locate element: {&quot;method&quot;:&quot;xpath&quot;,&quot;selector&quot;:&quot;//li[normalize-space()=&#039;BU_EN_GAZ_GAZPAR_PARIS M2&#039;]&quot;}
  (Session info: chrome=101.0.4951.67)
For documentation on this error, please visit: https://selenium.dev/exceptions/#no_such_element
Build info: version: &#039;4.1.2&#039;, revision: &#039;9a5a329c5a&#039;
System info: host: &#039;DL-LP-36&#039;, ip: &#039;192.168.195.17&#039;, os.name: &#039;Windows 10&#039;, os.arch: &#039;amd64&#039;, os.version: &#039;10.0&#039;, java.version: &#039;17.0.2&#039;
Driver info: org.openqa.selenium.chrome.ChromeDriver
Command: [fdd3effd1e8cc2c5df38c583be2c9360, findElement {using=xpath, value=//li[normalize-space()=&#039;BU_EN_GAZ_GAZPAR_PARIS M2&#039;]}]
Capabilities {acceptInsecureCerts: false, browserName: chrome, browserVersion: 101.0.4951.67, chrome: {chromedriverVersion: 101.0.4951.41 (93c720db8323..., userDataDir: C:\Users\BN275D~1.MOH\AppDa...}, goog:chromeOptions: {debuggerAddress: localhost:58949}, javascriptEnabled: true, networkConnectionEnabled: false, pageLoadStrategy: normal, platform: WINDOWS, platformName: WINDOWS, proxy: Proxy(), se:cdp: ws://localhost:58949/devtoo..., se:cdpVersion: 101.0.4951.67, setWindowRect: true, strictFileInteractability: false, timeouts: {implicit: 0, pageLoad: 300000, script: 30000}, unhandledPromptBehavior: dismiss and notify, webauthn:extension:credBlob: true, webauthn:extension:largeBlob: true, webauthn:virtualAuthenticators: true}
Session ID: fdd3effd1e8cc2c5df38c583be2c9360" type="org.openqa.selenium.NoSuchElementException">
      <![CDATA[org.openqa.selenium.NoSuchElementException: no such element: Unable to locate element: {"method":"xpath","selector":"//li[normalize-space()='BU_EN_GAZ_GAZPAR_PARIS M2']"}
  (Session info: chrome=101.0.4951.67)
For documentation on this error, please visit: https://selenium.dev/exceptions/#no_such_element
Build info: version: '4.1.2', revision: '9a5a329c5a'
System info: host: 'DL-LP-36', ip: '192.168.195.17', os.name: 'Windows 10', os.arch: 'amd64', os.version: '10.0', java.version: '17.0.2'
Driver info: org.openqa.selenium.chrome.ChromeDriver
Command: [fdd3effd1e8cc2c5df38c583be2c9360, findElement {using=xpath, value=//li[normalize-space()='BU_EN_GAZ_GAZPAR_PARIS M2']}]
Capabilities {acceptInsecureCerts: false, browserName: chrome, browserVersion: 101.0.4951.67, chrome: {chromedriverVersion: 101.0.4951.41 (93c720db8323..., userDataDir: C:\Users\BN275D~1.MOH\AppDa...}, goog:chromeOptions: {debuggerAddress: localhost:58949}, javascriptEnabled: true, networkConnectionEnabled: false, pageLoadStrategy: normal, platform: WINDOWS, platformName: WINDOWS, proxy: Proxy(), se:cdp: ws://localhost:58949/devtoo..., se:cdpVersion: 101.0.4951.67, setWindowRect: true, strictFileInteractability: false, timeouts: {implicit: 0, pageLoad: 300000, script: 30000}, unhandledPromptBehavior: dismiss and notify, webauthn:extension:credBlob: true, webauthn:extension:largeBlob: true, webauthn:virtualAuthenticators: true}
Session ID: fdd3effd1e8cc2c5df38c583be2c9360
at java.base/jdk.internal.reflect.NativeConstructorAccessorImpl.newInstance0(Native Method)
at java.base/jdk.internal.reflect.NativeConstructorAccessorImpl.newInstance(NativeConstructorAccessorImpl.java:77)
at java.base/jdk.internal.reflect.DelegatingConstructorAccessorImpl.newInstance(DelegatingConstructorAccessorImpl.java:45)
at java.base/java.lang.reflect.Constructor.newInstanceWithCaller(Constructor.java:499)
at java.base/java.lang.reflect.Constructor.newInstance(Constructor.java:480)
at org.openqa.selenium.remote.codec.w3c.W3CHttpResponseCodec.createException(W3CHttpResponseCodec.java:200)
at org.openqa.selenium.remote.codec.w3c.W3CHttpResponseCodec.decode(W3CHttpResponseCodec.java:133)
at org.openqa.selenium.remote.codec.w3c.W3CHttpResponseCodec.decode(W3CHttpResponseCodec.java:53)
at org.openqa.selenium.remote.HttpCommandExecutor.execute(HttpCommandExecutor.java:184)
at org.openqa.selenium.remote.service.DriverCommandExecutor.invokeExecute(DriverCommandExecutor.java:167)
at org.openqa.selenium.remote.service.DriverCommandExecutor.execute(DriverCommandExecutor.java:142)
at org.openqa.selenium.remote.RemoteWebDriver.execute(RemoteWebDriver.java:558)
at org.openqa.selenium.remote.ElementLocation$ElementFinder$2.findElement(ElementLocation.java:162)
at org.openqa.selenium.remote.ElementLocation.findElement(ElementLocation.java:60)
at org.openqa.selenium.remote.RemoteWebDriver.findElement(RemoteWebDriver.java:382)
at org.openqa.selenium.remote.RemoteWebDriver.findElement(RemoteWebDriver.java:374)
at pageObject.CallReportPO.FilterSearchWithActivity(CallReportPO.java:134)
at com.spokenly.digitarm.CallReportTest.GridVerification(CallReportTest.java:91)
at jdk.internal.reflect.GeneratedMethodAccessor5.invoke(Unknown Source)
at java.base/jdk.internal.reflect.DelegatingMethodAccessorImpl.invoke(DelegatingMethodAccessorImpl.java:43)
at java.base/java.lang.reflect.Method.invoke(Method.java:568)
at org.testng.internal.invokers.MethodInvocationHelper.invokeMethod(MethodInvocationHelper.java:135)
at org.testng.internal.invokers.TestInvoker.invokeMethod(TestInvoker.java:673)
at org.testng.internal.invokers.TestInvoker.invokeTestMethod(TestInvoker.java:220)
at org.testng.internal.invokers.MethodRunner.runInSequence(MethodRunner.java:50)
at org.testng.internal.invokers.TestInvoker$MethodInvocationAgent.invoke(TestInvoker.java:945)
at org.testng.internal.invokers.TestInvoker.invokeTestMethods(TestInvoker.java:193)
at org.testng.internal.invokers.TestMethodWorker.invokeTestMethods(TestMethodWorker.java:146)
at org.testng.internal.invokers.TestMethodWorker.run(TestMethodWorker.java:128)
at java.base/java.util.ArrayList.forEach(ArrayList.java:1511)
at org.testng.TestRunner.privateRun(TestRunner.java:808)
at org.testng.TestRunner.run(TestRunner.java:603)
at org.testng.SuiteRunner.runTest(SuiteRunner.java:429)
at org.testng.SuiteRunner.runSequentially(SuiteRunner.java:423)
at org.testng.SuiteRunner.privateRun(SuiteRunner.java:383)
at org.testng.SuiteRunner.run(SuiteRunner.java:326)
at org.testng.SuiteRunnerWorker.runSuite(SuiteRunnerWorker.java:52)
at org.testng.SuiteRunnerWorker.run(SuiteRunnerWorker.java:95)
at org.testng.TestNG.runSuitesSequentially(TestNG.java:1249)
at org.testng.TestNG.runSuitesLocally(TestNG.java:1169)
at org.testng.TestNG.runSuites(TestNG.java:1092)
at org.testng.TestNG.run(TestNG.java:1060)
at org.testng.remote.AbstractRemoteTestNG.run(AbstractRemoteTestNG.java:115)
at org.testng.remote.RemoteTestNG.initAndRun(RemoteTestNG.java:251)
at org.testng.remote.RemoteTestNG.main(RemoteTestNG.java:77)
]]>
    </error>
  </testcase> <!-- GridVerification -->
  <system-out>
    <![CDATA[Test is starting ....
Logged in successfully
Running Filter ....]]>
  </system-out>
  <testcase classname="com.spokenly.digitarm.CallReportTest" name="GridVerification" time="9.735">
    <skipped/>
  </testcase> <!-- GridVerification -->
  <system-out>
    <![CDATA[Test is starting ....
Logged in successfully
Running Filter ....
Element is present ....]]>
  </system-out>
  <testcase classname="com.spokenly.digitarm.CallReportTest" name="GridVerification" time="9.574">
    <skipped/>
  </testcase> <!-- GridVerification -->
  <system-out>
    <![CDATA[Test is starting ....
Logged in successfully
Running Filter ....
Element is present ....]]>
  </system-out>
  <testcase classname="com.spokenly.digitarm.CallReportTest" name="GridVerification" time="6.404">
    <skipped/>
  </testcase> <!-- GridVerification -->
  <system-out>
    <![CDATA[Test is starting ....
Logged in successfully
Running Filter ....
Element is present ....]]>
  </system-out>
  <testcase classname="com.spokenly.digitarm.CallReportTest" name="GridVerification" time="8.711"/>
  <system-out>
    <![CDATA[Test is starting ....
Logged in successfully
Running Filter ....
Element is present ....]]>
  </system-out>
  <testcase classname="com.spokenly.digitarm.CallReportTest" name="GridVerification" time="7.427"/>
  <system-out>
    <![CDATA[Test is starting ....
Logged in successfully
Running Filter ....
Element is present ....]]>
  </system-out>
  <testcase classname="com.spokenly.digitarm.CallReportTest" name="GridVerification" time="7.152"/>
  <system-out>
    <![CDATA[Test is starting ....
Logged in successfully
Running Filter ....
Element is present ....]]>
  </system-out>
  <testcase classname="com.spokenly.digitarm.CallReportTest" name="GridVerification" time="5.742">
    <skipped/>
  </testcase> <!-- GridVerification -->
  <system-out>
    <![CDATA[Test is starting ....
Logged in successfully
Running Filter ....
Element is present ....]]>
  </system-out>
  <testcase classname="com.spokenly.digitarm.CallReportTest" name="GridVerification" time="8.270"/>
  <system-out>
    <![CDATA[Test is starting ....
Logged in successfully
Running Filter ....
Element is present ....]]>
  </system-out>
  <testcase classname="com.spokenly.digitarm.CallReportTest" name="GridVerification" time="8.994"/>
  <system-out>
    <![CDATA[Test is starting ....
Logged in successfully
Running Filter ....
Element is present ....]]>
  </system-out>
  <testcase classname="com.spokenly.digitarm.CallReportTest" name="GridVerification" time="7.848"/>
  <system-out>
    <![CDATA[Test is starting ....
Logged in successfully
Running Filter ....
Element is present ....]]>
  </system-out>
  <testcase classname="com.spokenly.digitarm.CallReportTest" name="GridVerification" time="7.015"/>
  <system-out>
    <![CDATA[Test is starting ....
Logged in successfully
Running Filter ....
Element is present ....]]>
  </system-out>
  <testcase classname="com.spokenly.digitarm.CallReportTest" name="GridVerification" time="5.882">
    <skipped/>
  </testcase> <!-- GridVerification -->
  <system-out>
    <![CDATA[Test is starting ....
Logged in successfully
Running Filter ....
Element is present ....]]>
  </system-out>
  <testcase classname="com.spokenly.digitarm.CallReportTest" name="GridVerification" time="8.858"/>
  <system-out>
    <![CDATA[Test is starting ....
Logged in successfully
Running Filter ....
Element is present ....]]>
  </system-out>
  <testcase classname="com.spokenly.digitarm.CallReportTest" name="GridVerification" time="5.889">
    <skipped/>
  </testcase> <!-- GridVerification -->
  <system-out>
    <![CDATA[Test is starting ....
Logged in successfully
Running Filter ....
Element is present ....]]>
  </system-out>
  <testcase classname="com.spokenly.digitarm.CallReportTest" name="GridVerification" time="5.818">
    <skipped/>
  </testcase> <!-- GridVerification -->
  <system-out>
    <![CDATA[Test is starting ....
Logged in successfully
Running Filter ....
Element is present ....]]>
  </system-out>
  <testcase classname="com.spokenly.digitarm.CallReportTest" name="GridVerification" time="5.428">
    <skipped/>
  </testcase> <!-- GridVerification -->
  <system-out>
    <![CDATA[Test is starting ....
Logged in successfully
Running Filter ....
Element is present ....]]>
  </system-out>
  <testcase classname="com.spokenly.digitarm.CallReportTest" name="GridVerification" time="34.895">
    <error message="no such element: Unable to locate element: {&quot;method&quot;:&quot;xpath&quot;,&quot;selector&quot;:&quot;//li[normalize-space()=&#039;BU_EN_GAZ_COURRIERS&#039;]&quot;}
  (Session info: chrome=101.0.4951.67)
For documentation on this error, please visit: https://selenium.dev/exceptions/#no_such_element
Build info: version: &#039;4.1.2&#039;, revision: &#039;9a5a329c5a&#039;
System info: host: &#039;DL-LP-36&#039;, ip: &#039;192.168.195.17&#039;, os.name: &#039;Windows 10&#039;, os.arch: &#039;amd64&#039;, os.version: &#039;10.0&#039;, java.version: &#039;17.0.2&#039;
Driver info: org.openqa.selenium.chrome.ChromeDriver
Command: [cc303934ab95eeea67602009c53d7727, findElement {using=xpath, value=//li[normalize-space()=&#039;BU_EN_GAZ_COURRIERS&#039;]}]
Capabilities {acceptInsecureCerts: false, browserName: chrome, browserVersion: 101.0.4951.67, chrome: {chromedriverVersion: 101.0.4951.41 (93c720db8323..., userDataDir: C:\Users\BN275D~1.MOH\AppDa...}, goog:chromeOptions: {debuggerAddress: localhost:60171}, javascriptEnabled: true, networkConnectionEnabled: false, pageLoadStrategy: normal, platform: WINDOWS, platformName: WINDOWS, proxy: Proxy(), se:cdp: ws://localhost:60171/devtoo..., se:cdpVersion: 101.0.4951.67, setWindowRect: true, strictFileInteractability: false, timeouts: {implicit: 0, pageLoad: 300000, script: 30000}, unhandledPromptBehavior: dismiss and notify, webauthn:extension:credBlob: true, webauthn:extension:largeBlob: true, webauthn:virtualAuthenticators: true}
Session ID: cc303934ab95eeea67602009c53d7727" type="org.openqa.selenium.NoSuchElementException">
      <![CDATA[org.openqa.selenium.NoSuchElementException: no such element: Unable to locate element: {"method":"xpath","selector":"//li[normalize-space()='BU_EN_GAZ_COURRIERS']"}
  (Session info: chrome=101.0.4951.67)
For documentation on this error, please visit: https://selenium.dev/exceptions/#no_such_element
Build info: version: '4.1.2', revision: '9a5a329c5a'
System info: host: 'DL-LP-36', ip: '192.168.195.17', os.name: 'Windows 10', os.arch: 'amd64', os.version: '10.0', java.version: '17.0.2'
Driver info: org.openqa.selenium.chrome.ChromeDriver
Command: [cc303934ab95eeea67602009c53d7727, findElement {using=xpath, value=//li[normalize-space()='BU_EN_GAZ_COURRIERS']}]
Capabilities {acceptInsecureCerts: false, browserName: chrome, browserVersion: 101.0.4951.67, chrome: {chromedriverVersion: 101.0.4951.41 (93c720db8323..., userDataDir: C:\Users\BN275D~1.MOH\AppDa...}, goog:chromeOptions: {debuggerAddress: localhost:60171}, javascriptEnabled: true, networkConnectionEnabled: false, pageLoadStrategy: normal, platform: WINDOWS, platformName: WINDOWS, proxy: Proxy(), se:cdp: ws://localhost:60171/devtoo..., se:cdpVersion: 101.0.4951.67, setWindowRect: true, strictFileInteractability: false, timeouts: {implicit: 0, pageLoad: 300000, script: 30000}, unhandledPromptBehavior: dismiss and notify, webauthn:extension:credBlob: true, webauthn:extension:largeBlob: true, webauthn:virtualAuthenticators: true}
Session ID: cc303934ab95eeea67602009c53d7727
at jdk.internal.reflect.GeneratedConstructorAccessor55.newInstance(Unknown Source)
at java.base/jdk.internal.reflect.DelegatingConstructorAccessorImpl.newInstance(DelegatingConstructorAccessorImpl.java:45)
at java.base/java.lang.reflect.Constructor.newInstanceWithCaller(Constructor.java:499)
at java.base/java.lang.reflect.Constructor.newInstance(Constructor.java:480)
at org.openqa.selenium.remote.codec.w3c.W3CHttpResponseCodec.createException(W3CHttpResponseCodec.java:200)
at org.openqa.selenium.remote.codec.w3c.W3CHttpResponseCodec.decode(W3CHttpResponseCodec.java:133)
at org.openqa.selenium.remote.codec.w3c.W3CHttpResponseCodec.decode(W3CHttpResponseCodec.java:53)
at org.openqa.selenium.remote.HttpCommandExecutor.execute(HttpCommandExecutor.java:184)
at org.openqa.selenium.remote.service.DriverCommandExecutor.invokeExecute(DriverCommandExecutor.java:167)
at org.openqa.selenium.remote.service.DriverCommandExecutor.execute(DriverCommandExecutor.java:142)
at org.openqa.selenium.remote.RemoteWebDriver.execute(RemoteWebDriver.java:558)
at org.openqa.selenium.remote.ElementLocation$ElementFinder$2.findElement(ElementLocation.java:162)
at org.openqa.selenium.remote.ElementLocation.findElement(ElementLocation.java:60)
at org.openqa.selenium.remote.RemoteWebDriver.findElement(RemoteWebDriver.java:382)
at org.openqa.selenium.remote.RemoteWebDriver.findElement(RemoteWebDriver.java:374)
at pageObject.CallReportPO.FilterSearchWithActivity(CallReportPO.java:134)
at com.spokenly.digitarm.CallReportTest.GridVerification(CallReportTest.java:91)
at jdk.internal.reflect.GeneratedMethodAccessor5.invoke(Unknown Source)
at java.base/jdk.internal.reflect.DelegatingMethodAccessorImpl.invoke(DelegatingMethodAccessorImpl.java:43)
at java.base/java.lang.reflect.Method.invoke(Method.java:568)
at org.testng.internal.invokers.MethodInvocationHelper.invokeMethod(MethodInvocationHelper.java:135)
at org.testng.internal.invokers.TestInvoker.invokeMethod(TestInvoker.java:673)
at org.testng.internal.invokers.TestInvoker.invokeTestMethod(TestInvoker.java:220)
at org.testng.internal.invokers.MethodRunner.runInSequence(MethodRunner.java:50)
at org.testng.internal.invokers.TestInvoker$MethodInvocationAgent.invoke(TestInvoker.java:945)
at org.testng.internal.invokers.TestInvoker.invokeTestMethods(TestInvoker.java:193)
at org.testng.internal.invokers.TestMethodWorker.invokeTestMethods(TestMethodWorker.java:146)
at org.testng.internal.invokers.TestMethodWorker.run(TestMethodWorker.java:128)
at java.base/java.util.ArrayList.forEach(ArrayList.java:1511)
at org.testng.TestRunner.privateRun(TestRunner.java:808)
at org.testng.TestRunner.run(TestRunner.java:603)
at org.testng.SuiteRunner.runTest(SuiteRunner.java:429)
at org.testng.SuiteRunner.runSequentially(SuiteRunner.java:423)
at org.testng.SuiteRunner.privateRun(SuiteRunner.java:383)
at org.testng.SuiteRunner.run(SuiteRunner.java:326)
at org.testng.SuiteRunnerWorker.runSuite(SuiteRunnerWorker.java:52)
at org.testng.SuiteRunnerWorker.run(SuiteRunnerWorker.java:95)
at org.testng.TestNG.runSuitesSequentially(TestNG.java:1249)
at org.testng.TestNG.runSuitesLocally(TestNG.java:1169)
at org.testng.TestNG.runSuites(TestNG.java:1092)
at org.testng.TestNG.run(TestNG.java:1060)
at org.testng.remote.AbstractRemoteTestNG.run(AbstractRemoteTestNG.java:115)
at org.testng.remote.RemoteTestNG.initAndRun(RemoteTestNG.java:251)
at org.testng.remote.RemoteTestNG.main(RemoteTestNG.java:77)
]]>
    </error>
  </testcase> <!-- GridVerification -->
  <system-out>
    <![CDATA[Test is starting ....
Logged in successfully
Running Filter ....]]>
  </system-out>
  <testcase classname="com.spokenly.digitarm.CallReportTest" name="GridVerification" time="7.764">
    <skipped/>
  </testcase> <!-- GridVerification -->
  <system-out>
    <![CDATA[Test is starting ....
Logged in successfully
Running Filter ....
Element is present ....]]>
  </system-out>
  <testcase classname="com.spokenly.digitarm.CallReportTest" name="GridVerification" time="38.749">
    <error message="no such element: Unable to locate element: {&quot;method&quot;:&quot;xpath&quot;,&quot;selector&quot;:&quot;//li[normalize-space()=&#039;BU_EN_GAZ_GAZPAR_MARSEILLE&#039;]&quot;}
  (Session info: chrome=101.0.4951.67)
For documentation on this error, please visit: https://selenium.dev/exceptions/#no_such_element
Build info: version: &#039;4.1.2&#039;, revision: &#039;9a5a329c5a&#039;
System info: host: &#039;DL-LP-36&#039;, ip: &#039;192.168.195.17&#039;, os.name: &#039;Windows 10&#039;, os.arch: &#039;amd64&#039;, os.version: &#039;10.0&#039;, java.version: &#039;17.0.2&#039;
Driver info: org.openqa.selenium.chrome.ChromeDriver
Command: [2bfbec7cfc5899f775090eb743915dc1, findElement {using=xpath, value=//li[normalize-space()=&#039;BU_EN_GAZ_GAZPAR_MARSEILLE&#039;]}]
Capabilities {acceptInsecureCerts: false, browserName: chrome, browserVersion: 101.0.4951.67, chrome: {chromedriverVersion: 101.0.4951.41 (93c720db8323..., userDataDir: C:\Users\BN275D~1.MOH\AppDa...}, goog:chromeOptions: {debuggerAddress: localhost:58840}, javascriptEnabled: true, networkConnectionEnabled: false, pageLoadStrategy: normal, platform: WINDOWS, platformName: WINDOWS, proxy: Proxy(), se:cdp: ws://localhost:58840/devtoo..., se:cdpVersion: 101.0.4951.67, setWindowRect: true, strictFileInteractability: false, timeouts: {implicit: 0, pageLoad: 300000, script: 30000}, unhandledPromptBehavior: dismiss and notify, webauthn:extension:credBlob: true, webauthn:extension:largeBlob: true, webauthn:virtualAuthenticators: true}
Session ID: 2bfbec7cfc5899f775090eb743915dc1" type="org.openqa.selenium.NoSuchElementException">
      <![CDATA[org.openqa.selenium.NoSuchElementException: no such element: Unable to locate element: {"method":"xpath","selector":"//li[normalize-space()='BU_EN_GAZ_GAZPAR_MARSEILLE']"}
  (Session info: chrome=101.0.4951.67)
For documentation on this error, please visit: https://selenium.dev/exceptions/#no_such_element
Build info: version: '4.1.2', revision: '9a5a329c5a'
System info: host: 'DL-LP-36', ip: '192.168.195.17', os.name: 'Windows 10', os.arch: 'amd64', os.version: '10.0', java.version: '17.0.2'
Driver info: org.openqa.selenium.chrome.ChromeDriver
Command: [2bfbec7cfc5899f775090eb743915dc1, findElement {using=xpath, value=//li[normalize-space()='BU_EN_GAZ_GAZPAR_MARSEILLE']}]
Capabilities {acceptInsecureCerts: false, browserName: chrome, browserVersion: 101.0.4951.67, chrome: {chromedriverVersion: 101.0.4951.41 (93c720db8323..., userDataDir: C:\Users\BN275D~1.MOH\AppDa...}, goog:chromeOptions: {debuggerAddress: localhost:58840}, javascriptEnabled: true, networkConnectionEnabled: false, pageLoadStrategy: normal, platform: WINDOWS, platformName: WINDOWS, proxy: Proxy(), se:cdp: ws://localhost:58840/devtoo..., se:cdpVersion: 101.0.4951.67, setWindowRect: true, strictFileInteractability: false, timeouts: {implicit: 0, pageLoad: 300000, script: 30000}, unhandledPromptBehavior: dismiss and notify, webauthn:extension:credBlob: true, webauthn:extension:largeBlob: true, webauthn:virtualAuthenticators: true}
Session ID: 2bfbec7cfc5899f775090eb743915dc1
at java.base/jdk.internal.reflect.NativeConstructorAccessorImpl.newInstance0(Native Method)
at java.base/jdk.internal.reflect.NativeConstructorAccessorImpl.newInstance(NativeConstructorAccessorImpl.java:77)
at java.base/jdk.internal.reflect.DelegatingConstructorAccessorImpl.newInstance(DelegatingConstructorAccessorImpl.java:45)
at java.base/java.lang.reflect.Constructor.newInstanceWithCaller(Constructor.java:499)
at java.base/java.lang.reflect.Constructor.newInstance(Constructor.java:480)
at org.openqa.selenium.remote.codec.w3c.W3CHttpResponseCodec.createException(W3CHttpResponseCodec.java:200)
at org.openqa.selenium.remote.codec.w3c.W3CHttpResponseCodec.decode(W3CHttpResponseCodec.java:133)
at org.openqa.selenium.remote.codec.w3c.W3CHttpResponseCodec.decode(W3CHttpResponseCodec.java:53)
at org.openqa.selenium.remote.HttpCommandExecutor.execute(HttpCommandExecutor.java:184)
at org.openqa.selenium.remote.service.DriverCommandExecutor.invokeExecute(DriverCommandExecutor.java:167)
at org.openqa.selenium.remote.service.DriverCommandExecutor.execute(DriverCommandExecutor.java:142)
at org.openqa.selenium.remote.RemoteWebDriver.execute(RemoteWebDriver.java:558)
at org.openqa.selenium.remote.ElementLocation$ElementFinder$2.findElement(ElementLocation.java:162)
at org.openqa.selenium.remote.ElementLocation.findElement(ElementLocation.java:60)
at org.openqa.selenium.remote.RemoteWebDriver.findElement(RemoteWebDriver.java:382)
at org.openqa.selenium.remote.RemoteWebDriver.findElement(RemoteWebDriver.java:374)
at pageObject.CallReportPO.FilterSearchWithActivity(CallReportPO.java:134)
at com.spokenly.digitarm.CallReportTest.GridVerification(CallReportTest.java:91)
at jdk.internal.reflect.GeneratedMethodAccessor5.invoke(Unknown Source)
at java.base/jdk.internal.reflect.DelegatingMethodAccessorImpl.invoke(DelegatingMethodAccessorImpl.java:43)
at java.base/java.lang.reflect.Method.invoke(Method.java:568)
at org.testng.internal.invokers.MethodInvocationHelper.invokeMethod(MethodInvocationHelper.java:135)
at org.testng.internal.invokers.TestInvoker.invokeMethod(TestInvoker.java:673)
at org.testng.internal.invokers.TestInvoker.invokeTestMethod(TestInvoker.java:220)
at org.testng.internal.invokers.MethodRunner.runInSequence(MethodRunner.java:50)
at org.testng.internal.invokers.TestInvoker$MethodInvocationAgent.invoke(TestInvoker.java:945)
at org.testng.internal.invokers.TestInvoker.invokeTestMethods(TestInvoker.java:193)
at org.testng.internal.invokers.TestMethodWorker.invokeTestMethods(TestMethodWorker.java:146)
at org.testng.internal.invokers.TestMethodWorker.run(TestMethodWorker.java:128)
at java.base/java.util.ArrayList.forEach(ArrayList.java:1511)
at org.testng.TestRunner.privateRun(TestRunner.java:808)
at org.testng.TestRunner.run(TestRunner.java:603)
at org.testng.SuiteRunner.runTest(SuiteRunner.java:429)
at org.testng.SuiteRunner.runSequentially(SuiteRunner.java:423)
at org.testng.SuiteRunner.privateRun(SuiteRunner.java:383)
at org.testng.SuiteRunner.run(SuiteRunner.java:326)
at org.testng.SuiteRunnerWorker.runSuite(SuiteRunnerWorker.java:52)
at org.testng.SuiteRunnerWorker.run(SuiteRunnerWorker.java:95)
at org.testng.TestNG.runSuitesSequentially(TestNG.java:1249)
at org.testng.TestNG.runSuitesLocally(TestNG.java:1169)
at org.testng.TestNG.runSuites(TestNG.java:1092)
at org.testng.TestNG.run(TestNG.java:1060)
at org.testng.remote.AbstractRemoteTestNG.run(AbstractRemoteTestNG.java:115)
at org.testng.remote.RemoteTestNG.initAndRun(RemoteTestNG.java:251)
at org.testng.remote.RemoteTestNG.main(RemoteTestNG.java:77)
]]>
    </error>
  </testcase> <!-- GridVerification -->
  <system-out>
    <![CDATA[Test is starting ....
Logged in successfully
Running Filter ....]]>
  </system-out>
  <testcase classname="com.spokenly.digitarm.CallReportTest" name="GridVerification" time="5.910">
    <skipped/>
  </testcase> <!-- GridVerification -->
  <system-out>
    <![CDATA[Test is starting ....
Logged in successfully
Running Filter ....
Element is present ....]]>
  </system-out>
  <testcase classname="com.spokenly.digitarm.CallReportTest" name="GridVerification" time="5.976">
    <skipped/>
  </testcase> <!-- GridVerification -->
  <system-out>
    <![CDATA[Test is starting ....
Logged in successfully
Running Filter ....
Element is present ....]]>
  </system-out>
  <testcase classname="com.spokenly.digitarm.CallReportTest" name="GridVerification" time="7.986">
    <skipped/>
  </testcase> <!-- GridVerification -->
  <system-out>
    <![CDATA[Test is starting ....
Logged in successfully
Running Filter ....
Element is present ....]]>
  </system-out>
  <testcase classname="com.spokenly.digitarm.CallReportTest" name="GridVerification" time="5.665">
    <skipped/>
  </testcase> <!-- GridVerification -->
  <system-out>
    <![CDATA[Test is starting ....
Logged in successfully
Running Filter ....
Element is present ....]]>
  </system-out>
  <testcase classname="com.spokenly.digitarm.CallReportTest" name="GridVerification" time="5.979">
    <skipped/>
  </testcase> <!-- GridVerification -->
  <system-out>
    <![CDATA[Test is starting ....
Logged in successfully
Running Filter ....
Element is present ....]]>
  </system-out>
  <testcase classname="com.spokenly.digitarm.CallReportTest" name="GridVerification" time="5.696">
    <skipped/>
  </testcase> <!-- GridVerification -->
  <system-out>
    <![CDATA[Test is starting ....
Logged in successfully
Running Filter ....
Element is present ....]]>
  </system-out>
  <testcase classname="com.spokenly.digitarm.CallReportTest" name="GridVerification" time="10.695">
    <skipped/>
  </testcase> <!-- GridVerification -->
  <system-out>
    <![CDATA[Test is starting ....
Logged in successfully
Running Filter ....
Element is present ....]]>
  </system-out>
  <testcase classname="com.spokenly.digitarm.CallReportTest" name="GridVerification" time="9.517">
    <skipped/>
  </testcase> <!-- GridVerification -->
  <system-out>
    <![CDATA[Test is starting ....
Logged in successfully
Running Filter ....
Element is present ....]]>
  </system-out>
  <testcase classname="com.spokenly.digitarm.CallReportTest" name="GridVerification" time="10.014"/>
  <system-out>
    <![CDATA[Test is starting ....
Logged in successfully
Running Filter ....
Element is present ....]]>
  </system-out>
  <testcase classname="com.spokenly.digitarm.CallReportTest" name="GridVerification" time="10.065">
    <skipped/>
  </testcase> <!-- GridVerification -->
  <system-out>
    <![CDATA[Test is starting ....
Logged in successfully
Running Filter ....
Element is present ....]]>
  </system-out>
  <testcase classname="com.spokenly.digitarm.CallReportTest" name="GridVerification" time="8.118"/>
  <system-out>
    <![CDATA[Test is starting ....
Logged in successfully
Running Filter ....
Element is present ....]]>
  </system-out>
  <testcase classname="com.spokenly.digitarm.CallReportTest" name="GridVerification" time="6.128">
    <skipped/>
  </testcase> <!-- GridVerification -->
  <system-out>
    <![CDATA[Test is starting ....
Logged in successfully
Running Filter ....
Element is present ....]]>
  </system-out>
  <testcase classname="com.spokenly.digitarm.CallReportTest" name="GridVerification" time="34.611">
    <error message="no such element: Unable to locate element: {&quot;method&quot;:&quot;xpath&quot;,&quot;selector&quot;:&quot;//li[normalize-space()=&#039;BU_EN_GAZ_COURRIERS DIFFUSIONS&#039;]&quot;}
  (Session info: chrome=101.0.4951.67)
For documentation on this error, please visit: https://selenium.dev/exceptions/#no_such_element
Build info: version: &#039;4.1.2&#039;, revision: &#039;9a5a329c5a&#039;
System info: host: &#039;DL-LP-36&#039;, ip: &#039;192.168.195.17&#039;, os.name: &#039;Windows 10&#039;, os.arch: &#039;amd64&#039;, os.version: &#039;10.0&#039;, java.version: &#039;17.0.2&#039;
Driver info: org.openqa.selenium.chrome.ChromeDriver
Command: [7dc851fe9196f971081b588ba30e4b9d, findElement {using=xpath, value=//li[normalize-space()=&#039;BU_EN_GAZ_COURRIERS DIFFUSIONS&#039;]}]
Capabilities {acceptInsecureCerts: false, browserName: chrome, browserVersion: 101.0.4951.67, chrome: {chromedriverVersion: 101.0.4951.41 (93c720db8323..., userDataDir: C:\Users\BN275D~1.MOH\AppDa...}, goog:chromeOptions: {debuggerAddress: localhost:59441}, javascriptEnabled: true, networkConnectionEnabled: false, pageLoadStrategy: normal, platform: WINDOWS, platformName: WINDOWS, proxy: Proxy(), se:cdp: ws://localhost:59441/devtoo..., se:cdpVersion: 101.0.4951.67, setWindowRect: true, strictFileInteractability: false, timeouts: {implicit: 0, pageLoad: 300000, script: 30000}, unhandledPromptBehavior: dismiss and notify, webauthn:extension:credBlob: true, webauthn:extension:largeBlob: true, webauthn:virtualAuthenticators: true}
Session ID: 7dc851fe9196f971081b588ba30e4b9d" type="org.openqa.selenium.NoSuchElementException">
      <![CDATA[org.openqa.selenium.NoSuchElementException: no such element: Unable to locate element: {"method":"xpath","selector":"//li[normalize-space()='BU_EN_GAZ_COURRIERS DIFFUSIONS']"}
  (Session info: chrome=101.0.4951.67)
For documentation on this error, please visit: https://selenium.dev/exceptions/#no_such_element
Build info: version: '4.1.2', revision: '9a5a329c5a'
System info: host: 'DL-LP-36', ip: '192.168.195.17', os.name: 'Windows 10', os.arch: 'amd64', os.version: '10.0', java.version: '17.0.2'
Driver info: org.openqa.selenium.chrome.ChromeDriver
Command: [7dc851fe9196f971081b588ba30e4b9d, findElement {using=xpath, value=//li[normalize-space()='BU_EN_GAZ_COURRIERS DIFFUSIONS']}]
Capabilities {acceptInsecureCerts: false, browserName: chrome, browserVersion: 101.0.4951.67, chrome: {chromedriverVersion: 101.0.4951.41 (93c720db8323..., userDataDir: C:\Users\BN275D~1.MOH\AppDa...}, goog:chromeOptions: {debuggerAddress: localhost:59441}, javascriptEnabled: true, networkConnectionEnabled: false, pageLoadStrategy: normal, platform: WINDOWS, platformName: WINDOWS, proxy: Proxy(), se:cdp: ws://localhost:59441/devtoo..., se:cdpVersion: 101.0.4951.67, setWindowRect: true, strictFileInteractability: false, timeouts: {implicit: 0, pageLoad: 300000, script: 30000}, unhandledPromptBehavior: dismiss and notify, webauthn:extension:credBlob: true, webauthn:extension:largeBlob: true, webauthn:virtualAuthenticators: true}
Session ID: 7dc851fe9196f971081b588ba30e4b9d
at java.base/jdk.internal.reflect.NativeConstructorAccessorImpl.newInstance0(Native Method)
at java.base/jdk.internal.reflect.NativeConstructorAccessorImpl.newInstance(NativeConstructorAccessorImpl.java:77)
at java.base/jdk.internal.reflect.DelegatingConstructorAccessorImpl.newInstance(DelegatingConstructorAccessorImpl.java:45)
at java.base/java.lang.reflect.Constructor.newInstanceWithCaller(Constructor.java:499)
at java.base/java.lang.reflect.Constructor.newInstance(Constructor.java:480)
at org.openqa.selenium.remote.codec.w3c.W3CHttpResponseCodec.createException(W3CHttpResponseCodec.java:200)
at org.openqa.selenium.remote.codec.w3c.W3CHttpResponseCodec.decode(W3CHttpResponseCodec.java:133)
at org.openqa.selenium.remote.codec.w3c.W3CHttpResponseCodec.decode(W3CHttpResponseCodec.java:53)
at org.openqa.selenium.remote.HttpCommandExecutor.execute(HttpCommandExecutor.java:184)
at org.openqa.selenium.remote.service.DriverCommandExecutor.invokeExecute(DriverCommandExecutor.java:167)
at org.openqa.selenium.remote.service.DriverCommandExecutor.execute(DriverCommandExecutor.java:142)
at org.openqa.selenium.remote.RemoteWebDriver.execute(RemoteWebDriver.java:558)
at org.openqa.selenium.remote.ElementLocation$ElementFinder$2.findElement(ElementLocation.java:162)
at org.openqa.selenium.remote.ElementLocation.findElement(ElementLocation.java:60)
at org.openqa.selenium.remote.RemoteWebDriver.findElement(RemoteWebDriver.java:382)
at org.openqa.selenium.remote.RemoteWebDriver.findElement(RemoteWebDriver.java:374)
at pageObject.CallReportPO.FilterSearchWithActivity(CallReportPO.java:134)
at com.spokenly.digitarm.CallReportTest.GridVerification(CallReportTest.java:91)
at jdk.internal.reflect.GeneratedMethodAccessor5.invoke(Unknown Source)
at java.base/jdk.internal.reflect.DelegatingMethodAccessorImpl.invoke(DelegatingMethodAccessorImpl.java:43)
at java.base/java.lang.reflect.Method.invoke(Method.java:568)
at org.testng.internal.invokers.MethodInvocationHelper.invokeMethod(MethodInvocationHelper.java:135)
at org.testng.internal.invokers.TestInvoker.invokeMethod(TestInvoker.java:673)
at org.testng.internal.invokers.TestInvoker.invokeTestMethod(TestInvoker.java:220)
at org.testng.internal.invokers.MethodRunner.runInSequence(MethodRunner.java:50)
at org.testng.internal.invokers.TestInvoker$MethodInvocationAgent.invoke(TestInvoker.java:945)
at org.testng.internal.invokers.TestInvoker.invokeTestMethods(TestInvoker.java:193)
at org.testng.internal.invokers.TestMethodWorker.invokeTestMethods(TestMethodWorker.java:146)
at org.testng.internal.invokers.TestMethodWorker.run(TestMethodWorker.java:128)
at java.base/java.util.ArrayList.forEach(ArrayList.java:1511)
at org.testng.TestRunner.privateRun(TestRunner.java:808)
at org.testng.TestRunner.run(TestRunner.java:603)
at org.testng.SuiteRunner.runTest(SuiteRunner.java:429)
at org.testng.SuiteRunner.runSequentially(SuiteRunner.java:423)
at org.testng.SuiteRunner.privateRun(SuiteRunner.java:383)
at org.testng.SuiteRunner.run(SuiteRunner.java:326)
at org.testng.SuiteRunnerWorker.runSuite(SuiteRunnerWorker.java:52)
at org.testng.SuiteRunnerWorker.run(SuiteRunnerWorker.java:95)
at org.testng.TestNG.runSuitesSequentially(TestNG.java:1249)
at org.testng.TestNG.runSuitesLocally(TestNG.java:1169)
at org.testng.TestNG.runSuites(TestNG.java:1092)
at org.testng.TestNG.run(TestNG.java:1060)
at org.testng.remote.AbstractRemoteTestNG.run(AbstractRemoteTestNG.java:115)
at org.testng.remote.RemoteTestNG.initAndRun(RemoteTestNG.java:251)
at org.testng.remote.RemoteTestNG.main(RemoteTestNG.java:77)
]]>
    </error>
  </testcase> <!-- GridVerification -->
  <system-out>
    <![CDATA[Test is starting ....
Logged in successfully
Running Filter ....]]>
  </system-out>
  <testcase classname="com.spokenly.digitarm.CallReportTest" name="GridVerification" time="6.536">
    <skipped/>
  </testcase> <!-- GridVerification -->
  <system-out>
    <![CDATA[Test is starting ....
Logged in successfully
Running Filter ....
Element is present ....]]>
  </system-out>
  <testcase classname="com.spokenly.digitarm.CallReportTest" name="GridVerification" time="6.013">
    <skipped/>
  </testcase> <!-- GridVerification -->
  <system-out>
    <![CDATA[Test is starting ....
Logged in successfully
Running Filter ....
Element is present ....]]>
  </system-out>
  <testcase classname="com.spokenly.digitarm.CallReportTest" name="GridVerification" time="6.061">
    <skipped/>
  </testcase> <!-- GridVerification -->
  <system-out>
    <![CDATA[Test is starting ....
Logged in successfully
Running Filter ....
Element is present ....]]>
  </system-out>
  <testcase classname="com.spokenly.digitarm.CallReportTest" name="GridVerification" time="6.496">
    <skipped/>
  </testcase> <!-- GridVerification -->
  <system-out>
    <![CDATA[Test is starting ....
Logged in successfully
Running Filter ....
Element is present ....]]>
  </system-out>
  <testcase classname="com.spokenly.digitarm.CallReportTest" name="GridVerification" time="5.642">
    <skipped/>
  </testcase> <!-- GridVerification -->
  <system-out>
    <![CDATA[Test is starting ....
Logged in successfully
Running Filter ....
Element is present ....]]>
  </system-out>
  <testcase classname="com.spokenly.digitarm.CallReportTest" name="GridVerification" time="8.112"/>
  <system-out>
    <![CDATA[Test is starting ....
Logged in successfully
Running Filter ....
Element is present ....]]>
  </system-out>
  <testcase classname="com.spokenly.digitarm.CallReportTest" name="GridVerification" time="18.870">
    <skipped/>
  </testcase> <!-- GridVerification -->
  <system-out>
    <![CDATA[Test is starting ....
Logged in successfully
Running Filter ....
Element is present ....]]>
  </system-out>
  <testcase classname="com.spokenly.digitarm.CallReportTest" name="GridVerification" time="9.756"/>
  <system-out>
    <![CDATA[Test is starting ....
Logged in successfully
Running Filter ....
Element is present ....]]>
  </system-out>
  <testcase classname="com.spokenly.digitarm.CallReportTest" name="GridVerification" time="6.305">
    <skipped/>
  </testcase> <!-- GridVerification -->
  <system-out>
    <![CDATA[Test is starting ....
Logged in successfully
Running Filter ....
Element is present ....]]>
  </system-out>
  <testcase classname="com.spokenly.digitarm.CallReportTest" name="GridVerification" time="6.110">
    <skipped/>
  </testcase> <!-- GridVerification -->
  <system-out>
    <![CDATA[Test is starting ....
Logged in successfully
Running Filter ....
Element is present ....]]>
  </system-out>
  <testcase classname="com.spokenly.digitarm.CallReportTest" name="GridVerification" time="7.012">
    <skipped/>
  </testcase> <!-- GridVerification -->
  <system-out>
    <![CDATA[Test is starting ....
Logged in successfully
Running Filter ....
Element is present ....]]>
  </system-out>
  <testcase classname="com.spokenly.digitarm.CallReportTest" name="GridVerification" time="12.780">
    <skipped/>
  </testcase> <!-- GridVerification -->
  <system-out>
    <![CDATA[Test is starting ....
Logged in successfully
Running Filter ....
Element is present ....]]>
  </system-out>
  <testcase classname="com.spokenly.digitarm.CallReportTest" name="GridVerification" time="6.193">
    <skipped/>
  </testcase> <!-- GridVerification -->
  <system-out>
    <![CDATA[Test is starting ....
Logged in successfully
Running Filter ....
Element is present ....]]>
  </system-out>
  <testcase classname="com.spokenly.digitarm.CallReportTest" name="GridVerification" time="11.456"/>
  <system-out>
    <![CDATA[Test is starting ....
Logged in successfully
Running Filter ....
Element is present ....]]>
  </system-out>
  <testcase classname="com.spokenly.digitarm.CallReportTest" name="GridVerification" time="11.786"/>
  <system-out>
    <![CDATA[Test is starting ....
Logged in successfully
Running Filter ....
Element is present ....]]>
  </system-out>
  <testcase classname="com.spokenly.digitarm.CallReportTest" name="GridVerification" time="6.336">
    <skipped/>
  </testcase> <!-- GridVerification -->
  <system-out>
    <![CDATA[Test is starting ....
Logged in successfully
Running Filter ....
Element is present ....]]>
  </system-out>
  <testcase classname="com.spokenly.digitarm.CallReportTest" name="GridVerification" time="34.533">
    <error message="no such element: Unable to locate element: {&quot;method&quot;:&quot;xpath&quot;,&quot;selector&quot;:&quot;//li[normalize-space()=&#039;BU_EN_GAZ_GAZPAR_AQUITAINE &#039;]&quot;}
  (Session info: chrome=101.0.4951.67)
For documentation on this error, please visit: https://selenium.dev/exceptions/#no_such_element
Build info: version: &#039;4.1.2&#039;, revision: &#039;9a5a329c5a&#039;
System info: host: &#039;DL-LP-36&#039;, ip: &#039;192.168.195.17&#039;, os.name: &#039;Windows 10&#039;, os.arch: &#039;amd64&#039;, os.version: &#039;10.0&#039;, java.version: &#039;17.0.2&#039;
Driver info: org.openqa.selenium.chrome.ChromeDriver
Command: [75090b43213e50e0552bbb28543604ac, findElement {using=xpath, value=//li[normalize-space()=&#039;BU_EN_GAZ_GAZPAR_AQUITAINE &#039;]}]
Capabilities {acceptInsecureCerts: false, browserName: chrome, browserVersion: 101.0.4951.67, chrome: {chromedriverVersion: 101.0.4951.41 (93c720db8323..., userDataDir: C:\Users\BN275D~1.MOH\AppDa...}, goog:chromeOptions: {debuggerAddress: localhost:59706}, javascriptEnabled: true, networkConnectionEnabled: false, pageLoadStrategy: normal, platform: WINDOWS, platformName: WINDOWS, proxy: Proxy(), se:cdp: ws://localhost:59706/devtoo..., se:cdpVersion: 101.0.4951.67, setWindowRect: true, strictFileInteractability: false, timeouts: {implicit: 0, pageLoad: 300000, script: 30000}, unhandledPromptBehavior: dismiss and notify, webauthn:extension:credBlob: true, webauthn:extension:largeBlob: true, webauthn:virtualAuthenticators: true}
Session ID: 75090b43213e50e0552bbb28543604ac" type="org.openqa.selenium.NoSuchElementException">
      <![CDATA[org.openqa.selenium.NoSuchElementException: no such element: Unable to locate element: {"method":"xpath","selector":"//li[normalize-space()='BU_EN_GAZ_GAZPAR_AQUITAINE ']"}
  (Session info: chrome=101.0.4951.67)
For documentation on this error, please visit: https://selenium.dev/exceptions/#no_such_element
Build info: version: '4.1.2', revision: '9a5a329c5a'
System info: host: 'DL-LP-36', ip: '192.168.195.17', os.name: 'Windows 10', os.arch: 'amd64', os.version: '10.0', java.version: '17.0.2'
Driver info: org.openqa.selenium.chrome.ChromeDriver
Command: [75090b43213e50e0552bbb28543604ac, findElement {using=xpath, value=//li[normalize-space()='BU_EN_GAZ_GAZPAR_AQUITAINE ']}]
Capabilities {acceptInsecureCerts: false, browserName: chrome, browserVersion: 101.0.4951.67, chrome: {chromedriverVersion: 101.0.4951.41 (93c720db8323..., userDataDir: C:\Users\BN275D~1.MOH\AppDa...}, goog:chromeOptions: {debuggerAddress: localhost:59706}, javascriptEnabled: true, networkConnectionEnabled: false, pageLoadStrategy: normal, platform: WINDOWS, platformName: WINDOWS, proxy: Proxy(), se:cdp: ws://localhost:59706/devtoo..., se:cdpVersion: 101.0.4951.67, setWindowRect: true, strictFileInteractability: false, timeouts: {implicit: 0, pageLoad: 300000, script: 30000}, unhandledPromptBehavior: dismiss and notify, webauthn:extension:credBlob: true, webauthn:extension:largeBlob: true, webauthn:virtualAuthenticators: true}
Session ID: 75090b43213e50e0552bbb28543604ac
at java.base/jdk.internal.reflect.NativeConstructorAccessorImpl.newInstance0(Native Method)
at java.base/jdk.internal.reflect.NativeConstructorAccessorImpl.newInstance(NativeConstructorAccessorImpl.java:77)
at java.base/jdk.internal.reflect.DelegatingConstructorAccessorImpl.newInstance(DelegatingConstructorAccessorImpl.java:45)
at java.base/java.lang.reflect.Constructor.newInstanceWithCaller(Constructor.java:499)
at java.base/java.lang.reflect.Constructor.newInstance(Constructor.java:480)
at org.openqa.selenium.remote.codec.w3c.W3CHttpResponseCodec.createException(W3CHttpResponseCodec.java:200)
at org.openqa.selenium.remote.codec.w3c.W3CHttpResponseCodec.decode(W3CHttpResponseCodec.java:133)
at org.openqa.selenium.remote.codec.w3c.W3CHttpResponseCodec.decode(W3CHttpResponseCodec.java:53)
at org.openqa.selenium.remote.HttpCommandExecutor.execute(HttpCommandExecutor.java:184)
at org.openqa.selenium.remote.service.DriverCommandExecutor.invokeExecute(DriverCommandExecutor.java:167)
at org.openqa.selenium.remote.service.DriverCommandExecutor.execute(DriverCommandExecutor.java:142)
at org.openqa.selenium.remote.RemoteWebDriver.execute(RemoteWebDriver.java:558)
at org.openqa.selenium.remote.ElementLocation$ElementFinder$2.findElement(ElementLocation.java:162)
at org.openqa.selenium.remote.ElementLocation.findElement(ElementLocation.java:60)
at org.openqa.selenium.remote.RemoteWebDriver.findElement(RemoteWebDriver.java:382)
at org.openqa.selenium.remote.RemoteWebDriver.findElement(RemoteWebDriver.java:374)
at pageObject.CallReportPO.FilterSearchWithActivity(CallReportPO.java:134)
at com.spokenly.digitarm.CallReportTest.GridVerification(CallReportTest.java:91)
at jdk.internal.reflect.GeneratedMethodAccessor5.invoke(Unknown Source)
at java.base/jdk.internal.reflect.DelegatingMethodAccessorImpl.invoke(DelegatingMethodAccessorImpl.java:43)
at java.base/java.lang.reflect.Method.invoke(Method.java:568)
at org.testng.internal.invokers.MethodInvocationHelper.invokeMethod(MethodInvocationHelper.java:135)
at org.testng.internal.invokers.TestInvoker.invokeMethod(TestInvoker.java:673)
at org.testng.internal.invokers.TestInvoker.invokeTestMethod(TestInvoker.java:220)
at org.testng.internal.invokers.MethodRunner.runInSequence(MethodRunner.java:50)
at org.testng.internal.invokers.TestInvoker$MethodInvocationAgent.invoke(TestInvoker.java:945)
at org.testng.internal.invokers.TestInvoker.invokeTestMethods(TestInvoker.java:193)
at org.testng.internal.invokers.TestMethodWorker.invokeTestMethods(TestMethodWorker.java:146)
at org.testng.internal.invokers.TestMethodWorker.run(TestMethodWorker.java:128)
at java.base/java.util.ArrayList.forEach(ArrayList.java:1511)
at org.testng.TestRunner.privateRun(TestRunner.java:808)
at org.testng.TestRunner.run(TestRunner.java:603)
at org.testng.SuiteRunner.runTest(SuiteRunner.java:429)
at org.testng.SuiteRunner.runSequentially(SuiteRunner.java:423)
at org.testng.SuiteRunner.privateRun(SuiteRunner.java:383)
at org.testng.SuiteRunner.run(SuiteRunner.java:326)
at org.testng.SuiteRunnerWorker.runSuite(SuiteRunnerWorker.java:52)
at org.testng.SuiteRunnerWorker.run(SuiteRunnerWorker.java:95)
at org.testng.TestNG.runSuitesSequentially(TestNG.java:1249)
at org.testng.TestNG.runSuitesLocally(TestNG.java:1169)
at org.testng.TestNG.runSuites(TestNG.java:1092)
at org.testng.TestNG.run(TestNG.java:1060)
at org.testng.remote.AbstractRemoteTestNG.run(AbstractRemoteTestNG.java:115)
at org.testng.remote.RemoteTestNG.initAndRun(RemoteTestNG.java:251)
at org.testng.remote.RemoteTestNG.main(RemoteTestNG.java:77)
]]>
    </error>
  </testcase> <!-- GridVerification -->
  <system-out>
    <![CDATA[Test is starting ....
Logged in successfully
Running Filter ....]]>
  </system-out>
  <testcase classname="com.spokenly.digitarm.CallReportTest" name="GridVerification" time="38.871">
    <error message="no such element: Unable to locate element: {&quot;method&quot;:&quot;xpath&quot;,&quot;selector&quot;:&quot;//li[normalize-space()=&#039;GAZ_DPCI&#039;]&quot;}
  (Session info: chrome=101.0.4951.67)
For documentation on this error, please visit: https://selenium.dev/exceptions/#no_such_element
Build info: version: &#039;4.1.2&#039;, revision: &#039;9a5a329c5a&#039;
System info: host: &#039;DL-LP-36&#039;, ip: &#039;192.168.195.17&#039;, os.name: &#039;Windows 10&#039;, os.arch: &#039;amd64&#039;, os.version: &#039;10.0&#039;, java.version: &#039;17.0.2&#039;
Driver info: org.openqa.selenium.chrome.ChromeDriver
Command: [ba24b370b029f768ed08ac8d2e8cfec0, findElement {using=xpath, value=//li[normalize-space()=&#039;GAZ_DPCI&#039;]}]
Capabilities {acceptInsecureCerts: false, browserName: chrome, browserVersion: 101.0.4951.67, chrome: {chromedriverVersion: 101.0.4951.41 (93c720db8323..., userDataDir: C:\Users\BN275D~1.MOH\AppDa...}, goog:chromeOptions: {debuggerAddress: localhost:59893}, javascriptEnabled: true, networkConnectionEnabled: false, pageLoadStrategy: normal, platform: WINDOWS, platformName: WINDOWS, proxy: Proxy(), se:cdp: ws://localhost:59893/devtoo..., se:cdpVersion: 101.0.4951.67, setWindowRect: true, strictFileInteractability: false, timeouts: {implicit: 0, pageLoad: 300000, script: 30000}, unhandledPromptBehavior: dismiss and notify, webauthn:extension:credBlob: true, webauthn:extension:largeBlob: true, webauthn:virtualAuthenticators: true}
Session ID: ba24b370b029f768ed08ac8d2e8cfec0" type="org.openqa.selenium.NoSuchElementException">
      <![CDATA[org.openqa.selenium.NoSuchElementException: no such element: Unable to locate element: {"method":"xpath","selector":"//li[normalize-space()='GAZ_DPCI']"}
  (Session info: chrome=101.0.4951.67)
For documentation on this error, please visit: https://selenium.dev/exceptions/#no_such_element
Build info: version: '4.1.2', revision: '9a5a329c5a'
System info: host: 'DL-LP-36', ip: '192.168.195.17', os.name: 'Windows 10', os.arch: 'amd64', os.version: '10.0', java.version: '17.0.2'
Driver info: org.openqa.selenium.chrome.ChromeDriver
Command: [ba24b370b029f768ed08ac8d2e8cfec0, findElement {using=xpath, value=//li[normalize-space()='GAZ_DPCI']}]
Capabilities {acceptInsecureCerts: false, browserName: chrome, browserVersion: 101.0.4951.67, chrome: {chromedriverVersion: 101.0.4951.41 (93c720db8323..., userDataDir: C:\Users\BN275D~1.MOH\AppDa...}, goog:chromeOptions: {debuggerAddress: localhost:59893}, javascriptEnabled: true, networkConnectionEnabled: false, pageLoadStrategy: normal, platform: WINDOWS, platformName: WINDOWS, proxy: Proxy(), se:cdp: ws://localhost:59893/devtoo..., se:cdpVersion: 101.0.4951.67, setWindowRect: true, strictFileInteractability: false, timeouts: {implicit: 0, pageLoad: 300000, script: 30000}, unhandledPromptBehavior: dismiss and notify, webauthn:extension:credBlob: true, webauthn:extension:largeBlob: true, webauthn:virtualAuthenticators: true}
Session ID: ba24b370b029f768ed08ac8d2e8cfec0
at java.base/jdk.internal.reflect.NativeConstructorAccessorImpl.newInstance0(Native Method)
at java.base/jdk.internal.reflect.NativeConstructorAccessorImpl.newInstance(NativeConstructorAccessorImpl.java:77)
at java.base/jdk.internal.reflect.DelegatingConstructorAccessorImpl.newInstance(DelegatingConstructorAccessorImpl.java:45)
at java.base/java.lang.reflect.Constructor.newInstanceWithCaller(Constructor.java:499)
at java.base/java.lang.reflect.Constructor.newInstance(Constructor.java:480)
at org.openqa.selenium.remote.codec.w3c.W3CHttpResponseCodec.createException(W3CHttpResponseCodec.java:200)
at org.openqa.selenium.remote.codec.w3c.W3CHttpResponseCodec.decode(W3CHttpResponseCodec.java:133)
at org.openqa.selenium.remote.codec.w3c.W3CHttpResponseCodec.decode(W3CHttpResponseCodec.java:53)
at org.openqa.selenium.remote.HttpCommandExecutor.execute(HttpCommandExecutor.java:184)
at org.openqa.selenium.remote.service.DriverCommandExecutor.invokeExecute(DriverCommandExecutor.java:167)
at org.openqa.selenium.remote.service.DriverCommandExecutor.execute(DriverCommandExecutor.java:142)
at org.openqa.selenium.remote.RemoteWebDriver.execute(RemoteWebDriver.java:558)
at org.openqa.selenium.remote.ElementLocation$ElementFinder$2.findElement(ElementLocation.java:162)
at org.openqa.selenium.remote.ElementLocation.findElement(ElementLocation.java:60)
at org.openqa.selenium.remote.RemoteWebDriver.findElement(RemoteWebDriver.java:382)
at org.openqa.selenium.remote.RemoteWebDriver.findElement(RemoteWebDriver.java:374)
at pageObject.CallReportPO.FilterSearchWithActivity(CallReportPO.java:134)
at com.spokenly.digitarm.CallReportTest.GridVerification(CallReportTest.java:91)
at jdk.internal.reflect.GeneratedMethodAccessor5.invoke(Unknown Source)
at java.base/jdk.internal.reflect.DelegatingMethodAccessorImpl.invoke(DelegatingMethodAccessorImpl.java:43)
at java.base/java.lang.reflect.Method.invoke(Method.java:568)
at org.testng.internal.invokers.MethodInvocationHelper.invokeMethod(MethodInvocationHelper.java:135)
at org.testng.internal.invokers.TestInvoker.invokeMethod(TestInvoker.java:673)
at org.testng.internal.invokers.TestInvoker.invokeTestMethod(TestInvoker.java:220)
at org.testng.internal.invokers.MethodRunner.runInSequence(MethodRunner.java:50)
at org.testng.internal.invokers.TestInvoker$MethodInvocationAgent.invoke(TestInvoker.java:945)
at org.testng.internal.invokers.TestInvoker.invokeTestMethods(TestInvoker.java:193)
at org.testng.internal.invokers.TestMethodWorker.invokeTestMethods(TestMethodWorker.java:146)
at org.testng.internal.invokers.TestMethodWorker.run(TestMethodWorker.java:128)
at java.base/java.util.ArrayList.forEach(ArrayList.java:1511)
at org.testng.TestRunner.privateRun(TestRunner.java:808)
at org.testng.TestRunner.run(TestRunner.java:603)
at org.testng.SuiteRunner.runTest(SuiteRunner.java:429)
at org.testng.SuiteRunner.runSequentially(SuiteRunner.java:423)
at org.testng.SuiteRunner.privateRun(SuiteRunner.java:383)
at org.testng.SuiteRunner.run(SuiteRunner.java:326)
at org.testng.SuiteRunnerWorker.runSuite(SuiteRunnerWorker.java:52)
at org.testng.SuiteRunnerWorker.run(SuiteRunnerWorker.java:95)
at org.testng.TestNG.runSuitesSequentially(TestNG.java:1249)
at org.testng.TestNG.runSuitesLocally(TestNG.java:1169)
at org.testng.TestNG.runSuites(TestNG.java:1092)
at org.testng.TestNG.run(TestNG.java:1060)
at org.testng.remote.AbstractRemoteTestNG.run(AbstractRemoteTestNG.java:115)
at org.testng.remote.RemoteTestNG.initAndRun(RemoteTestNG.java:251)
at org.testng.remote.RemoteTestNG.main(RemoteTestNG.java:77)
]]>
    </error>
  </testcase> <!-- GridVerification -->
  <system-out>
    <![CDATA[Test is starting ....
Logged in successfully
Running Filter ....]]>
  </system-out>
  <testcase classname="com.spokenly.digitarm.CallReportTest" name="GridVerification" time="5.803">
    <skipped/>
  </testcase> <!-- GridVerification -->
  <system-out>
    <![CDATA[Test is starting ....
Logged in successfully
Running Filter ....
Element is present ....]]>
  </system-out>
  <testcase classname="com.spokenly.digitarm.CallReportTest" name="GridVerification" time="6.267">
    <skipped/>
  </testcase> <!-- GridVerification -->
  <system-out>
    <![CDATA[Test is starting ....
Logged in successfully
Running Filter ....
Element is present ....]]>
  </system-out>
  <testcase classname="com.spokenly.digitarm.CallReportTest" name="GridVerification" time="7.790">
    <skipped/>
  </testcase> <!-- GridVerification -->
  <system-out>
    <![CDATA[Test is starting ....
Logged in successfully
Running Filter ....
Element is present ....]]>
  </system-out>
  <testcase classname="com.spokenly.digitarm.CallReportTest" name="GridVerification" time="10.530"/>
  <system-out>
    <![CDATA[Test is starting ....
Logged in successfully
Running Filter ....
Element is present ....]]>
  </system-out>
  <testcase classname="com.spokenly.digitarm.CallReportTest" name="GridVerification" time="7.031"/>
  <system-out>
    <![CDATA[Test is starting ....
Logged in successfully
Running Filter ....
Element is present ....]]>
  </system-out>
  <testcase classname="com.spokenly.digitarm.CallReportTest" name="GridVerification" time="5.766">
    <skipped/>
  </testcase> <!-- GridVerification -->
  <system-out>
    <![CDATA[Test is starting ....
Logged in successfully
Running Filter ....
Element is present ....]]>
  </system-out>
  <testcase classname="com.spokenly.digitarm.CallReportTest" name="GridVerification" time="7.813"/>
  <system-out>
    <![CDATA[Test is starting ....
Logged in successfully
Running Filter ....
Element is present ....]]>
  </system-out>
  <testcase classname="com.spokenly.digitarm.CallReportTest" name="GridVerification" time="8.002">
    <skipped/>
  </testcase> <!-- GridVerification -->
  <system-out>
    <![CDATA[Test is starting ....
Logged in successfully
Running Filter ....
Element is present ....]]>
  </system-out>
  <testcase classname="com.spokenly.digitarm.CallReportTest" name="GridVerification" time="8.265">
    <skipped/>
  </testcase> <!-- GridVerification -->
  <system-out>
    <![CDATA[Test is starting ....
Logged in successfully
Running Filter ....
Element is present ....]]>
  </system-out>
  <testcase classname="com.spokenly.digitarm.CallReportTest" name="GridVerification" time="6.952"/>
  <system-out>
    <![CDATA[Test is starting ....
Logged in successfully
Running Filter ....
Element is present ....]]>
  </system-out>
  <testcase classname="com.spokenly.digitarm.CallReportTest" name="GridVerification" time="9.919">
    <skipped/>
  </testcase> <!-- GridVerification -->
  <system-out>
    <![CDATA[Test is starting ....
Logged in successfully
Running Filter ....
Element is present ....]]>
  </system-out>
  <testcase classname="com.spokenly.digitarm.CallReportTest" name="GridVerification" time="5.387">
    <skipped/>
  </testcase> <!-- GridVerification -->
  <system-out>
    <![CDATA[Test is starting ....
Logged in successfully
Running Filter ....
Element is present ....]]>
  </system-out>
  <testcase classname="com.spokenly.digitarm.CallReportTest" name="GridVerification" time="5.488">
    <skipped/>
  </testcase> <!-- GridVerification -->
  <system-out>
    <![CDATA[Test is starting ....
Logged in successfully
Running Filter ....
Element is present ....]]>
  </system-out>
  <testcase classname="com.spokenly.digitarm.CallReportTest" name="GridVerification" time="8.207"/>
  <system-out>
    <![CDATA[Test is starting ....
Logged in successfully
Running Filter ....
Element is present ....]]>
  </system-out>
  <testcase classname="com.spokenly.digitarm.CallReportTest" name="GridVerification" time="5.702">
    <skipped/>
  </testcase> <!-- GridVerification -->
  <system-out>
    <![CDATA[Test is starting ....
Logged in successfully
Running Filter ....
Element is present ....]]>
  </system-out>
  <testcase classname="com.spokenly.digitarm.CallReportTest" name="GridVerification" time="5.985">
    <skipped/>
  </testcase> <!-- GridVerification -->
  <system-out>
    <![CDATA[Test is starting ....
Logged in successfully
Running Filter ....
Element is present ....]]>
  </system-out>
  <testcase classname="com.spokenly.digitarm.CallReportTest" name="GridVerification" time="5.452">
    <skipped/>
  </testcase> <!-- GridVerification -->
  <system-out>
    <![CDATA[Test is starting ....
Logged in successfully
Running Filter ....
Element is present ....]]>
  </system-out>
  <testcase classname="com.spokenly.digitarm.CallReportTest" name="GridVerification" time="7.039"/>
  <system-out>
    <![CDATA[Test is starting ....
Logged in successfully
Running Filter ....
Element is present ....]]>
  </system-out>
  <testcase classname="com.spokenly.digitarm.CallReportTest" name="GridVerification" time="5.583">
    <skipped/>
  </testcase> <!-- GridVerification -->
  <system-out>
    <![CDATA[Test is starting ....
Logged in successfully
Running Filter ....
Element is present ....]]>
  </system-out>
  <testcase classname="com.spokenly.digitarm.CallReportTest" name="GridVerification" time="9.985">
    <skipped/>
  </testcase> <!-- GridVerification -->
  <system-out>
    <![CDATA[Test is starting ....
Logged in successfully
Running Filter ....
Element is present ....]]>
  </system-out>
  <testcase classname="com.spokenly.digitarm.CallReportTest" name="GridVerification" time="5.520">
    <skipped/>
  </testcase> <!-- GridVerification -->
  <system-out>
    <![CDATA[Test is starting ....
Logged in successfully
Running Filter ....
Element is present ....]]>
  </system-out>
  <testcase classname="com.spokenly.digitarm.CallReportTest" name="GridVerification" time="7.477"/>
  <system-out>
    <![CDATA[Test is starting ....
Logged in successfully
Running Filter ....
Element is present ....]]>
  </system-out>
  <testcase classname="com.spokenly.digitarm.CallReportTest" name="GridVerification" time="5.706">
    <skipped/>
  </testcase> <!-- GridVerification -->
  <system-out>
    <![CDATA[Test is starting ....
Logged in successfully
Running Filter ....
Element is present ....]]>
  </system-out>
  <testcase classname="com.spokenly.digitarm.CallReportTest" name="GridVerification" time="9.407"/>
  <system-out>
    <![CDATA[Test is starting ....
Logged in successfully
Running Filter ....
Element is present ....]]>
  </system-out>
  <testcase classname="com.spokenly.digitarm.CallReportTest" name="GridVerification" time="6.211">
    <skipped/>
  </testcase> <!-- GridVerification -->
  <system-out>
    <![CDATA[Test is starting ....
Logged in successfully
Running Filter ....
Element is present ....]]>
  </system-out>
  <testcase classname="com.spokenly.digitarm.CallReportTest" name="GridVerification" time="5.513">
    <skipped/>
  </testcase> <!-- GridVerification -->
  <system-out>
    <![CDATA[Test is starting ....
Logged in successfully
Running Filter ....
Element is present ....]]>
  </system-out>
  <testcase classname="com.spokenly.digitarm.CallReportTest" name="GridVerification" time="6.282">
    <skipped/>
  </testcase> <!-- GridVerification -->
  <system-out>
    <![CDATA[Test is starting ....
Logged in successfully
Running Filter ....
Element is present ....]]>
  </system-out>
  <testcase classname="com.spokenly.digitarm.CallReportTest" name="GridVerification" time="34.979">
    <error message="no such element: Unable to locate element: {&quot;method&quot;:&quot;xpath&quot;,&quot;selector&quot;:&quot;//li[normalize-space()=&#039;BU_IT_QUALIFICATION&#039;]&quot;}
  (Session info: chrome=101.0.4951.67)
For documentation on this error, please visit: https://selenium.dev/exceptions/#no_such_element
Build info: version: &#039;4.1.2&#039;, revision: &#039;9a5a329c5a&#039;
System info: host: &#039;DL-LP-36&#039;, ip: &#039;192.168.195.17&#039;, os.name: &#039;Windows 10&#039;, os.arch: &#039;amd64&#039;, os.version: &#039;10.0&#039;, java.version: &#039;17.0.2&#039;
Driver info: org.openqa.selenium.chrome.ChromeDriver
Command: [2052e7261056cff6b83cf3c60b025d5c, findElement {using=xpath, value=//li[normalize-space()=&#039;BU_IT_QUALIFICATION&#039;]}]
Capabilities {acceptInsecureCerts: false, browserName: chrome, browserVersion: 101.0.4951.67, chrome: {chromedriverVersion: 101.0.4951.41 (93c720db8323..., userDataDir: C:\Users\BN275D~1.MOH\AppDa...}, goog:chromeOptions: {debuggerAddress: localhost:50172}, javascriptEnabled: true, networkConnectionEnabled: false, pageLoadStrategy: normal, platform: WINDOWS, platformName: WINDOWS, proxy: Proxy(), se:cdp: ws://localhost:50172/devtoo..., se:cdpVersion: 101.0.4951.67, setWindowRect: true, strictFileInteractability: false, timeouts: {implicit: 0, pageLoad: 300000, script: 30000}, unhandledPromptBehavior: dismiss and notify, webauthn:extension:credBlob: true, webauthn:extension:largeBlob: true, webauthn:virtualAuthenticators: true}
Session ID: 2052e7261056cff6b83cf3c60b025d5c" type="org.openqa.selenium.NoSuchElementException">
      <![CDATA[org.openqa.selenium.NoSuchElementException: no such element: Unable to locate element: {"method":"xpath","selector":"//li[normalize-space()='BU_IT_QUALIFICATION']"}
  (Session info: chrome=101.0.4951.67)
For documentation on this error, please visit: https://selenium.dev/exceptions/#no_such_element
Build info: version: '4.1.2', revision: '9a5a329c5a'
System info: host: 'DL-LP-36', ip: '192.168.195.17', os.name: 'Windows 10', os.arch: 'amd64', os.version: '10.0', java.version: '17.0.2'
Driver info: org.openqa.selenium.chrome.ChromeDriver
Command: [2052e7261056cff6b83cf3c60b025d5c, findElement {using=xpath, value=//li[normalize-space()='BU_IT_QUALIFICATION']}]
Capabilities {acceptInsecureCerts: false, browserName: chrome, browserVersion: 101.0.4951.67, chrome: {chromedriverVersion: 101.0.4951.41 (93c720db8323..., userDataDir: C:\Users\BN275D~1.MOH\AppDa...}, goog:chromeOptions: {debuggerAddress: localhost:50172}, javascriptEnabled: true, networkConnectionEnabled: false, pageLoadStrategy: normal, platform: WINDOWS, platformName: WINDOWS, proxy: Proxy(), se:cdp: ws://localhost:50172/devtoo..., se:cdpVersion: 101.0.4951.67, setWindowRect: true, strictFileInteractability: false, timeouts: {implicit: 0, pageLoad: 300000, script: 30000}, unhandledPromptBehavior: dismiss and notify, webauthn:extension:credBlob: true, webauthn:extension:largeBlob: true, webauthn:virtualAuthenticators: true}
Session ID: 2052e7261056cff6b83cf3c60b025d5c
at jdk.internal.reflect.GeneratedConstructorAccessor55.newInstance(Unknown Source)
at java.base/jdk.internal.reflect.DelegatingConstructorAccessorImpl.newInstance(DelegatingConstructorAccessorImpl.java:45)
at java.base/java.lang.reflect.Constructor.newInstanceWithCaller(Constructor.java:499)
at java.base/java.lang.reflect.Constructor.newInstance(Constructor.java:480)
at org.openqa.selenium.remote.codec.w3c.W3CHttpResponseCodec.createException(W3CHttpResponseCodec.java:200)
at org.openqa.selenium.remote.codec.w3c.W3CHttpResponseCodec.decode(W3CHttpResponseCodec.java:133)
at org.openqa.selenium.remote.codec.w3c.W3CHttpResponseCodec.decode(W3CHttpResponseCodec.java:53)
at org.openqa.selenium.remote.HttpCommandExecutor.execute(HttpCommandExecutor.java:184)
at org.openqa.selenium.remote.service.DriverCommandExecutor.invokeExecute(DriverCommandExecutor.java:167)
at org.openqa.selenium.remote.service.DriverCommandExecutor.execute(DriverCommandExecutor.java:142)
at org.openqa.selenium.remote.RemoteWebDriver.execute(RemoteWebDriver.java:558)
at org.openqa.selenium.remote.ElementLocation$ElementFinder$2.findElement(ElementLocation.java:162)
at org.openqa.selenium.remote.ElementLocation.findElement(ElementLocation.java:60)
at org.openqa.selenium.remote.RemoteWebDriver.findElement(RemoteWebDriver.java:382)
at org.openqa.selenium.remote.RemoteWebDriver.findElement(RemoteWebDriver.java:374)
at pageObject.CallReportPO.FilterSearchWithActivity(CallReportPO.java:134)
at com.spokenly.digitarm.CallReportTest.GridVerification(CallReportTest.java:91)
at jdk.internal.reflect.GeneratedMethodAccessor5.invoke(Unknown Source)
at java.base/jdk.internal.reflect.DelegatingMethodAccessorImpl.invoke(DelegatingMethodAccessorImpl.java:43)
at java.base/java.lang.reflect.Method.invoke(Method.java:568)
at org.testng.internal.invokers.MethodInvocationHelper.invokeMethod(MethodInvocationHelper.java:135)
at org.testng.internal.invokers.TestInvoker.invokeMethod(TestInvoker.java:673)
at org.testng.internal.invokers.TestInvoker.invokeTestMethod(TestInvoker.java:220)
at org.testng.internal.invokers.MethodRunner.runInSequence(MethodRunner.java:50)
at org.testng.internal.invokers.TestInvoker$MethodInvocationAgent.invoke(TestInvoker.java:945)
at org.testng.internal.invokers.TestInvoker.invokeTestMethods(TestInvoker.java:193)
at org.testng.internal.invokers.TestMethodWorker.invokeTestMethods(TestMethodWorker.java:146)
at org.testng.internal.invokers.TestMethodWorker.run(TestMethodWorker.java:128)
at java.base/java.util.ArrayList.forEach(ArrayList.java:1511)
at org.testng.TestRunner.privateRun(TestRunner.java:808)
at org.testng.TestRunner.run(TestRunner.java:603)
at org.testng.SuiteRunner.runTest(SuiteRunner.java:429)
at org.testng.SuiteRunner.runSequentially(SuiteRunner.java:423)
at org.testng.SuiteRunner.privateRun(SuiteRunner.java:383)
at org.testng.SuiteRunner.run(SuiteRunner.java:326)
at org.testng.SuiteRunnerWorker.runSuite(SuiteRunnerWorker.java:52)
at org.testng.SuiteRunnerWorker.run(SuiteRunnerWorker.java:95)
at org.testng.TestNG.runSuitesSequentially(TestNG.java:1249)
at org.testng.TestNG.runSuitesLocally(TestNG.java:1169)
at org.testng.TestNG.runSuites(TestNG.java:1092)
at org.testng.TestNG.run(TestNG.java:1060)
at org.testng.remote.AbstractRemoteTestNG.run(AbstractRemoteTestNG.java:115)
at org.testng.remote.RemoteTestNG.initAndRun(RemoteTestNG.java:251)
at org.testng.remote.RemoteTestNG.main(RemoteTestNG.java:77)
]]>
    </error>
  </testcase> <!-- GridVerification -->
  <system-out>
    <![CDATA[Test is starting ....
Logged in successfully
Running Filter ....]]>
  </system-out>
  <testcase classname="com.spokenly.digitarm.CallReportTest" name="GridVerification" time="7.610"/>
  <system-out>
    <![CDATA[Test is starting ....
Logged in successfully
Running Filter ....
Element is present ....]]>
  </system-out>
  <testcase classname="com.spokenly.digitarm.CallReportTest" name="GridVerification" time="10.124">
    <skipped/>
  </testcase> <!-- GridVerification -->
  <system-out>
    <![CDATA[Test is starting ....
Logged in successfully
Running Filter ....
Element is present ....]]>
  </system-out>
  <testcase classname="com.spokenly.digitarm.CallReportTest" name="GridVerification" time="10.859"/>
  <system-out>
    <![CDATA[Test is starting ....
Logged in successfully
Running Filter ....
Element is present ....]]>
  </system-out>
  <testcase classname="com.spokenly.digitarm.CallReportTest" name="GridVerification" time="9.482">
    <skipped/>
  </testcase> <!-- GridVerification -->
  <system-out>
    <![CDATA[Test is starting ....
Logged in successfully
Running Filter ....
Element is present ....]]>
  </system-out>
  <testcase classname="com.spokenly.digitarm.CallReportTest" name="GridVerification" time="7.018">
    <skipped/>
  </testcase> <!-- GridVerification -->
  <system-out>
    <![CDATA[Test is starting ....
Logged in successfully
Running Filter ....
Element is present ....]]>
  </system-out>
  <testcase classname="com.spokenly.digitarm.CallReportTest" name="GridVerification" time="7.675">
    <skipped/>
  </testcase> <!-- GridVerification -->
  <system-out>
    <![CDATA[Test is starting ....
Logged in successfully
Running Filter ....
Element is present ....]]>
  </system-out>
  <testcase classname="com.spokenly.digitarm.CallReportTest" name="GridVerification" time="12.087">
    <skipped/>
  </testcase> <!-- GridVerification -->
  <system-out>
    <![CDATA[Test is starting ....
Logged in successfully
Running Filter ....
Element is present ....]]>
  </system-out>
  <testcase classname="com.spokenly.digitarm.CallReportTest" name="GridVerification" time="5.690">
    <skipped/>
  </testcase> <!-- GridVerification -->
  <system-out>
    <![CDATA[Test is starting ....
Logged in successfully
Running Filter ....
Element is present ....]]>
  </system-out>
  <testcase classname="com.spokenly.digitarm.CallReportTest" name="GridVerification" time="5.605">
    <skipped/>
  </testcase> <!-- GridVerification -->
  <system-out>
    <![CDATA[Test is starting ....
Logged in successfully
Running Filter ....
Element is present ....]]>
  </system-out>
  <testcase classname="com.spokenly.digitarm.CallReportTest" name="GridVerification" time="5.997">
    <skipped/>
  </testcase> <!-- GridVerification -->
  <system-out>
    <![CDATA[Test is starting ....
Logged in successfully
Running Filter ....
Element is present ....]]>
  </system-out>
  <testcase classname="com.spokenly.digitarm.CallReportTest" name="GridVerification" time="7.462"/>
  <system-out>
    <![CDATA[Test is starting ....
Logged in successfully
Running Filter ....
Element is present ....]]>
  </system-out>
  <testcase classname="com.spokenly.digitarm.CallReportTest" name="GridVerification" time="10.374">
    <skipped/>
  </testcase> <!-- GridVerification -->
  <system-out>
    <![CDATA[Test is starting ....
Logged in successfully
Running Filter ....
Element is present ....]]>
  </system-out>
  <testcase classname="com.spokenly.digitarm.CallReportTest" name="GridVerification" time="6.494">
    <skipped/>
  </testcase> <!-- GridVerification -->
  <system-out>
    <![CDATA[Test is starting ....
Logged in successfully
Running Filter ....
Element is present ....]]>
  </system-out>
  <testcase classname="com.spokenly.digitarm.CallReportTest" name="GridVerification" time="5.673">
    <skipped/>
  </testcase> <!-- GridVerification -->
  <system-out>
    <![CDATA[Test is starting ....
Logged in successfully
Running Filter ....
Element is present ....]]>
  </system-out>
  <testcase classname="com.spokenly.digitarm.CallReportTest" name="GridVerification" time="12.317"/>
  <system-out>
    <![CDATA[Test is starting ....
Logged in successfully
Running Filter ....
Element is present ....]]>
  </system-out>
  <testcase classname="com.spokenly.digitarm.CallReportTest" name="GridVerification" time="5.692">
    <skipped/>
  </testcase> <!-- GridVerification -->
  <system-out>
    <![CDATA[Test is starting ....
Logged in successfully
Running Filter ....
Element is present ....]]>
  </system-out>
  <testcase classname="com.spokenly.digitarm.CallReportTest" name="GridVerification" time="5.500">
    <skipped/>
  </testcase> <!-- GridVerification -->
  <system-out>
    <![CDATA[Test is starting ....
Logged in successfully
Running Filter ....
Element is present ....]]>
  </system-out>
  <testcase classname="com.spokenly.digitarm.CallReportTest" name="GridVerification" time="6.370">
    <skipped/>
  </testcase> <!-- GridVerification -->
  <system-out>
    <![CDATA[Test is starting ....
Logged in successfully
Running Filter ....
Element is present ....]]>
  </system-out>
  <testcase classname="com.spokenly.digitarm.CallReportTest" name="GridVerification" time="5.547">
    <skipped/>
  </testcase> <!-- GridVerification -->
  <system-out>
    <![CDATA[Test is starting ....
Logged in successfully
Running Filter ....
Element is present ....]]>
  </system-out>
  <testcase classname="com.spokenly.digitarm.CallReportTest" name="GridVerification" time="5.771">
    <skipped/>
  </testcase> <!-- GridVerification -->
  <system-out>
    <![CDATA[Test is starting ....
Logged in successfully
Running Filter ....
Element is present ....]]>
  </system-out>
  <testcase classname="com.spokenly.digitarm.CallReportTest" name="GridVerification" time="6.373">
    <skipped/>
  </testcase> <!-- GridVerification -->
  <system-out>
    <![CDATA[Test is starting ....
Logged in successfully
Running Filter ....
Element is present ....]]>
  </system-out>
  <testcase classname="com.spokenly.digitarm.CallReportTest" name="GridVerification" time="5.849">
    <skipped/>
  </testcase> <!-- GridVerification -->
  <system-out>
    <![CDATA[Test is starting ....
Logged in successfully
Running Filter ....
Element is present ....]]>
  </system-out>
  <testcase classname="com.spokenly.digitarm.CallReportTest" name="GridVerification" time="5.750">
    <skipped/>
  </testcase> <!-- GridVerification -->
  <system-out>
    <![CDATA[Test is starting ....
Logged in successfully
Running Filter ....
Element is present ....]]>
  </system-out>
  <testcase classname="com.spokenly.digitarm.CallReportTest" name="GridVerification" time="34.473">
    <error message="no such element: Unable to locate element: {&quot;method&quot;:&quot;xpath&quot;,&quot;selector&quot;:&quot;//li[normalize-space()=&#039;BU_EN_GAZ_GAZPAR_PARIS M2&#039;]&quot;}
  (Session info: chrome=101.0.4951.67)
For documentation on this error, please visit: https://selenium.dev/exceptions/#no_such_element
Build info: version: &#039;4.1.2&#039;, revision: &#039;9a5a329c5a&#039;
System info: host: &#039;DL-LP-36&#039;, ip: &#039;192.168.195.17&#039;, os.name: &#039;Windows 10&#039;, os.arch: &#039;amd64&#039;, os.version: &#039;10.0&#039;, java.version: &#039;17.0.2&#039;
Driver info: org.openqa.selenium.chrome.ChromeDriver
Command: [63ed1d10ec5db695c8e0420ce53e7a9e, findElement {using=xpath, value=//li[normalize-space()=&#039;BU_EN_GAZ_GAZPAR_PARIS M2&#039;]}]
Capabilities {acceptInsecureCerts: false, browserName: chrome, browserVersion: 101.0.4951.67, chrome: {chromedriverVersion: 101.0.4951.41 (93c720db8323..., userDataDir: C:\Users\BN275D~1.MOH\AppDa...}, goog:chromeOptions: {debuggerAddress: localhost:59634}, javascriptEnabled: true, networkConnectionEnabled: false, pageLoadStrategy: normal, platform: WINDOWS, platformName: WINDOWS, proxy: Proxy(), se:cdp: ws://localhost:59634/devtoo..., se:cdpVersion: 101.0.4951.67, setWindowRect: true, strictFileInteractability: false, timeouts: {implicit: 0, pageLoad: 300000, script: 30000}, unhandledPromptBehavior: dismiss and notify, webauthn:extension:credBlob: true, webauthn:extension:largeBlob: true, webauthn:virtualAuthenticators: true}
Session ID: 63ed1d10ec5db695c8e0420ce53e7a9e" type="org.openqa.selenium.NoSuchElementException">
      <![CDATA[org.openqa.selenium.NoSuchElementException: no such element: Unable to locate element: {"method":"xpath","selector":"//li[normalize-space()='BU_EN_GAZ_GAZPAR_PARIS M2']"}
  (Session info: chrome=101.0.4951.67)
For documentation on this error, please visit: https://selenium.dev/exceptions/#no_such_element
Build info: version: '4.1.2', revision: '9a5a329c5a'
System info: host: 'DL-LP-36', ip: '192.168.195.17', os.name: 'Windows 10', os.arch: 'amd64', os.version: '10.0', java.version: '17.0.2'
Driver info: org.openqa.selenium.chrome.ChromeDriver
Command: [63ed1d10ec5db695c8e0420ce53e7a9e, findElement {using=xpath, value=//li[normalize-space()='BU_EN_GAZ_GAZPAR_PARIS M2']}]
Capabilities {acceptInsecureCerts: false, browserName: chrome, browserVersion: 101.0.4951.67, chrome: {chromedriverVersion: 101.0.4951.41 (93c720db8323..., userDataDir: C:\Users\BN275D~1.MOH\AppDa...}, goog:chromeOptions: {debuggerAddress: localhost:59634}, javascriptEnabled: true, networkConnectionEnabled: false, pageLoadStrategy: normal, platform: WINDOWS, platformName: WINDOWS, proxy: Proxy(), se:cdp: ws://localhost:59634/devtoo..., se:cdpVersion: 101.0.4951.67, setWindowRect: true, strictFileInteractability: false, timeouts: {implicit: 0, pageLoad: 300000, script: 30000}, unhandledPromptBehavior: dismiss and notify, webauthn:extension:credBlob: true, webauthn:extension:largeBlob: true, webauthn:virtualAuthenticators: true}
Session ID: 63ed1d10ec5db695c8e0420ce53e7a9e
at java.base/jdk.internal.reflect.NativeConstructorAccessorImpl.newInstance0(Native Method)
at java.base/jdk.internal.reflect.NativeConstructorAccessorImpl.newInstance(NativeConstructorAccessorImpl.java:77)
at java.base/jdk.internal.reflect.DelegatingConstructorAccessorImpl.newInstance(DelegatingConstructorAccessorImpl.java:45)
at java.base/java.lang.reflect.Constructor.newInstanceWithCaller(Constructor.java:499)
at java.base/java.lang.reflect.Constructor.newInstance(Constructor.java:480)
at org.openqa.selenium.remote.codec.w3c.W3CHttpResponseCodec.createException(W3CHttpResponseCodec.java:200)
at org.openqa.selenium.remote.codec.w3c.W3CHttpResponseCodec.decode(W3CHttpResponseCodec.java:133)
at org.openqa.selenium.remote.codec.w3c.W3CHttpResponseCodec.decode(W3CHttpResponseCodec.java:53)
at org.openqa.selenium.remote.HttpCommandExecutor.execute(HttpCommandExecutor.java:184)
at org.openqa.selenium.remote.service.DriverCommandExecutor.invokeExecute(DriverCommandExecutor.java:167)
at org.openqa.selenium.remote.service.DriverCommandExecutor.execute(DriverCommandExecutor.java:142)
at org.openqa.selenium.remote.RemoteWebDriver.execute(RemoteWebDriver.java:558)
at org.openqa.selenium.remote.ElementLocation$ElementFinder$2.findElement(ElementLocation.java:162)
at org.openqa.selenium.remote.ElementLocation.findElement(ElementLocation.java:60)
at org.openqa.selenium.remote.RemoteWebDriver.findElement(RemoteWebDriver.java:382)
at org.openqa.selenium.remote.RemoteWebDriver.findElement(RemoteWebDriver.java:374)
at pageObject.CallReportPO.FilterSearchWithActivity(CallReportPO.java:134)
at com.spokenly.digitarm.CallReportTest.GridVerification(CallReportTest.java:91)
at jdk.internal.reflect.GeneratedMethodAccessor5.invoke(Unknown Source)
at java.base/jdk.internal.reflect.DelegatingMethodAccessorImpl.invoke(DelegatingMethodAccessorImpl.java:43)
at java.base/java.lang.reflect.Method.invoke(Method.java:568)
at org.testng.internal.invokers.MethodInvocationHelper.invokeMethod(MethodInvocationHelper.java:135)
at org.testng.internal.invokers.TestInvoker.invokeMethod(TestInvoker.java:673)
at org.testng.internal.invokers.TestInvoker.invokeTestMethod(TestInvoker.java:220)
at org.testng.internal.invokers.MethodRunner.runInSequence(MethodRunner.java:50)
at org.testng.internal.invokers.TestInvoker$MethodInvocationAgent.invoke(TestInvoker.java:945)
at org.testng.internal.invokers.TestInvoker.invokeTestMethods(TestInvoker.java:193)
at org.testng.internal.invokers.TestMethodWorker.invokeTestMethods(TestMethodWorker.java:146)
at org.testng.internal.invokers.TestMethodWorker.run(TestMethodWorker.java:128)
at java.base/java.util.ArrayList.forEach(ArrayList.java:1511)
at org.testng.TestRunner.privateRun(TestRunner.java:808)
at org.testng.TestRunner.run(TestRunner.java:603)
at org.testng.SuiteRunner.runTest(SuiteRunner.java:429)
at org.testng.SuiteRunner.runSequentially(SuiteRunner.java:423)
at org.testng.SuiteRunner.privateRun(SuiteRunner.java:383)
at org.testng.SuiteRunner.run(SuiteRunner.java:326)
at org.testng.SuiteRunnerWorker.runSuite(SuiteRunnerWorker.java:52)
at org.testng.SuiteRunnerWorker.run(SuiteRunnerWorker.java:95)
at org.testng.TestNG.runSuitesSequentially(TestNG.java:1249)
at org.testng.TestNG.runSuitesLocally(TestNG.java:1169)
at org.testng.TestNG.runSuites(TestNG.java:1092)
at org.testng.TestNG.run(TestNG.java:1060)
at org.testng.remote.AbstractRemoteTestNG.run(AbstractRemoteTestNG.java:115)
at org.testng.remote.RemoteTestNG.initAndRun(RemoteTestNG.java:251)
at org.testng.remote.RemoteTestNG.main(RemoteTestNG.java:77)
]]>
    </error>
  </testcase> <!-- GridVerification -->
  <system-out>
    <![CDATA[Test is starting ....
Logged in successfully
Running Filter ....]]>
  </system-out>
  <testcase classname="com.spokenly.digitarm.CallReportTest" name="GridVerification" time="12.182"/>
  <system-out>
    <![CDATA[Test is starting ....
Logged in successfully
Running Filter ....
Element is present ....]]>
  </system-out>
  <testcase classname="com.spokenly.digitarm.CallReportTest" name="GridVerification" time="9.262"/>
  <system-out>
    <![CDATA[Test is starting ....
Logged in successfully
Running Filter ....
Element is present ....]]>
  </system-out>
  <testcase classname="com.spokenly.digitarm.CallReportTest" name="GridVerification" time="7.347">
    <skipped/>
  </testcase> <!-- GridVerification -->
  <system-out>
    <![CDATA[Test is starting ....
Logged in successfully
Running Filter ....
Element is present ....]]>
  </system-out>
  <testcase classname="com.spokenly.digitarm.CallReportTest" name="GridVerification" time="9.600">
    <skipped/>
  </testcase> <!-- GridVerification -->
  <system-out>
    <![CDATA[Test is starting ....
Logged in successfully
Running Filter ....
Element is present ....]]>
  </system-out>
  <testcase classname="com.spokenly.digitarm.CallReportTest" name="GridVerification" time="9.672">
    <skipped/>
  </testcase> <!-- GridVerification -->
  <system-out>
    <![CDATA[Test is starting ....
Logged in successfully
Running Filter ....
Element is present ....]]>
  </system-out>
  <testcase classname="com.spokenly.digitarm.CallReportTest" name="GridVerification" time="5.751">
    <skipped/>
  </testcase> <!-- GridVerification -->
  <system-out>
    <![CDATA[Test is starting ....
Logged in successfully
Running Filter ....
Element is present ....]]>
  </system-out>
  <testcase classname="com.spokenly.digitarm.CallReportTest" name="GridVerification" time="5.541">
    <skipped/>
  </testcase> <!-- GridVerification -->
  <system-out>
    <![CDATA[Test is starting ....
Logged in successfully
Running Filter ....
Element is present ....]]>
  </system-out>
  <testcase classname="com.spokenly.digitarm.CallReportTest" name="GridVerification" time="34.355">
    <error message="no such element: Unable to locate element: {&quot;method&quot;:&quot;xpath&quot;,&quot;selector&quot;:&quot;//li[normalize-space()=&#039;BU_EN_GAZ_COURRIERS&#039;]&quot;}
  (Session info: chrome=101.0.4951.67)
For documentation on this error, please visit: https://selenium.dev/exceptions/#no_such_element
Build info: version: &#039;4.1.2&#039;, revision: &#039;9a5a329c5a&#039;
System info: host: &#039;DL-LP-36&#039;, ip: &#039;192.168.195.17&#039;, os.name: &#039;Windows 10&#039;, os.arch: &#039;amd64&#039;, os.version: &#039;10.0&#039;, java.version: &#039;17.0.2&#039;
Driver info: org.openqa.selenium.chrome.ChromeDriver
Command: [1721e64f093c6cb5904e4a6e97e1734d, findElement {using=xpath, value=//li[normalize-space()=&#039;BU_EN_GAZ_COURRIERS&#039;]}]
Capabilities {acceptInsecureCerts: false, browserName: chrome, browserVersion: 101.0.4951.67, chrome: {chromedriverVersion: 101.0.4951.41 (93c720db8323..., userDataDir: C:\Users\BN275D~1.MOH\AppDa...}, goog:chromeOptions: {debuggerAddress: localhost:59516}, javascriptEnabled: true, networkConnectionEnabled: false, pageLoadStrategy: normal, platform: WINDOWS, platformName: WINDOWS, proxy: Proxy(), se:cdp: ws://localhost:59516/devtoo..., se:cdpVersion: 101.0.4951.67, setWindowRect: true, strictFileInteractability: false, timeouts: {implicit: 0, pageLoad: 300000, script: 30000}, unhandledPromptBehavior: dismiss and notify, webauthn:extension:credBlob: true, webauthn:extension:largeBlob: true, webauthn:virtualAuthenticators: true}
Session ID: 1721e64f093c6cb5904e4a6e97e1734d" type="org.openqa.selenium.NoSuchElementException">
      <![CDATA[org.openqa.selenium.NoSuchElementException: no such element: Unable to locate element: {"method":"xpath","selector":"//li[normalize-space()='BU_EN_GAZ_COURRIERS']"}
  (Session info: chrome=101.0.4951.67)
For documentation on this error, please visit: https://selenium.dev/exceptions/#no_such_element
Build info: version: '4.1.2', revision: '9a5a329c5a'
System info: host: 'DL-LP-36', ip: '192.168.195.17', os.name: 'Windows 10', os.arch: 'amd64', os.version: '10.0', java.version: '17.0.2'
Driver info: org.openqa.selenium.chrome.ChromeDriver
Command: [1721e64f093c6cb5904e4a6e97e1734d, findElement {using=xpath, value=//li[normalize-space()='BU_EN_GAZ_COURRIERS']}]
Capabilities {acceptInsecureCerts: false, browserName: chrome, browserVersion: 101.0.4951.67, chrome: {chromedriverVersion: 101.0.4951.41 (93c720db8323..., userDataDir: C:\Users\BN275D~1.MOH\AppDa...}, goog:chromeOptions: {debuggerAddress: localhost:59516}, javascriptEnabled: true, networkConnectionEnabled: false, pageLoadStrategy: normal, platform: WINDOWS, platformName: WINDOWS, proxy: Proxy(), se:cdp: ws://localhost:59516/devtoo..., se:cdpVersion: 101.0.4951.67, setWindowRect: true, strictFileInteractability: false, timeouts: {implicit: 0, pageLoad: 300000, script: 30000}, unhandledPromptBehavior: dismiss and notify, webauthn:extension:credBlob: true, webauthn:extension:largeBlob: true, webauthn:virtualAuthenticators: true}
Session ID: 1721e64f093c6cb5904e4a6e97e1734d
at java.base/jdk.internal.reflect.NativeConstructorAccessorImpl.newInstance0(Native Method)
at java.base/jdk.internal.reflect.NativeConstructorAccessorImpl.newInstance(NativeConstructorAccessorImpl.java:77)
at java.base/jdk.internal.reflect.DelegatingConstructorAccessorImpl.newInstance(DelegatingConstructorAccessorImpl.java:45)
at java.base/java.lang.reflect.Constructor.newInstanceWithCaller(Constructor.java:499)
at java.base/java.lang.reflect.Constructor.newInstance(Constructor.java:480)
at org.openqa.selenium.remote.codec.w3c.W3CHttpResponseCodec.createException(W3CHttpResponseCodec.java:200)
at org.openqa.selenium.remote.codec.w3c.W3CHttpResponseCodec.decode(W3CHttpResponseCodec.java:133)
at org.openqa.selenium.remote.codec.w3c.W3CHttpResponseCodec.decode(W3CHttpResponseCodec.java:53)
at org.openqa.selenium.remote.HttpCommandExecutor.execute(HttpCommandExecutor.java:184)
at org.openqa.selenium.remote.service.DriverCommandExecutor.invokeExecute(DriverCommandExecutor.java:167)
at org.openqa.selenium.remote.service.DriverCommandExecutor.execute(DriverCommandExecutor.java:142)
at org.openqa.selenium.remote.RemoteWebDriver.execute(RemoteWebDriver.java:558)
at org.openqa.selenium.remote.ElementLocation$ElementFinder$2.findElement(ElementLocation.java:162)
at org.openqa.selenium.remote.ElementLocation.findElement(ElementLocation.java:60)
at org.openqa.selenium.remote.RemoteWebDriver.findElement(RemoteWebDriver.java:382)
at org.openqa.selenium.remote.RemoteWebDriver.findElement(RemoteWebDriver.java:374)
at pageObject.CallReportPO.FilterSearchWithActivity(CallReportPO.java:134)
at com.spokenly.digitarm.CallReportTest.GridVerification(CallReportTest.java:91)
at jdk.internal.reflect.GeneratedMethodAccessor5.invoke(Unknown Source)
at java.base/jdk.internal.reflect.DelegatingMethodAccessorImpl.invoke(DelegatingMethodAccessorImpl.java:43)
at java.base/java.lang.reflect.Method.invoke(Method.java:568)
at org.testng.internal.invokers.MethodInvocationHelper.invokeMethod(MethodInvocationHelper.java:135)
at org.testng.internal.invokers.TestInvoker.invokeMethod(TestInvoker.java:673)
at org.testng.internal.invokers.TestInvoker.invokeTestMethod(TestInvoker.java:220)
at org.testng.internal.invokers.MethodRunner.runInSequence(MethodRunner.java:50)
at org.testng.internal.invokers.TestInvoker$MethodInvocationAgent.invoke(TestInvoker.java:945)
at org.testng.internal.invokers.TestInvoker.invokeTestMethods(TestInvoker.java:193)
at org.testng.internal.invokers.TestMethodWorker.invokeTestMethods(TestMethodWorker.java:146)
at org.testng.internal.invokers.TestMethodWorker.run(TestMethodWorker.java:128)
at java.base/java.util.ArrayList.forEach(ArrayList.java:1511)
at org.testng.TestRunner.privateRun(TestRunner.java:808)
at org.testng.TestRunner.run(TestRunner.java:603)
at org.testng.SuiteRunner.runTest(SuiteRunner.java:429)
at org.testng.SuiteRunner.runSequentially(SuiteRunner.java:423)
at org.testng.SuiteRunner.privateRun(SuiteRunner.java:383)
at org.testng.SuiteRunner.run(SuiteRunner.java:326)
at org.testng.SuiteRunnerWorker.runSuite(SuiteRunnerWorker.java:52)
at org.testng.SuiteRunnerWorker.run(SuiteRunnerWorker.java:95)
at org.testng.TestNG.runSuitesSequentially(TestNG.java:1249)
at org.testng.TestNG.runSuitesLocally(TestNG.java:1169)
at org.testng.TestNG.runSuites(TestNG.java:1092)
at org.testng.TestNG.run(TestNG.java:1060)
at org.testng.remote.AbstractRemoteTestNG.run(AbstractRemoteTestNG.java:115)
at org.testng.remote.RemoteTestNG.initAndRun(RemoteTestNG.java:251)
at org.testng.remote.RemoteTestNG.main(RemoteTestNG.java:77)
]]>
    </error>
  </testcase> <!-- GridVerification -->
  <system-out>
    <![CDATA[Test is starting ....
Logged in successfully
Running Filter ....]]>
  </system-out>
  <testcase classname="com.spokenly.digitarm.CallReportTest" name="GridVerification" time="34.608">
    <error message="no such element: Unable to locate element: {&quot;method&quot;:&quot;xpath&quot;,&quot;selector&quot;:&quot;//li[normalize-space()=&#039;BU_EN_GAZ_COURRIERS DIFFUSIONS&#039;]&quot;}
  (Session info: chrome=101.0.4951.67)
For documentation on this error, please visit: https://selenium.dev/exceptions/#no_such_element
Build info: version: &#039;4.1.2&#039;, revision: &#039;9a5a329c5a&#039;
System info: host: &#039;DL-LP-36&#039;, ip: &#039;192.168.195.17&#039;, os.name: &#039;Windows 10&#039;, os.arch: &#039;amd64&#039;, os.version: &#039;10.0&#039;, java.version: &#039;17.0.2&#039;
Driver info: org.openqa.selenium.chrome.ChromeDriver
Command: [557cb3d17e4001b95d8529741d7ba0a7, findElement {using=xpath, value=//li[normalize-space()=&#039;BU_EN_GAZ_COURRIERS DIFFUSIONS&#039;]}]
Capabilities {acceptInsecureCerts: false, browserName: chrome, browserVersion: 101.0.4951.67, chrome: {chromedriverVersion: 101.0.4951.41 (93c720db8323..., userDataDir: C:\Users\BN275D~1.MOH\AppDa...}, goog:chromeOptions: {debuggerAddress: localhost:60107}, javascriptEnabled: true, networkConnectionEnabled: false, pageLoadStrategy: normal, platform: WINDOWS, platformName: WINDOWS, proxy: Proxy(), se:cdp: ws://localhost:60107/devtoo..., se:cdpVersion: 101.0.4951.67, setWindowRect: true, strictFileInteractability: false, timeouts: {implicit: 0, pageLoad: 300000, script: 30000}, unhandledPromptBehavior: dismiss and notify, webauthn:extension:credBlob: true, webauthn:extension:largeBlob: true, webauthn:virtualAuthenticators: true}
Session ID: 557cb3d17e4001b95d8529741d7ba0a7" type="org.openqa.selenium.NoSuchElementException">
      <![CDATA[org.openqa.selenium.NoSuchElementException: no such element: Unable to locate element: {"method":"xpath","selector":"//li[normalize-space()='BU_EN_GAZ_COURRIERS DIFFUSIONS']"}
  (Session info: chrome=101.0.4951.67)
For documentation on this error, please visit: https://selenium.dev/exceptions/#no_such_element
Build info: version: '4.1.2', revision: '9a5a329c5a'
System info: host: 'DL-LP-36', ip: '192.168.195.17', os.name: 'Windows 10', os.arch: 'amd64', os.version: '10.0', java.version: '17.0.2'
Driver info: org.openqa.selenium.chrome.ChromeDriver
Command: [557cb3d17e4001b95d8529741d7ba0a7, findElement {using=xpath, value=//li[normalize-space()='BU_EN_GAZ_COURRIERS DIFFUSIONS']}]
Capabilities {acceptInsecureCerts: false, browserName: chrome, browserVersion: 101.0.4951.67, chrome: {chromedriverVersion: 101.0.4951.41 (93c720db8323..., userDataDir: C:\Users\BN275D~1.MOH\AppDa...}, goog:chromeOptions: {debuggerAddress: localhost:60107}, javascriptEnabled: true, networkConnectionEnabled: false, pageLoadStrategy: normal, platform: WINDOWS, platformName: WINDOWS, proxy: Proxy(), se:cdp: ws://localhost:60107/devtoo..., se:cdpVersion: 101.0.4951.67, setWindowRect: true, strictFileInteractability: false, timeouts: {implicit: 0, pageLoad: 300000, script: 30000}, unhandledPromptBehavior: dismiss and notify, webauthn:extension:credBlob: true, webauthn:extension:largeBlob: true, webauthn:virtualAuthenticators: true}
Session ID: 557cb3d17e4001b95d8529741d7ba0a7
at jdk.internal.reflect.GeneratedConstructorAccessor55.newInstance(Unknown Source)
at java.base/jdk.internal.reflect.DelegatingConstructorAccessorImpl.newInstance(DelegatingConstructorAccessorImpl.java:45)
at java.base/java.lang.reflect.Constructor.newInstanceWithCaller(Constructor.java:499)
at java.base/java.lang.reflect.Constructor.newInstance(Constructor.java:480)
at org.openqa.selenium.remote.codec.w3c.W3CHttpResponseCodec.createException(W3CHttpResponseCodec.java:200)
at org.openqa.selenium.remote.codec.w3c.W3CHttpResponseCodec.decode(W3CHttpResponseCodec.java:133)
at org.openqa.selenium.remote.codec.w3c.W3CHttpResponseCodec.decode(W3CHttpResponseCodec.java:53)
at org.openqa.selenium.remote.HttpCommandExecutor.execute(HttpCommandExecutor.java:184)
at org.openqa.selenium.remote.service.DriverCommandExecutor.invokeExecute(DriverCommandExecutor.java:167)
at org.openqa.selenium.remote.service.DriverCommandExecutor.execute(DriverCommandExecutor.java:142)
at org.openqa.selenium.remote.RemoteWebDriver.execute(RemoteWebDriver.java:558)
at org.openqa.selenium.remote.ElementLocation$ElementFinder$2.findElement(ElementLocation.java:162)
at org.openqa.selenium.remote.ElementLocation.findElement(ElementLocation.java:60)
at org.openqa.selenium.remote.RemoteWebDriver.findElement(RemoteWebDriver.java:382)
at org.openqa.selenium.remote.RemoteWebDriver.findElement(RemoteWebDriver.java:374)
at pageObject.CallReportPO.FilterSearchWithActivity(CallReportPO.java:134)
at com.spokenly.digitarm.CallReportTest.GridVerification(CallReportTest.java:91)
at jdk.internal.reflect.GeneratedMethodAccessor5.invoke(Unknown Source)
at java.base/jdk.internal.reflect.DelegatingMethodAccessorImpl.invoke(DelegatingMethodAccessorImpl.java:43)
at java.base/java.lang.reflect.Method.invoke(Method.java:568)
at org.testng.internal.invokers.MethodInvocationHelper.invokeMethod(MethodInvocationHelper.java:135)
at org.testng.internal.invokers.TestInvoker.invokeMethod(TestInvoker.java:673)
at org.testng.internal.invokers.TestInvoker.invokeTestMethod(TestInvoker.java:220)
at org.testng.internal.invokers.MethodRunner.runInSequence(MethodRunner.java:50)
at org.testng.internal.invokers.TestInvoker$MethodInvocationAgent.invoke(TestInvoker.java:945)
at org.testng.internal.invokers.TestInvoker.invokeTestMethods(TestInvoker.java:193)
at org.testng.internal.invokers.TestMethodWorker.invokeTestMethods(TestMethodWorker.java:146)
at org.testng.internal.invokers.TestMethodWorker.run(TestMethodWorker.java:128)
at java.base/java.util.ArrayList.forEach(ArrayList.java:1511)
at org.testng.TestRunner.privateRun(TestRunner.java:808)
at org.testng.TestRunner.run(TestRunner.java:603)
at org.testng.SuiteRunner.runTest(SuiteRunner.java:429)
at org.testng.SuiteRunner.runSequentially(SuiteRunner.java:423)
at org.testng.SuiteRunner.privateRun(SuiteRunner.java:383)
at org.testng.SuiteRunner.run(SuiteRunner.java:326)
at org.testng.SuiteRunnerWorker.runSuite(SuiteRunnerWorker.java:52)
at org.testng.SuiteRunnerWorker.run(SuiteRunnerWorker.java:95)
at org.testng.TestNG.runSuitesSequentially(TestNG.java:1249)
at org.testng.TestNG.runSuitesLocally(TestNG.java:1169)
at org.testng.TestNG.runSuites(TestNG.java:1092)
at org.testng.TestNG.run(TestNG.java:1060)
at org.testng.remote.AbstractRemoteTestNG.run(AbstractRemoteTestNG.java:115)
at org.testng.remote.RemoteTestNG.initAndRun(RemoteTestNG.java:251)
at org.testng.remote.RemoteTestNG.main(RemoteTestNG.java:77)
]]>
    </error>
  </testcase> <!-- GridVerification -->
  <system-out>
    <![CDATA[Test is starting ....
Logged in successfully
Running Filter ....]]>
  </system-out>
  <testcase classname="com.spokenly.digitarm.CallReportTest" name="GridVerification" time="6.384">
    <skipped/>
  </testcase> <!-- GridVerification -->
  <system-out>
    <![CDATA[Test is starting ....
Logged in successfully
Running Filter ....
Element is present ....]]>
  </system-out>
  <testcase classname="com.spokenly.digitarm.CallReportTest" name="GridVerification" time="6.535">
    <skipped/>
  </testcase> <!-- GridVerification -->
  <system-out>
    <![CDATA[Test is starting ....
Logged in successfully
Running Filter ....
Element is present ....]]>
  </system-out>
  <testcase classname="com.spokenly.digitarm.CallReportTest" name="GridVerification" time="14.181"/>
  <system-out>
    <![CDATA[Test is starting ....
Logged in successfully
Running Filter ....
Element is present ....]]>
  </system-out>
  <testcase classname="com.spokenly.digitarm.CallReportTest" name="GridVerification" time="8.046">
    <skipped/>
  </testcase> <!-- GridVerification -->
  <system-out>
    <![CDATA[Test is starting ....
Logged in successfully
Running Filter ....
Element is present ....]]>
  </system-out>
  <testcase classname="com.spokenly.digitarm.CallReportTest" name="GridVerification" time="9.651">
    <skipped/>
  </testcase> <!-- GridVerification -->
  <system-out>
    <![CDATA[Test is starting ....
Logged in successfully
Running Filter ....
Element is present ....]]>
  </system-out>
  <testcase classname="com.spokenly.digitarm.CallReportTest" name="GridVerification" time="8.167"/>
  <system-out>
    <![CDATA[Test is starting ....
Logged in successfully
Running Filter ....
Element is present ....]]>
  </system-out>
  <testcase classname="com.spokenly.digitarm.CallReportTest" name="GridVerification" time="6.015">
    <skipped/>
  </testcase> <!-- GridVerification -->
  <system-out>
    <![CDATA[Test is starting ....
Logged in successfully
Running Filter ....
Element is present ....]]>
  </system-out>
  <testcase classname="com.spokenly.digitarm.CallReportTest" name="GridVerification" time="5.750">
    <skipped/>
  </testcase> <!-- GridVerification -->
  <system-out>
    <![CDATA[Test is starting ....
Logged in successfully
Running Filter ....
Element is present ....]]>
  </system-out>
  <testcase classname="com.spokenly.digitarm.CallReportTest" name="GridVerification" time="5.707">
    <skipped/>
  </testcase> <!-- GridVerification -->
  <system-out>
    <![CDATA[Test is starting ....
Logged in successfully
Running Filter ....
Element is present ....]]>
  </system-out>
  <testcase classname="com.spokenly.digitarm.CallReportTest" name="GridVerification" time="5.992">
    <skipped/>
  </testcase> <!-- GridVerification -->
  <system-out>
    <![CDATA[Test is starting ....
Logged in successfully
Running Filter ....
Element is present ....]]>
  </system-out>
  <testcase classname="com.spokenly.digitarm.CallReportTest" name="GridVerification" time="5.659">
    <skipped/>
  </testcase> <!-- GridVerification -->
  <system-out>
    <![CDATA[Test is starting ....
Logged in successfully
Running Filter ....
Element is present ....]]>
  </system-out>
  <testcase classname="com.spokenly.digitarm.CallReportTest" name="GridVerification" time="8.999"/>
  <system-out>
    <![CDATA[Test is starting ....
Logged in successfully
Running Filter ....
Element is present ....]]>
  </system-out>
  <testcase classname="com.spokenly.digitarm.CallReportTest" name="GridVerification" time="5.800">
    <skipped/>
  </testcase> <!-- GridVerification -->
  <system-out>
    <![CDATA[Test is starting ....
Logged in successfully
Running Filter ....
Element is present ....]]>
  </system-out>
  <testcase classname="com.spokenly.digitarm.CallReportTest" name="GridVerification" time="5.569">
    <skipped/>
  </testcase> <!-- GridVerification -->
  <system-out>
    <![CDATA[Test is starting ....
Logged in successfully
Running Filter ....
Element is present ....]]>
  </system-out>
  <testcase classname="com.spokenly.digitarm.CallReportTest" name="GridVerification" time="6.820">
    <skipped/>
  </testcase> <!-- GridVerification -->
  <system-out>
    <![CDATA[Test is starting ....
Logged in successfully
Running Filter ....
Element is present ....]]>
  </system-out>
  <testcase classname="com.spokenly.digitarm.CallReportTest" name="GridVerification" time="5.458">
    <skipped/>
  </testcase> <!-- GridVerification -->
  <system-out>
    <![CDATA[Test is starting ....
Logged in successfully
Running Filter ....
Element is present ....]]>
  </system-out>
  <testcase classname="com.spokenly.digitarm.CallReportTest" name="GridVerification" time="7.767"/>
  <system-out>
    <![CDATA[Test is starting ....
Logged in successfully
Running Filter ....
Element is present ....]]>
  </system-out>
  <testcase classname="com.spokenly.digitarm.CallReportTest" name="GridVerification" time="5.602">
    <skipped/>
  </testcase> <!-- GridVerification -->
  <system-out>
    <![CDATA[Test is starting ....
Logged in successfully
Running Filter ....
Element is present ....]]>
  </system-out>
  <testcase classname="com.spokenly.digitarm.CallReportTest" name="GridVerification" time="10.118">
    <skipped/>
  </testcase> <!-- GridVerification -->
  <system-out>
    <![CDATA[Test is starting ....
Logged in successfully
Running Filter ....
Element is present ....]]>
  </system-out>
  <testcase classname="com.spokenly.digitarm.CallReportTest" name="GridVerification" time="5.627">
    <skipped/>
  </testcase> <!-- GridVerification -->
  <system-out>
    <![CDATA[Test is starting ....
Logged in successfully
Running Filter ....
Element is present ....]]>
  </system-out>
</testsuite> <!-- com.spokenly.digitarm.CallReportTest -->
